{"/Users/putinan/development/DevOps/develop/main_frontend/concert1/app/components/CartEach.vue": {"path":"/Users/putinan/development/DevOps/develop/main_frontend/concert1/app/components/CartEach.vue","all":false,"statementMap":{"1":{"start":{"line":2,"column":0},"end":{"line":2,"column":9}},"2":{"start":{"line":3,"column":0},"end":{"line":3,"column":38}},"3":{"start":{"line":4,"column":0},"end":{"line":4,"column":18}},"4":{"start":{"line":5,"column":0},"end":{"line":5,"column":26}},"5":{"start":{"line":6,"column":0},"end":{"line":6,"column":179}},"6":{"start":{"line":7,"column":0},"end":{"line":7,"column":26}},"7":{"start":{"line":8,"column":0},"end":{"line":8,"column":14}},"8":{"start":{"line":9,"column":0},"end":{"line":9,"column":10}}},"s":{"1":1,"2":1,"3":1,"4":1,"5":1,"6":1,"7":1,"8":1},"branchMap":{"0":{"type":"branch","line":5,"loc":{"start":{"line":5,"column":21},"end":{"line":5,"column":26}},"locations":[{"start":{"line":5,"column":21},"end":{"line":5,"column":26}}]}},"b":{"0":[1]},"fnMap":{"0":{"name":"onUpdate:modelValue._cache.<computed>._cache.<computed>","decl":{"start":{"line":5,"column":21},"end":{"line":5,"column":26}},"loc":{"start":{"line":5,"column":21},"end":{"line":5,"column":26}},"line":5}},"f":{"0":1}}
,"/Users/putinan/development/DevOps/develop/main_frontend/concert1/app/components/CategoriesTop.vue": {"path":"/Users/putinan/development/DevOps/develop/main_frontend/concert1/app/components/CategoriesTop.vue","all":false,"statementMap":{"1":{"start":{"line":2,"column":0},"end":{"line":2,"column":28}},"2":{"start":{"line":3,"column":0},"end":{"line":3,"column":22}},"3":{"start":{"line":4,"column":0},"end":{"line":4,"column":17}},"4":{"start":{"line":5,"column":0},"end":{"line":5,"column":81}},"5":{"start":{"line":6,"column":0},"end":{"line":6,"column":43}},"6":{"start":{"line":7,"column":0},"end":{"line":7,"column":26}},"7":{"start":{"line":8,"column":0},"end":{"line":8,"column":14}},"8":{"start":{"line":9,"column":0},"end":{"line":9,"column":70}},"9":{"start":{"line":10,"column":0},"end":{"line":10,"column":10}}},"s":{"1":1,"2":1,"3":1,"4":1,"5":1,"6":1,"7":1,"8":1,"9":1},"branchMap":{},"b":{},"fnMap":{},"f":{}}
,"/Users/putinan/development/DevOps/develop/main_frontend/concert1/app/components/DatabaseInfo.vue": {"path":"/Users/putinan/development/DevOps/develop/main_frontend/concert1/app/components/DatabaseInfo.vue","all":false,"statementMap":{"1":{"start":{"line":2,"column":0},"end":{"line":2,"column":36}},"2":{"start":{"line":3,"column":0},"end":{"line":3,"column":51}},"3":{"start":{"line":4,"column":0},"end":{"line":4,"column":80}},"5":{"start":{"line":6,"column":0},"end":{"line":6,"column":14}},"6":{"start":{"line":7,"column":0},"end":{"line":7,"column":34}},"7":{"start":{"line":8,"column":0},"end":{"line":8,"column":17}},"12":{"start":{"line":13,"column":0},"end":{"line":13,"column":71}},"13":{"start":{"line":14,"column":0},"end":{"line":14,"column":15}},"15":{"start":{"line":16,"column":0},"end":{"line":16,"column":52}},"86":{"start":{"line":87,"column":0},"end":{"line":87,"column":76}},"87":{"start":{"line":88,"column":0},"end":{"line":88,"column":76}},"89":{"start":{"line":90,"column":0},"end":{"line":90,"column":54}},"91":{"start":{"line":92,"column":0},"end":{"line":92,"column":16}},"93":{"start":{"line":94,"column":0},"end":{"line":94,"column":87}},"94":{"start":{"line":95,"column":0},"end":{"line":95,"column":17}},"95":{"start":{"line":96,"column":0},"end":{"line":96,"column":36}},"96":{"start":{"line":97,"column":0},"end":{"line":97,"column":33}},"97":{"start":{"line":98,"column":0},"end":{"line":98,"column":54}},"99":{"start":{"line":100,"column":0},"end":{"line":100,"column":61}},"100":{"start":{"line":101,"column":0},"end":{"line":101,"column":80}},"101":{"start":{"line":102,"column":0},"end":{"line":102,"column":83}},"102":{"start":{"line":103,"column":0},"end":{"line":103,"column":20}},"103":{"start":{"line":104,"column":0},"end":{"line":104,"column":73}},"104":{"start":{"line":105,"column":0},"end":{"line":105,"column":113}},"105":{"start":{"line":106,"column":0},"end":{"line":106,"column":18}},"106":{"start":{"line":107,"column":0},"end":{"line":107,"column":16}},"108":{"start":{"line":109,"column":0},"end":{"line":109,"column":46}},"110":{"start":{"line":111,"column":0},"end":{"line":111,"column":16}},"112":{"start":{"line":113,"column":0},"end":{"line":113,"column":18}},"113":{"start":{"line":114,"column":0},"end":{"line":114,"column":31}},"114":{"start":{"line":115,"column":0},"end":{"line":115,"column":95}},"115":{"start":{"line":116,"column":0},"end":{"line":116,"column":11}},"117":{"start":{"line":118,"column":0},"end":{"line":118,"column":19}},"118":{"start":{"line":119,"column":0},"end":{"line":119,"column":14}},"119":{"start":{"line":120,"column":0},"end":{"line":120,"column":12}},"120":{"start":{"line":121,"column":0},"end":{"line":121,"column":10}},"121":{"start":{"line":122,"column":0},"end":{"line":122,"column":8}},"125":{"start":{"line":126,"column":0},"end":{"line":126,"column":36}},"126":{"start":{"line":127,"column":0},"end":{"line":127,"column":25}},"128":{"start":{"line":129,"column":0},"end":{"line":129,"column":34}},"129":{"start":{"line":130,"column":0},"end":{"line":130,"column":21}},"130":{"start":{"line":131,"column":0},"end":{"line":131,"column":26}},"132":{"start":{"line":133,"column":0},"end":{"line":133,"column":33}},"133":{"start":{"line":134,"column":0},"end":{"line":134,"column":48}},"134":{"start":{"line":135,"column":0},"end":{"line":135,"column":58}},"135":{"start":{"line":136,"column":0},"end":{"line":136,"column":16}},"136":{"start":{"line":137,"column":0},"end":{"line":137,"column":3}},"137":{"start":{"line":138,"column":0},"end":{"line":138,"column":1}},"139":{"start":{"line":140,"column":0},"end":{"line":140,"column":32}},"140":{"start":{"line":141,"column":0},"end":{"line":141,"column":22}},"141":{"start":{"line":142,"column":0},"end":{"line":142,"column":7}},"142":{"start":{"line":143,"column":0},"end":{"line":143,"column":71}},"143":{"start":{"line":144,"column":0},"end":{"line":144,"column":31}},"144":{"start":{"line":145,"column":0},"end":{"line":145,"column":19}},"145":{"start":{"line":146,"column":0},"end":{"line":146,"column":49}},"146":{"start":{"line":147,"column":0},"end":{"line":147,"column":20}},"147":{"start":{"line":148,"column":0},"end":{"line":148,"column":13}},"148":{"start":{"line":149,"column":0},"end":{"line":149,"column":25}},"149":{"start":{"line":150,"column":0},"end":{"line":150,"column":3}},"150":{"start":{"line":151,"column":0},"end":{"line":151,"column":1}}},"s":{"1":1,"2":1,"3":1,"5":1,"6":1,"7":1,"12":1,"13":1,"15":1,"86":1,"87":1,"89":1,"91":15,"93":15,"94":5,"95":5,"96":5,"97":5,"99":5,"100":5,"101":5,"102":5,"103":5,"104":5,"105":5,"106":5,"108":15,"110":10,"112":1,"113":1,"114":1,"115":1,"117":1,"118":1,"119":1,"120":1,"121":1,"125":1,"126":1,"128":1,"129":1,"130":1,"132":1,"133":15,"134":15,"135":14,"136":14,"137":15,"139":1,"140":15,"141":15,"142":15,"143":13,"144":15,"145":10,"146":10,"147":15,"148":15,"149":15,"150":15},"branchMap":{"0":{"type":"branch","line":133,"loc":{"start":{"line":133,"column":26},"end":{"line":138,"column":1}},"locations":[{"start":{"line":133,"column":26},"end":{"line":138,"column":1}}]},"1":{"type":"branch","line":135,"loc":{"start":{"line":135,"column":22},"end":{"line":135,"column":57}},"locations":[{"start":{"line":135,"column":22},"end":{"line":135,"column":57}}]},"2":{"type":"branch","line":135,"loc":{"start":{"line":135,"column":57},"end":{"line":137,"column":3}},"locations":[{"start":{"line":135,"column":57},"end":{"line":137,"column":3}}]},"3":{"type":"branch","line":140,"loc":{"start":{"line":140,"column":19},"end":{"line":151,"column":1}},"locations":[{"start":{"line":140,"column":19},"end":{"line":151,"column":1}}]},"4":{"type":"branch","line":143,"loc":{"start":{"line":143,"column":70},"end":{"line":145,"column":11}},"locations":[{"start":{"line":143,"column":70},"end":{"line":145,"column":11}}]},"5":{"type":"branch","line":145,"loc":{"start":{"line":145,"column":2},"end":{"line":148,"column":4}},"locations":[{"start":{"line":145,"column":2},"end":{"line":148,"column":4}}]},"6":{"type":"branch","line":13,"loc":{"start":{"line":13,"column":11},"end":{"line":13,"column":71}},"locations":[{"start":{"line":13,"column":11},"end":{"line":13,"column":71}}]},"7":{"type":"branch","line":13,"loc":{"start":{"line":13,"column":26},"end":{"line":13,"column":71}},"locations":[{"start":{"line":13,"column":26},"end":{"line":13,"column":71}}]},"8":{"type":"branch","line":90,"loc":{"start":{"line":90,"column":21},"end":{"line":92,"column":16}},"locations":[{"start":{"line":90,"column":21},"end":{"line":92,"column":16}}]},"9":{"type":"branch","line":92,"loc":{"start":{"line":92,"column":10},"end":{"line":111,"column":16}},"locations":[{"start":{"line":92,"column":10},"end":{"line":111,"column":16}}]},"10":{"type":"branch","line":94,"loc":{"start":{"line":94,"column":38},"end":{"line":109,"column":22}},"locations":[{"start":{"line":94,"column":38},"end":{"line":109,"column":22}}]},"11":{"type":"branch","line":109,"loc":{"start":{"line":109,"column":10},"end":{"line":111,"column":16}},"locations":[{"start":{"line":109,"column":10},"end":{"line":111,"column":16}}]}},"b":{"0":[15],"1":[14],"2":[14],"3":[15],"4":[13],"5":[10],"6":[30],"7":[19],"8":[15],"9":[15],"10":[5],"11":[10]},"fnMap":{"0":{"name":"toggleCredentials","decl":{"start":{"line":133,"column":26},"end":{"line":138,"column":1}},"loc":{"start":{"line":133,"column":26},"end":{"line":138,"column":1}},"line":133},"1":{"name":"fetchUsers","decl":{"start":{"line":140,"column":19},"end":{"line":151,"column":1}},"loc":{"start":{"line":140,"column":19},"end":{"line":151,"column":1}},"line":140}},"f":{"0":15,"1":15}}
,"/Users/putinan/development/DevOps/develop/main_frontend/concert1/app/components/EmptyState.vue": {"path":"/Users/putinan/development/DevOps/develop/main_frontend/concert1/app/components/EmptyState.vue","all":false,"statementMap":{"1":{"start":{"line":2,"column":0},"end":{"line":2,"column":38}},"2":{"start":{"line":3,"column":0},"end":{"line":3,"column":34}},"3":{"start":{"line":4,"column":0},"end":{"line":4,"column":35}},"4":{"start":{"line":5,"column":0},"end":{"line":5,"column":24}},"5":{"start":{"line":6,"column":0},"end":{"line":6,"column":66}},"6":{"start":{"line":7,"column":0},"end":{"line":7,"column":73}},"7":{"start":{"line":8,"column":0},"end":{"line":8,"column":79}},"8":{"start":{"line":9,"column":0},"end":{"line":9,"column":45}},"9":{"start":{"line":10,"column":0},"end":{"line":10,"column":12}},"11":{"start":{"line":12,"column":0},"end":{"line":12,"column":20}},"12":{"start":{"line":13,"column":0},"end":{"line":13,"column":56}},"13":{"start":{"line":14,"column":0},"end":{"line":14,"column":19}},"14":{"start":{"line":15,"column":0},"end":{"line":15,"column":11}},"16":{"start":{"line":17,"column":0},"end":{"line":17,"column":26}},"17":{"start":{"line":18,"column":0},"end":{"line":18,"column":36}},"18":{"start":{"line":19,"column":0},"end":{"line":19,"column":25}},"19":{"start":{"line":20,"column":0},"end":{"line":20,"column":10}},"21":{"start":{"line":22,"column":0},"end":{"line":22,"column":28}},"22":{"start":{"line":23,"column":0},"end":{"line":23,"column":15}},"23":{"start":{"line":24,"column":0},"end":{"line":24,"column":25}},"24":{"start":{"line":25,"column":0},"end":{"line":25,"column":24}},"25":{"start":{"line":26,"column":0},"end":{"line":26,"column":207}},"27":{"start":{"line":28,"column":0},"end":{"line":28,"column":37}},"28":{"start":{"line":29,"column":0},"end":{"line":29,"column":83}},"29":{"start":{"line":30,"column":0},"end":{"line":30,"column":111}},"30":{"start":{"line":31,"column":0},"end":{"line":31,"column":14}},"31":{"start":{"line":32,"column":0},"end":{"line":32,"column":17}},"33":{"start":{"line":34,"column":0},"end":{"line":34,"column":31}},"34":{"start":{"line":35,"column":0},"end":{"line":35,"column":13}},"35":{"start":{"line":36,"column":0},"end":{"line":36,"column":30}},"36":{"start":{"line":37,"column":0},"end":{"line":37,"column":42}},"37":{"start":{"line":38,"column":0},"end":{"line":38,"column":170}},"39":{"start":{"line":40,"column":0},"end":{"line":40,"column":27}},"40":{"start":{"line":41,"column":0},"end":{"line":41,"column":15}},"41":{"start":{"line":42,"column":0},"end":{"line":42,"column":10}},"42":{"start":{"line":43,"column":0},"end":{"line":43,"column":8}}},"s":{"1":1,"2":1,"3":1,"4":1,"5":1,"6":1,"7":1,"8":1,"9":1,"11":1,"12":1,"13":1,"14":1,"16":1,"17":1,"18":1,"19":1,"21":1,"22":1,"23":1,"24":1,"25":1,"27":1,"28":1,"29":1,"30":1,"31":1,"33":1,"34":1,"35":1,"36":1,"37":1,"39":1,"40":1,"41":1,"42":1},"branchMap":{"0":{"type":"branch","line":36,"loc":{"start":{"line":36,"column":14},"end":{"line":40,"column":27}},"locations":[{"start":{"line":36,"column":14},"end":{"line":40,"column":27}}]},"1":{"type":"branch","line":40,"loc":{"start":{"line":40,"column":24},"end":{"line":40,"column":27}},"locations":[{"start":{"line":40,"column":24},"end":{"line":40,"column":27}}]},"2":{"type":"branch","line":37,"loc":{"start":{"line":37,"column":14},"end":{"line":37,"column":42}},"locations":[{"start":{"line":37,"column":14},"end":{"line":37,"column":42}}]}},"b":{"0":[1],"1":[9],"2":[1]},"fnMap":{"0":{"name":"$props.secondaryAction.onClick._cache.<computed>._cache.<computed>","decl":{"start":{"line":37,"column":14},"end":{"line":37,"column":42}},"loc":{"start":{"line":37,"column":14},"end":{"line":37,"column":42}},"line":37}},"f":{"0":1}}
,"/Users/putinan/development/DevOps/develop/main_frontend/concert1/app/components/EventCardSkeleton.vue": {"path":"/Users/putinan/development/DevOps/develop/main_frontend/concert1/app/components/EventCardSkeleton.vue","all":false,"statementMap":{"1":{"start":{"line":2,"column":0},"end":{"line":2,"column":29}},"12":{"start":{"line":13,"column":0},"end":{"line":13,"column":8}}},"s":{"1":1,"12":1},"branchMap":{},"b":{},"fnMap":{},"f":{}}
,"/Users/putinan/development/DevOps/develop/main_frontend/concert1/app/components/Login.vue": {"path":"/Users/putinan/development/DevOps/develop/main_frontend/concert1/app/components/Login.vue","all":false,"statementMap":{"1":{"start":{"line":2,"column":0},"end":{"line":2,"column":37}},"2":{"start":{"line":3,"column":0},"end":{"line":3,"column":48}},"4":{"start":{"line":5,"column":0},"end":{"line":5,"column":70}},"6":{"start":{"line":7,"column":0},"end":{"line":7,"column":21}},"7":{"start":{"line":8,"column":0},"end":{"line":8,"column":24}},"8":{"start":{"line":9,"column":0},"end":{"line":9,"column":29}},"9":{"start":{"line":10,"column":0},"end":{"line":10,"column":28}},"10":{"start":{"line":11,"column":0},"end":{"line":11,"column":23}},"11":{"start":{"line":12,"column":0},"end":{"line":12,"column":28}},"13":{"start":{"line":14,"column":0},"end":{"line":14,"column":17}},"14":{"start":{"line":15,"column":0},"end":{"line":15,"column":23}},"15":{"start":{"line":16,"column":0},"end":{"line":16,"column":21}},"16":{"start":{"line":17,"column":0},"end":{"line":17,"column":69}},"17":{"start":{"line":18,"column":0},"end":{"line":18,"column":21}},"18":{"start":{"line":19,"column":0},"end":{"line":19,"column":29}},"19":{"start":{"line":20,"column":0},"end":{"line":20,"column":65}},"20":{"start":{"line":21,"column":0},"end":{"line":21,"column":46}},"21":{"start":{"line":22,"column":0},"end":{"line":22,"column":5}},"22":{"start":{"line":23,"column":0},"end":{"line":23,"column":3}},"23":{"start":{"line":24,"column":0},"end":{"line":24,"column":2}},"25":{"start":{"line":26,"column":0},"end":{"line":26,"column":34}},"26":{"start":{"line":27,"column":0},"end":{"line":27,"column":40}},"27":{"start":{"line":28,"column":0},"end":{"line":28,"column":48}},"28":{"start":{"line":29,"column":0},"end":{"line":29,"column":28}},"29":{"start":{"line":30,"column":0},"end":{"line":30,"column":11}},"30":{"start":{"line":31,"column":0},"end":{"line":31,"column":3}},"32":{"start":{"line":33,"column":0},"end":{"line":33,"column":25}},"33":{"start":{"line":34,"column":0},"end":{"line":34,"column":21}},"35":{"start":{"line":36,"column":0},"end":{"line":36,"column":7}},"36":{"start":{"line":37,"column":0},"end":{"line":37,"column":54}},"37":{"start":{"line":38,"column":0},"end":{"line":38,"column":21}},"38":{"start":{"line":39,"column":0},"end":{"line":39,"column":70}},"39":{"start":{"line":40,"column":0},"end":{"line":40,"column":6}},"41":{"start":{"line":42,"column":0},"end":{"line":42,"column":21}},"42":{"start":{"line":43,"column":0},"end":{"line":43,"column":72}},"43":{"start":{"line":44,"column":0},"end":{"line":44,"column":29}},"45":{"start":{"line":46,"column":0},"end":{"line":46,"column":27}},"46":{"start":{"line":47,"column":0},"end":{"line":47,"column":98}},"47":{"start":{"line":48,"column":0},"end":{"line":48,"column":7}},"49":{"start":{"line":50,"column":0},"end":{"line":50,"column":25}},"52":{"start":{"line":53,"column":0},"end":{"line":53,"column":36}},"53":{"start":{"line":54,"column":0},"end":{"line":54,"column":40}},"54":{"start":{"line":55,"column":0},"end":{"line":55,"column":14}},"55":{"start":{"line":56,"column":0},"end":{"line":56,"column":55}},"56":{"start":{"line":57,"column":0},"end":{"line":57,"column":7}},"57":{"start":{"line":58,"column":0},"end":{"line":58,"column":30}},"58":{"start":{"line":59,"column":0},"end":{"line":59,"column":34}},"59":{"start":{"line":60,"column":0},"end":{"line":60,"column":30}},"60":{"start":{"line":61,"column":0},"end":{"line":61,"column":5}},"61":{"start":{"line":62,"column":0},"end":{"line":62,"column":22}},"62":{"start":{"line":63,"column":0},"end":{"line":63,"column":39}},"63":{"start":{"line":64,"column":0},"end":{"line":64,"column":106}},"64":{"start":{"line":65,"column":0},"end":{"line":65,"column":28}},"65":{"start":{"line":66,"column":0},"end":{"line":66,"column":13}},"66":{"start":{"line":67,"column":0},"end":{"line":67,"column":28}},"67":{"start":{"line":68,"column":0},"end":{"line":68,"column":3}},"68":{"start":{"line":69,"column":0},"end":{"line":69,"column":2}},"73":{"start":{"line":74,"column":0},"end":{"line":74,"column":57}},"74":{"start":{"line":75,"column":0},"end":{"line":75,"column":41}},"75":{"start":{"line":76,"column":0},"end":{"line":76,"column":92}},"76":{"start":{"line":77,"column":0},"end":{"line":77,"column":38}},"77":{"start":{"line":78,"column":0},"end":{"line":78,"column":65}},"78":{"start":{"line":79,"column":0},"end":{"line":79,"column":78}},"79":{"start":{"line":80,"column":0},"end":{"line":80,"column":14}},"80":{"start":{"line":81,"column":0},"end":{"line":81,"column":31}},"81":{"start":{"line":82,"column":0},"end":{"line":82,"column":15}},"82":{"start":{"line":83,"column":0},"end":{"line":83,"column":41}},"86":{"start":{"line":87,"column":0},"end":{"line":87,"column":36}},"87":{"start":{"line":88,"column":0},"end":{"line":88,"column":18}},"88":{"start":{"line":89,"column":0},"end":{"line":89,"column":105}},"89":{"start":{"line":90,"column":0},"end":{"line":90,"column":19}},"90":{"start":{"line":91,"column":0},"end":{"line":91,"column":30}},"91":{"start":{"line":92,"column":0},"end":{"line":92,"column":26}},"92":{"start":{"line":93,"column":0},"end":{"line":93,"column":25}},"93":{"start":{"line":94,"column":0},"end":{"line":94,"column":44}},"94":{"start":{"line":95,"column":0},"end":{"line":95,"column":201}},"95":{"start":{"line":96,"column":0},"end":{"line":96,"column":35}},"96":{"start":{"line":97,"column":0},"end":{"line":97,"column":16}},"97":{"start":{"line":98,"column":0},"end":{"line":98,"column":16}},"98":{"start":{"line":99,"column":0},"end":{"line":99,"column":15}},"99":{"start":{"line":100,"column":0},"end":{"line":100,"column":103}},"100":{"start":{"line":101,"column":0},"end":{"line":101,"column":19}},"101":{"start":{"line":102,"column":0},"end":{"line":102,"column":33}},"102":{"start":{"line":103,"column":0},"end":{"line":103,"column":28}},"103":{"start":{"line":104,"column":0},"end":{"line":104,"column":37}},"104":{"start":{"line":105,"column":0},"end":{"line":105,"column":201}},"105":{"start":{"line":106,"column":0},"end":{"line":106,"column":35}},"106":{"start":{"line":107,"column":0},"end":{"line":107,"column":16}},"107":{"start":{"line":108,"column":0},"end":{"line":108,"column":16}},"108":{"start":{"line":109,"column":0},"end":{"line":109,"column":14}},"110":{"start":{"line":111,"column":0},"end":{"line":111,"column":43}},"111":{"start":{"line":112,"column":0},"end":{"line":112,"column":45}},"112":{"start":{"line":113,"column":0},"end":{"line":113,"column":18}},"113":{"start":{"line":114,"column":0},"end":{"line":114,"column":34}},"114":{"start":{"line":115,"column":0},"end":{"line":115,"column":30}},"115":{"start":{"line":116,"column":0},"end":{"line":116,"column":30}},"116":{"start":{"line":117,"column":0},"end":{"line":117,"column":91}},"117":{"start":{"line":118,"column":0},"end":{"line":118,"column":14}},"118":{"start":{"line":119,"column":0},"end":{"line":119,"column":16}},"119":{"start":{"line":120,"column":0},"end":{"line":120,"column":36}},"120":{"start":{"line":121,"column":0},"end":{"line":121,"column":70}},"122":{"start":{"line":123,"column":0},"end":{"line":123,"column":20}},"123":{"start":{"line":124,"column":0},"end":{"line":124,"column":16}},"124":{"start":{"line":125,"column":0},"end":{"line":125,"column":14}},"126":{"start":{"line":127,"column":0},"end":{"line":127,"column":26}},"127":{"start":{"line":128,"column":0},"end":{"line":128,"column":18}},"128":{"start":{"line":129,"column":0},"end":{"line":129,"column":26}},"129":{"start":{"line":130,"column":0},"end":{"line":130,"column":264}},"130":{"start":{"line":131,"column":0},"end":{"line":131,"column":11}},"132":{"start":{"line":133,"column":0},"end":{"line":133,"column":19}},"133":{"start":{"line":134,"column":0},"end":{"line":134,"column":14}},"135":{"start":{"line":136,"column":0},"end":{"line":136,"column":58}},"137":{"start":{"line":138,"column":0},"end":{"line":138,"column":113}},"139":{"start":{"line":140,"column":0},"end":{"line":140,"column":21}},"140":{"start":{"line":141,"column":0},"end":{"line":141,"column":12}},"141":{"start":{"line":142,"column":0},"end":{"line":142,"column":12}},"142":{"start":{"line":143,"column":0},"end":{"line":143,"column":11}},"143":{"start":{"line":144,"column":0},"end":{"line":144,"column":8}}},"s":{"1":1,"2":1,"4":1,"6":1,"7":1,"8":1,"9":1,"10":1,"11":1,"13":1,"14":30,"15":0,"16":0,"17":0,"18":0,"19":0,"20":0,"21":0,"22":0,"23":1,"25":1,"26":21,"27":3,"28":3,"29":3,"30":3,"32":18,"33":18,"35":18,"36":18,"37":18,"38":18,"39":18,"41":21,"42":9,"43":9,"45":9,"46":0,"47":0,"49":9,"52":9,"53":0,"54":9,"55":9,"56":9,"57":21,"58":1,"59":1,"60":1,"61":21,"62":8,"63":8,"64":8,"65":21,"66":18,"67":18,"68":21,"73":1,"74":1,"75":1,"76":1,"77":1,"78":1,"79":1,"80":1,"81":1,"82":1,"86":1,"87":1,"88":1,"89":1,"90":1,"91":1,"92":1,"93":1,"94":1,"95":1,"96":1,"97":1,"98":1,"99":1,"100":1,"101":1,"102":1,"103":1,"104":1,"105":1,"106":1,"107":1,"108":1,"110":1,"111":1,"112":1,"113":1,"114":1,"115":1,"116":1,"117":1,"118":1,"119":1,"120":1,"122":1,"123":1,"124":1,"126":1,"127":1,"128":1,"129":1,"130":1,"132":1,"133":1,"135":1,"137":1,"139":0,"140":1,"141":1,"142":1,"143":1},"branchMap":{"0":{"type":"branch","line":14,"loc":{"start":{"line":14,"column":10},"end":{"line":24,"column":1}},"locations":[{"start":{"line":14,"column":10},"end":{"line":24,"column":1}}]},"1":{"type":"branch","line":15,"loc":{"start":{"line":15,"column":22},"end":{"line":23,"column":3}},"locations":[{"start":{"line":15,"column":22},"end":{"line":23,"column":3}}]},"2":{"type":"branch","line":26,"loc":{"start":{"line":26,"column":21},"end":{"line":69,"column":2}},"locations":[{"start":{"line":26,"column":21},"end":{"line":69,"column":2}}]},"3":{"type":"branch","line":27,"loc":{"start":{"line":27,"column":13},"end":{"line":27,"column":39}},"locations":[{"start":{"line":27,"column":13},"end":{"line":27,"column":39}}]},"4":{"type":"branch","line":27,"loc":{"start":{"line":27,"column":39},"end":{"line":31,"column":3}},"locations":[{"start":{"line":27,"column":39},"end":{"line":31,"column":3}}]},"5":{"type":"branch","line":31,"loc":{"start":{"line":31,"column":2},"end":{"line":40,"column":6}},"locations":[{"start":{"line":31,"column":2},"end":{"line":40,"column":6}}]},"6":{"type":"branch","line":40,"loc":{"start":{"line":40,"column":5},"end":{"line":42,"column":20}},"locations":[{"start":{"line":40,"column":5},"end":{"line":42,"column":20}}]},"7":{"type":"branch","line":42,"loc":{"start":{"line":42,"column":20},"end":{"line":58,"column":15}},"locations":[{"start":{"line":42,"column":20},"end":{"line":58,"column":15}}]},"8":{"type":"branch","line":46,"loc":{"start":{"line":46,"column":26},"end":{"line":48,"column":7}},"locations":[{"start":{"line":46,"column":26},"end":{"line":48,"column":7}}]},"9":{"type":"branch","line":53,"loc":{"start":{"line":53,"column":35},"end":{"line":55,"column":13}},"locations":[{"start":{"line":53,"column":35},"end":{"line":55,"column":13}}]},"10":{"type":"branch","line":58,"loc":{"start":{"line":58,"column":4},"end":{"line":61,"column":5}},"locations":[{"start":{"line":58,"column":4},"end":{"line":61,"column":5}}]},"11":{"type":"branch","line":62,"loc":{"start":{"line":62,"column":2},"end":{"line":66,"column":4}},"locations":[{"start":{"line":62,"column":2},"end":{"line":66,"column":4}}]},"12":{"type":"branch","line":64,"loc":{"start":{"line":64,"column":25},"end":{"line":64,"column":42}},"locations":[{"start":{"line":64,"column":25},"end":{"line":64,"column":42}}]},"13":{"type":"branch","line":64,"loc":{"start":{"line":64,"column":31},"end":{"line":64,"column":74}},"locations":[{"start":{"line":64,"column":31},"end":{"line":64,"column":74}}]},"14":{"type":"branch","line":64,"loc":{"start":{"line":64,"column":47},"end":{"line":64,"column":74}},"locations":[{"start":{"line":64,"column":47},"end":{"line":64,"column":74}}]},"15":{"type":"branch","line":64,"loc":{"start":{"line":64,"column":63},"end":{"line":64,"column":90}},"locations":[{"start":{"line":64,"column":63},"end":{"line":64,"column":90}}]},"16":{"type":"branch","line":64,"loc":{"start":{"line":64,"column":79},"end":{"line":64,"column":106}},"locations":[{"start":{"line":64,"column":79},"end":{"line":64,"column":106}}]},"17":{"type":"branch","line":66,"loc":{"start":{"line":66,"column":2},"end":{"line":68,"column":3}},"locations":[{"start":{"line":66,"column":2},"end":{"line":68,"column":3}}]},"18":{"type":"branch","line":89,"loc":{"start":{"line":89,"column":12},"end":{"line":89,"column":105}},"locations":[{"start":{"line":89,"column":12},"end":{"line":89,"column":105}}]}},"b":{"0":[30],"1":[0],"2":[21],"3":[19],"4":[3],"5":[18],"6":[10],"7":[9],"8":[0],"9":[0],"10":[1],"11":[8],"12":[3],"13":[5],"14":[1],"15":[4],"16":[2],"17":[18],"18":[30]},"fnMap":{"0":{"name":"handleSubmit","decl":{"start":{"line":26,"column":21},"end":{"line":69,"column":2}},"loc":{"start":{"line":26,"column":21},"end":{"line":69,"column":2}},"line":26}},"f":{"0":21}}
,"/Users/putinan/development/DevOps/develop/main_frontend/concert1/app/components/LogoutModal.vue": {"path":"/Users/putinan/development/DevOps/develop/main_frontend/concert1/app/components/LogoutModal.vue","all":false,"statementMap":{"7":{"start":{"line":8,"column":0},"end":{"line":8,"column":26}},"14":{"start":{"line":15,"column":0},"end":{"line":15,"column":27}},"15":{"start":{"line":16,"column":0},"end":{"line":16,"column":137}},"16":{"start":{"line":17,"column":0},"end":{"line":17,"column":116}},"17":{"start":{"line":18,"column":0},"end":{"line":18,"column":33}},"18":{"start":{"line":19,"column":0},"end":{"line":19,"column":58}},"19":{"start":{"line":20,"column":0},"end":{"line":20,"column":84}},"20":{"start":{"line":21,"column":0},"end":{"line":21,"column":127}},"22":{"start":{"line":23,"column":0},"end":{"line":23,"column":34}},"23":{"start":{"line":24,"column":0},"end":{"line":24,"column":20}},"24":{"start":{"line":25,"column":0},"end":{"line":25,"column":37}},"25":{"start":{"line":26,"column":0},"end":{"line":26,"column":150}},"26":{"start":{"line":27,"column":0},"end":{"line":27,"column":13}},"28":{"start":{"line":29,"column":0},"end":{"line":29,"column":21}},"29":{"start":{"line":30,"column":0},"end":{"line":30,"column":20}},"30":{"start":{"line":31,"column":0},"end":{"line":31,"column":38}},"31":{"start":{"line":32,"column":0},"end":{"line":32,"column":162}},"32":{"start":{"line":33,"column":0},"end":{"line":33,"column":13}},"34":{"start":{"line":35,"column":0},"end":{"line":35,"column":21}},"35":{"start":{"line":36,"column":0},"end":{"line":36,"column":16}},"36":{"start":{"line":37,"column":0},"end":{"line":37,"column":14}},"37":{"start":{"line":38,"column":0},"end":{"line":38,"column":12}},"38":{"start":{"line":39,"column":0},"end":{"line":39,"column":10}},"39":{"start":{"line":40,"column":0},"end":{"line":40,"column":15}}},"s":{"7":1,"14":1,"15":1,"16":1,"17":1,"18":1,"19":1,"20":1,"22":1,"23":1,"24":1,"25":1,"26":1,"28":1,"29":1,"30":1,"31":1,"32":1,"34":1,"35":1,"36":1,"37":1,"38":1,"39":1},"branchMap":{"0":{"type":"branch","line":16,"loc":{"start":{"line":16,"column":114},"end":{"line":16,"column":137}},"locations":[{"start":{"line":16,"column":114},"end":{"line":16,"column":137}}]}},"b":{"0":[1]},"fnMap":{},"f":{}}
,"/Users/putinan/development/DevOps/develop/main_frontend/concert1/app/components/NavBar.vue": {"path":"/Users/putinan/development/DevOps/develop/main_frontend/concert1/app/components/NavBar.vue","all":false,"statementMap":{"1":{"start":{"line":2,"column":0},"end":{"line":2,"column":56}},"2":{"start":{"line":3,"column":0},"end":{"line":3,"column":48}},"3":{"start":{"line":4,"column":0},"end":{"line":4,"column":47}},"4":{"start":{"line":5,"column":0},"end":{"line":5,"column":49}},"6":{"start":{"line":7,"column":0},"end":{"line":7,"column":26}},"7":{"start":{"line":8,"column":0},"end":{"line":8,"column":24}},"8":{"start":{"line":9,"column":0},"end":{"line":9,"column":60}},"9":{"start":{"line":10,"column":0},"end":{"line":10,"column":30}},"10":{"start":{"line":11,"column":0},"end":{"line":11,"column":34}},"12":{"start":{"line":13,"column":0},"end":{"line":13,"column":29}},"14":{"start":{"line":15,"column":0},"end":{"line":15,"column":19}},"15":{"start":{"line":16,"column":0},"end":{"line":16,"column":45}},"16":{"start":{"line":17,"column":0},"end":{"line":17,"column":2}},"18":{"start":{"line":19,"column":0},"end":{"line":19,"column":23}},"19":{"start":{"line":20,"column":0},"end":{"line":20,"column":48}},"20":{"start":{"line":21,"column":0},"end":{"line":21,"column":55}},"21":{"start":{"line":22,"column":0},"end":{"line":22,"column":51}},"22":{"start":{"line":23,"column":0},"end":{"line":23,"column":2}},"24":{"start":{"line":25,"column":0},"end":{"line":25,"column":17}},"25":{"start":{"line":26,"column":0},"end":{"line":26,"column":19}},"27":{"start":{"line":28,"column":0},"end":{"line":28,"column":45}},"28":{"start":{"line":29,"column":0},"end":{"line":29,"column":2}},"30":{"start":{"line":31,"column":0},"end":{"line":31,"column":19}},"31":{"start":{"line":32,"column":0},"end":{"line":32,"column":48}},"32":{"start":{"line":33,"column":0},"end":{"line":33,"column":2}},"34":{"start":{"line":35,"column":0},"end":{"line":35,"column":35}},"36":{"start":{"line":37,"column":0},"end":{"line":37,"column":26}},"37":{"start":{"line":38,"column":0},"end":{"line":38,"column":2}},"39":{"start":{"line":40,"column":0},"end":{"line":40,"column":21}},"40":{"start":{"line":41,"column":0},"end":{"line":41,"column":56}},"41":{"start":{"line":42,"column":0},"end":{"line":42,"column":1}},"43":{"start":{"line":44,"column":0},"end":{"line":44,"column":23}},"44":{"start":{"line":45,"column":0},"end":{"line":45,"column":38}},"45":{"start":{"line":46,"column":0},"end":{"line":46,"column":1}},"47":{"start":{"line":48,"column":0},"end":{"line":48,"column":25}},"48":{"start":{"line":49,"column":0},"end":{"line":49,"column":30}},"49":{"start":{"line":50,"column":0},"end":{"line":50,"column":1}},"51":{"start":{"line":52,"column":0},"end":{"line":52,"column":26}},"52":{"start":{"line":53,"column":0},"end":{"line":53,"column":13}},"53":{"start":{"line":54,"column":0},"end":{"line":54,"column":41}},"54":{"start":{"line":55,"column":0},"end":{"line":55,"column":31}},"55":{"start":{"line":56,"column":0},"end":{"line":56,"column":48}},"56":{"start":{"line":57,"column":0},"end":{"line":57,"column":18}},"57":{"start":{"line":58,"column":0},"end":{"line":58,"column":1}},"59":{"start":{"line":60,"column":0},"end":{"line":60,"column":25}},"60":{"start":{"line":61,"column":0},"end":{"line":61,"column":31}},"61":{"start":{"line":62,"column":0},"end":{"line":62,"column":1}},"65":{"start":{"line":66,"column":0},"end":{"line":66,"column":75}},"66":{"start":{"line":67,"column":0},"end":{"line":67,"column":56}},"67":{"start":{"line":68,"column":0},"end":{"line":68,"column":58}},"68":{"start":{"line":69,"column":0},"end":{"line":69,"column":39}},"69":{"start":{"line":70,"column":0},"end":{"line":70,"column":53}},"70":{"start":{"line":71,"column":0},"end":{"line":71,"column":85}},"71":{"start":{"line":72,"column":0},"end":{"line":72,"column":21}},"72":{"start":{"line":73,"column":0},"end":{"line":73,"column":14}},"74":{"start":{"line":75,"column":0},"end":{"line":75,"column":30}},"75":{"start":{"line":76,"column":0},"end":{"line":76,"column":65}},"76":{"start":{"line":77,"column":0},"end":{"line":77,"column":50}},"77":{"start":{"line":78,"column":0},"end":{"line":78,"column":79}},"78":{"start":{"line":79,"column":0},"end":{"line":79,"column":98}},"79":{"start":{"line":80,"column":0},"end":{"line":80,"column":31}},"80":{"start":{"line":81,"column":0},"end":{"line":81,"column":25}},"81":{"start":{"line":82,"column":0},"end":{"line":82,"column":17}},"83":{"start":{"line":84,"column":0},"end":{"line":84,"column":34}},"84":{"start":{"line":85,"column":0},"end":{"line":85,"column":126}},"85":{"start":{"line":86,"column":0},"end":{"line":86,"column":17}},"87":{"start":{"line":88,"column":0},"end":{"line":88,"column":34}},"88":{"start":{"line":89,"column":0},"end":{"line":89,"column":125}},"90":{"start":{"line":91,"column":0},"end":{"line":91,"column":23}},"91":{"start":{"line":92,"column":0},"end":{"line":92,"column":17}},"92":{"start":{"line":93,"column":0},"end":{"line":93,"column":15}},"93":{"start":{"line":94,"column":0},"end":{"line":94,"column":14}},"95":{"start":{"line":96,"column":0},"end":{"line":96,"column":33}},"96":{"start":{"line":97,"column":0},"end":{"line":97,"column":49}},"97":{"start":{"line":98,"column":0},"end":{"line":98,"column":17}},"98":{"start":{"line":99,"column":0},"end":{"line":99,"column":31}},"99":{"start":{"line":100,"column":0},"end":{"line":100,"column":36}},"100":{"start":{"line":101,"column":0},"end":{"line":101,"column":39}},"101":{"start":{"line":102,"column":0},"end":{"line":102,"column":141}},"103":{"start":{"line":104,"column":0},"end":{"line":104,"column":106}},"104":{"start":{"line":105,"column":0},"end":{"line":105,"column":113}},"105":{"start":{"line":106,"column":0},"end":{"line":106,"column":18}},"106":{"start":{"line":107,"column":0},"end":{"line":107,"column":94}},"107":{"start":{"line":108,"column":0},"end":{"line":108,"column":110}},"108":{"start":{"line":109,"column":0},"end":{"line":109,"column":18}},"109":{"start":{"line":110,"column":0},"end":{"line":110,"column":19}},"110":{"start":{"line":111,"column":0},"end":{"line":111,"column":14}},"111":{"start":{"line":112,"column":0},"end":{"line":112,"column":12}},"112":{"start":{"line":113,"column":0},"end":{"line":113,"column":10}},"114":{"start":{"line":115,"column":0},"end":{"line":115,"column":30}},"115":{"start":{"line":116,"column":0},"end":{"line":116,"column":28}},"116":{"start":{"line":117,"column":0},"end":{"line":117,"column":70}},"117":{"start":{"line":118,"column":0},"end":{"line":118,"column":46}},"118":{"start":{"line":119,"column":0},"end":{"line":119,"column":36}},"119":{"start":{"line":120,"column":0},"end":{"line":120,"column":79}},"120":{"start":{"line":121,"column":0},"end":{"line":121,"column":23}},"121":{"start":{"line":122,"column":0},"end":{"line":122,"column":32}},"122":{"start":{"line":123,"column":0},"end":{"line":123,"column":75}},"123":{"start":{"line":124,"column":0},"end":{"line":124,"column":43}},"125":{"start":{"line":126,"column":0},"end":{"line":126,"column":31}},"126":{"start":{"line":127,"column":0},"end":{"line":127,"column":25}},"127":{"start":{"line":128,"column":0},"end":{"line":128,"column":17}},"129":{"start":{"line":130,"column":0},"end":{"line":130,"column":34}},"130":{"start":{"line":131,"column":0},"end":{"line":131,"column":23}},"131":{"start":{"line":132,"column":0},"end":{"line":132,"column":37}},"132":{"start":{"line":133,"column":0},"end":{"line":133,"column":75}},"133":{"start":{"line":134,"column":0},"end":{"line":134,"column":43}},"134":{"start":{"line":135,"column":0},"end":{"line":135,"column":15}},"136":{"start":{"line":137,"column":0},"end":{"line":137,"column":25}},"137":{"start":{"line":138,"column":0},"end":{"line":138,"column":17}},"139":{"start":{"line":140,"column":0},"end":{"line":140,"column":34}},"140":{"start":{"line":141,"column":0},"end":{"line":141,"column":21}},"141":{"start":{"line":142,"column":0},"end":{"line":142,"column":69}},"142":{"start":{"line":143,"column":0},"end":{"line":143,"column":97}},"143":{"start":{"line":144,"column":0},"end":{"line":144,"column":15}},"145":{"start":{"line":146,"column":0},"end":{"line":146,"column":23}},"146":{"start":{"line":147,"column":0},"end":{"line":147,"column":17}},"147":{"start":{"line":148,"column":0},"end":{"line":148,"column":15}},"148":{"start":{"line":149,"column":0},"end":{"line":149,"column":14}},"149":{"start":{"line":150,"column":0},"end":{"line":150,"column":12}},"150":{"start":{"line":151,"column":0},"end":{"line":151,"column":17}},"152":{"start":{"line":153,"column":0},"end":{"line":153,"column":38}},"153":{"start":{"line":154,"column":0},"end":{"line":154,"column":17}},"154":{"start":{"line":155,"column":0},"end":{"line":155,"column":30}},"155":{"start":{"line":156,"column":0},"end":{"line":156,"column":31}},"156":{"start":{"line":157,"column":0},"end":{"line":157,"column":29}},"157":{"start":{"line":158,"column":0},"end":{"line":158,"column":6}},"158":{"start":{"line":159,"column":0},"end":{"line":159,"column":8}}},"s":{"1":1,"2":1,"3":1,"4":1,"6":1,"7":1,"8":1,"9":1,"10":1,"12":1,"14":1,"15":1,"16":1,"18":1,"19":1,"20":1,"21":1,"22":1,"24":1,"25":9,"27":9,"28":1,"30":1,"31":0,"32":1,"34":1,"36":0,"37":1,"39":0,"40":0,"41":0,"43":0,"44":0,"45":0,"47":1,"48":1,"49":1,"51":1,"52":1,"53":1,"54":1,"55":1,"56":1,"57":1,"59":1,"60":1,"61":1,"65":1,"66":1,"67":1,"68":1,"69":1,"70":1,"71":1,"72":1,"74":1,"75":1,"76":1,"77":1,"78":1,"79":1,"80":1,"81":1,"83":1,"84":1,"85":1,"87":1,"88":1,"90":1,"91":1,"92":1,"93":1,"95":1,"96":1,"97":1,"98":1,"99":1,"100":1,"101":1,"103":1,"104":1,"105":1,"106":1,"107":1,"108":1,"109":1,"110":1,"111":1,"112":1,"114":1,"115":1,"116":1,"117":1,"118":1,"119":1,"120":1,"121":1,"122":1,"123":1,"125":1,"126":1,"127":1,"129":1,"130":1,"131":1,"132":1,"133":1,"134":1,"136":0,"137":1,"139":1,"140":1,"141":1,"142":1,"143":1,"145":1,"146":1,"147":1,"148":1,"149":1,"150":1,"152":1,"153":1,"154":1,"155":1,"156":1,"157":1,"158":1},"branchMap":{"0":{"type":"branch","line":25,"loc":{"start":{"line":25,"column":10},"end":{"line":29,"column":1}},"locations":[{"start":{"line":25,"column":10},"end":{"line":29,"column":1}}]},"1":{"type":"branch","line":35,"loc":{"start":{"line":35,"column":6},"end":{"line":35,"column":28}},"locations":[{"start":{"line":35,"column":6},"end":{"line":35,"column":28}}]},"2":{"type":"branch","line":48,"loc":{"start":{"line":48,"column":0},"end":{"line":50,"column":1}},"locations":[{"start":{"line":48,"column":0},"end":{"line":50,"column":1}}]},"3":{"type":"branch","line":52,"loc":{"start":{"line":52,"column":0},"end":{"line":58,"column":1}},"locations":[{"start":{"line":52,"column":0},"end":{"line":58,"column":1}}]},"4":{"type":"branch","line":60,"loc":{"start":{"line":60,"column":0},"end":{"line":62,"column":1}},"locations":[{"start":{"line":60,"column":0},"end":{"line":62,"column":1}}]},"5":{"type":"branch","line":91,"loc":{"start":{"line":91,"column":14},"end":{"line":91,"column":23}},"locations":[{"start":{"line":91,"column":14},"end":{"line":91,"column":23}}]},"6":{"type":"branch","line":107,"loc":{"start":{"line":107,"column":-1},"end":{"line":107,"column":24}},"locations":[{"start":{"line":107,"column":-1},"end":{"line":107,"column":24}}]},"7":{"type":"branch","line":146,"loc":{"start":{"line":146,"column":14},"end":{"line":146,"column":23}},"locations":[{"start":{"line":146,"column":14},"end":{"line":146,"column":23}}]}},"b":{"0":[9],"1":[9],"2":[1],"3":[1],"4":[1],"5":[0],"6":[9],"7":[0]},"fnMap":{"0":{"name":"isMenuOpen.value","decl":{"start":{"line":35,"column":6},"end":{"line":35,"column":28}},"loc":{"start":{"line":35,"column":6},"end":{"line":35,"column":28}},"line":35},"1":{"name":"onResize","decl":{"start":{"line":40,"column":0},"end":{"line":42,"column":1}},"loc":{"start":{"line":40,"column":0},"end":{"line":42,"column":1}},"line":40},"2":{"name":"toggleMenu","decl":{"start":{"line":44,"column":0},"end":{"line":46,"column":1}},"loc":{"start":{"line":44,"column":0},"end":{"line":46,"column":1}},"line":44},"3":{"name":"handleLogout","decl":{"start":{"line":48,"column":0},"end":{"line":50,"column":1}},"loc":{"start":{"line":48,"column":0},"end":{"line":50,"column":1}},"line":48},"4":{"name":"confirmLogout","decl":{"start":{"line":52,"column":0},"end":{"line":58,"column":1}},"loc":{"start":{"line":52,"column":0},"end":{"line":58,"column":1}},"line":52},"5":{"name":"cancelLogout","decl":{"start":{"line":60,"column":0},"end":{"line":62,"column":1}},"loc":{"start":{"line":60,"column":0},"end":{"line":62,"column":1}},"line":60},"6":{"name":"$setup.isLoggedIn.onClick._cache.<computed>._cache.<computed>","decl":{"start":{"line":134,"column":22},"end":{"line":134,"column":43}},"loc":{"start":{"line":134,"column":22},"end":{"line":134,"column":43}},"line":134}},"f":{"0":9,"1":0,"2":0,"3":1,"4":1,"5":1,"6":0}}
,"/Users/putinan/development/DevOps/develop/main_frontend/concert1/app/components/ProductCard.vue": {"path":"/Users/putinan/development/DevOps/develop/main_frontend/concert1/app/components/ProductCard.vue","all":false,"statementMap":{"1":{"start":{"line":2,"column":0},"end":{"line":2,"column":30}},"2":{"start":{"line":3,"column":0},"end":{"line":3,"column":38}},"22":{"start":{"line":23,"column":0},"end":{"line":23,"column":62}},"23":{"start":{"line":24,"column":0},"end":{"line":24,"column":26}},"25":{"start":{"line":26,"column":0},"end":{"line":26,"column":33}},"27":{"start":{"line":28,"column":0},"end":{"line":28,"column":53}},"28":{"start":{"line":29,"column":0},"end":{"line":29,"column":45}},"29":{"start":{"line":30,"column":0},"end":{"line":30,"column":3}},"30":{"start":{"line":31,"column":0},"end":{"line":31,"column":22}},"31":{"start":{"line":32,"column":0},"end":{"line":32,"column":1}},"33":{"start":{"line":34,"column":0},"end":{"line":34,"column":105}},"34":{"start":{"line":35,"column":0},"end":{"line":35,"column":81}},"35":{"start":{"line":36,"column":0},"end":{"line":36,"column":97}},"36":{"start":{"line":37,"column":0},"end":{"line":37,"column":91}},"37":{"start":{"line":38,"column":0},"end":{"line":38,"column":106}},"39":{"start":{"line":40,"column":0},"end":{"line":40,"column":44}},"40":{"start":{"line":41,"column":0},"end":{"line":41,"column":26}},"41":{"start":{"line":42,"column":0},"end":{"line":42,"column":39}},"42":{"start":{"line":43,"column":0},"end":{"line":43,"column":19}},"43":{"start":{"line":44,"column":0},"end":{"line":44,"column":19}},"44":{"start":{"line":45,"column":0},"end":{"line":45,"column":20}},"45":{"start":{"line":46,"column":0},"end":{"line":46,"column":5}},"46":{"start":{"line":47,"column":0},"end":{"line":47,"column":2}},"48":{"start":{"line":49,"column":0},"end":{"line":49,"column":46}},"49":{"start":{"line":50,"column":0},"end":{"line":50,"column":26}},"50":{"start":{"line":51,"column":0},"end":{"line":51,"column":39}},"51":{"start":{"line":52,"column":0},"end":{"line":52,"column":20}},"52":{"start":{"line":53,"column":0},"end":{"line":53,"column":22}},"53":{"start":{"line":54,"column":0},"end":{"line":54,"column":16}},"54":{"start":{"line":55,"column":0},"end":{"line":55,"column":5}},"55":{"start":{"line":56,"column":0},"end":{"line":56,"column":2}},"57":{"start":{"line":58,"column":0},"end":{"line":58,"column":18}},"58":{"start":{"line":59,"column":0},"end":{"line":59,"column":15}},"59":{"start":{"line":60,"column":0},"end":{"line":60,"column":49}},"60":{"start":{"line":61,"column":0},"end":{"line":61,"column":33}},"61":{"start":{"line":62,"column":0},"end":{"line":62,"column":4}},"62":{"start":{"line":63,"column":0},"end":{"line":63,"column":1}},"64":{"start":{"line":65,"column":0},"end":{"line":65,"column":18}},"66":{"start":{"line":67,"column":0},"end":{"line":67,"column":15}},"67":{"start":{"line":68,"column":0},"end":{"line":68,"column":49}},"68":{"start":{"line":69,"column":0},"end":{"line":69,"column":33}},"69":{"start":{"line":70,"column":0},"end":{"line":70,"column":4}},"70":{"start":{"line":71,"column":0},"end":{"line":71,"column":1}},"78":{"start":{"line":79,"column":0},"end":{"line":79,"column":161}},"80":{"start":{"line":81,"column":0},"end":{"line":81,"column":49}},"81":{"start":{"line":82,"column":0},"end":{"line":82,"column":11}},"82":{"start":{"line":83,"column":0},"end":{"line":83,"column":37}},"83":{"start":{"line":84,"column":0},"end":{"line":84,"column":83}},"84":{"start":{"line":85,"column":0},"end":{"line":85,"column":8}},"85":{"start":{"line":86,"column":0},"end":{"line":86,"column":12}},"87":{"start":{"line":88,"column":0},"end":{"line":88,"column":29}},"88":{"start":{"line":89,"column":0},"end":{"line":89,"column":89}},"89":{"start":{"line":90,"column":0},"end":{"line":90,"column":61}},"90":{"start":{"line":91,"column":0},"end":{"line":91,"column":32}},"91":{"start":{"line":92,"column":0},"end":{"line":92,"column":10}},"92":{"start":{"line":93,"column":0},"end":{"line":93,"column":10}},"94":{"start":{"line":95,"column":0},"end":{"line":95,"column":53}},"95":{"start":{"line":96,"column":0},"end":{"line":96,"column":51}},"96":{"start":{"line":97,"column":0},"end":{"line":97,"column":44}},"97":{"start":{"line":98,"column":0},"end":{"line":98,"column":66}},"98":{"start":{"line":99,"column":0},"end":{"line":99,"column":105}},"99":{"start":{"line":100,"column":0},"end":{"line":100,"column":21}},"100":{"start":{"line":101,"column":0},"end":{"line":101,"column":44}},"101":{"start":{"line":102,"column":0},"end":{"line":102,"column":66}},"102":{"start":{"line":103,"column":0},"end":{"line":103,"column":109}},"103":{"start":{"line":104,"column":0},"end":{"line":104,"column":13}},"104":{"start":{"line":105,"column":0},"end":{"line":105,"column":44}},"105":{"start":{"line":106,"column":0},"end":{"line":106,"column":67}},"106":{"start":{"line":107,"column":0},"end":{"line":107,"column":105}},"107":{"start":{"line":108,"column":0},"end":{"line":108,"column":13}},"108":{"start":{"line":109,"column":0},"end":{"line":109,"column":44}},"109":{"start":{"line":110,"column":0},"end":{"line":110,"column":67}},"110":{"start":{"line":111,"column":0},"end":{"line":111,"column":86}},"111":{"start":{"line":112,"column":0},"end":{"line":112,"column":13}},"112":{"start":{"line":113,"column":0},"end":{"line":113,"column":11}},"113":{"start":{"line":114,"column":0},"end":{"line":114,"column":10}},"115":{"start":{"line":116,"column":0},"end":{"line":116,"column":69}},"116":{"start":{"line":117,"column":0},"end":{"line":117,"column":194}},"118":{"start":{"line":119,"column":0},"end":{"line":119,"column":15}},"119":{"start":{"line":120,"column":0},"end":{"line":120,"column":168}},"121":{"start":{"line":122,"column":0},"end":{"line":122,"column":15}},"122":{"start":{"line":123,"column":0},"end":{"line":123,"column":10}},"123":{"start":{"line":124,"column":0},"end":{"line":124,"column":8}}},"s":{"1":1,"2":1,"22":1,"23":1,"25":33,"27":33,"28":30,"29":30,"30":3,"31":33,"33":1,"34":1,"35":1,"36":1,"37":1,"39":1,"40":11,"41":11,"42":11,"43":11,"44":11,"45":11,"46":11,"48":1,"49":21,"50":21,"51":21,"52":21,"53":21,"54":21,"55":21,"57":1,"58":1,"59":1,"60":1,"61":1,"62":1,"64":1,"66":1,"67":1,"68":1,"69":1,"70":1,"78":1,"80":1,"81":1,"82":1,"83":1,"84":1,"85":1,"87":1,"88":1,"89":1,"90":1,"91":1,"92":1,"94":1,"95":1,"96":1,"97":1,"98":1,"99":1,"100":1,"101":1,"102":1,"103":1,"104":1,"105":1,"106":1,"107":1,"108":1,"109":1,"110":1,"111":1,"112":1,"113":1,"115":1,"116":1,"118":1,"119":1,"121":1,"122":1,"123":1},"branchMap":{"0":{"type":"branch","line":26,"loc":{"start":{"line":26,"column":0},"end":{"line":32,"column":1}},"locations":[{"start":{"line":26,"column":0},"end":{"line":32,"column":1}}]},"1":{"type":"branch","line":28,"loc":{"start":{"line":28,"column":52},"end":{"line":30,"column":3}},"locations":[{"start":{"line":28,"column":52},"end":{"line":30,"column":3}}]},"2":{"type":"branch","line":30,"loc":{"start":{"line":30,"column":2},"end":{"line":31,"column":22}},"locations":[{"start":{"line":30,"column":2},"end":{"line":31,"column":22}}]},"3":{"type":"branch","line":34,"loc":{"start":{"line":34,"column":29},"end":{"line":34,"column":104}},"locations":[{"start":{"line":34,"column":29},"end":{"line":34,"column":104}}]},"4":{"type":"branch","line":34,"loc":{"start":{"line":34,"column":56},"end":{"line":34,"column":94}},"locations":[{"start":{"line":34,"column":56},"end":{"line":34,"column":94}}]},"5":{"type":"branch","line":34,"loc":{"start":{"line":34,"column":85},"end":{"line":34,"column":104}},"locations":[{"start":{"line":34,"column":85},"end":{"line":34,"column":104}}]},"6":{"type":"branch","line":35,"loc":{"start":{"line":35,"column":36},"end":{"line":35,"column":80}},"locations":[{"start":{"line":35,"column":36},"end":{"line":35,"column":80}}]},"7":{"type":"branch","line":35,"loc":{"start":{"line":35,"column":63},"end":{"line":35,"column":80}},"locations":[{"start":{"line":35,"column":63},"end":{"line":35,"column":80}}]},"8":{"type":"branch","line":36,"loc":{"start":{"line":36,"column":26},"end":{"line":36,"column":96}},"locations":[{"start":{"line":36,"column":26},"end":{"line":36,"column":96}}]},"9":{"type":"branch","line":36,"loc":{"start":{"line":36,"column":53},"end":{"line":36,"column":96}},"locations":[{"start":{"line":36,"column":53},"end":{"line":36,"column":96}}]},"10":{"type":"branch","line":37,"loc":{"start":{"line":37,"column":24},"end":{"line":37,"column":90}},"locations":[{"start":{"line":37,"column":24},"end":{"line":37,"column":90}}]},"11":{"type":"branch","line":37,"loc":{"start":{"line":37,"column":51},"end":{"line":37,"column":90}},"locations":[{"start":{"line":37,"column":51},"end":{"line":37,"column":90}}]},"12":{"type":"branch","line":38,"loc":{"start":{"line":38,"column":26},"end":{"line":38,"column":105}},"locations":[{"start":{"line":38,"column":26},"end":{"line":38,"column":105}}]},"13":{"type":"branch","line":38,"loc":{"start":{"line":38,"column":53},"end":{"line":38,"column":104}},"locations":[{"start":{"line":38,"column":53},"end":{"line":38,"column":104}}]},"14":{"type":"branch","line":38,"loc":{"start":{"line":38,"column":89},"end":{"line":38,"column":105}},"locations":[{"start":{"line":38,"column":89},"end":{"line":38,"column":105}}]},"15":{"type":"branch","line":40,"loc":{"start":{"line":40,"column":26},"end":{"line":47,"column":2}},"locations":[{"start":{"line":40,"column":26},"end":{"line":47,"column":2}}]},"16":{"type":"branch","line":49,"loc":{"start":{"line":49,"column":28},"end":{"line":56,"column":2}},"locations":[{"start":{"line":49,"column":28},"end":{"line":56,"column":2}}]},"17":{"type":"branch","line":58,"loc":{"start":{"line":58,"column":0},"end":{"line":63,"column":1}},"locations":[{"start":{"line":58,"column":0},"end":{"line":63,"column":1}}]},"18":{"type":"branch","line":65,"loc":{"start":{"line":65,"column":0},"end":{"line":71,"column":1}},"locations":[{"start":{"line":65,"column":0},"end":{"line":71,"column":1}}]}},"b":{"0":[33],"1":[30],"2":[3],"3":[10],"4":[1],"5":[0],"6":[10],"7":[1],"8":[10],"9":[1],"10":[10],"11":[1],"12":[10],"13":[1],"14":[0],"15":[11],"16":[21],"17":[1],"18":[1]},"fnMap":{"0":{"name":"toDate","decl":{"start":{"line":26,"column":0},"end":{"line":32,"column":1}},"loc":{"start":{"line":26,"column":0},"end":{"line":32,"column":1}},"line":26},"1":{"name":"formatEventDateMn","decl":{"start":{"line":40,"column":26},"end":{"line":47,"column":2}},"loc":{"start":{"line":40,"column":26},"end":{"line":47,"column":2}},"line":40},"2":{"name":"formatEventDateTime","decl":{"start":{"line":49,"column":28},"end":{"line":56,"column":2}},"loc":{"start":{"line":49,"column":28},"end":{"line":56,"column":2}},"line":49},"3":{"name":"more","decl":{"start":{"line":58,"column":0},"end":{"line":63,"column":1}},"loc":{"start":{"line":58,"column":0},"end":{"line":63,"column":1}},"line":58},"4":{"name":"join","decl":{"start":{"line":65,"column":0},"end":{"line":71,"column":1}},"loc":{"start":{"line":65,"column":0},"end":{"line":71,"column":1}},"line":65}},"f":{"0":33,"1":11,"2":21,"3":1,"4":1}}
,"/Users/putinan/development/DevOps/develop/main_frontend/concert1/app/components/ProductFilterSeclection.vue": {"path":"/Users/putinan/development/DevOps/develop/main_frontend/concert1/app/components/ProductFilterSeclection.vue","all":false,"statementMap":{"1":{"start":{"line":2,"column":0},"end":{"line":2,"column":48}}},"s":{"1":1},"branchMap":{},"b":{},"fnMap":{},"f":{}}
,"/Users/putinan/development/DevOps/develop/main_frontend/concert1/app/components/ProductTag.vue": {"path":"/Users/putinan/development/DevOps/develop/main_frontend/concert1/app/components/ProductTag.vue","all":false,"statementMap":{"1":{"start":{"line":2,"column":0},"end":{"line":2,"column":26}},"2":{"start":{"line":3,"column":0},"end":{"line":3,"column":120}},"4":{"start":{"line":5,"column":0},"end":{"line":5,"column":13}},"5":{"start":{"line":6,"column":0},"end":{"line":6,"column":120}},"7":{"start":{"line":8,"column":0},"end":{"line":8,"column":13}},"8":{"start":{"line":9,"column":0},"end":{"line":9,"column":120}},"10":{"start":{"line":11,"column":0},"end":{"line":11,"column":13}},"11":{"start":{"line":12,"column":0},"end":{"line":12,"column":8}}},"s":{"1":1,"2":1,"4":1,"5":1,"7":1,"8":1,"10":1,"11":1},"branchMap":{},"b":{},"fnMap":{},"f":{}}
,"/Users/putinan/development/DevOps/develop/main_frontend/concert1/app/components/Register.vue": {"path":"/Users/putinan/development/DevOps/develop/main_frontend/concert1/app/components/Register.vue","all":false,"statementMap":{"1":{"start":{"line":2,"column":0},"end":{"line":2,"column":26}},"3":{"start":{"line":4,"column":0},"end":{"line":4,"column":24}},"4":{"start":{"line":5,"column":0},"end":{"line":5,"column":21}},"5":{"start":{"line":6,"column":0},"end":{"line":6,"column":24}},"6":{"start":{"line":7,"column":0},"end":{"line":7,"column":31}},"7":{"start":{"line":8,"column":0},"end":{"line":8,"column":28}},"8":{"start":{"line":9,"column":0},"end":{"line":9,"column":23}},"9":{"start":{"line":10,"column":0},"end":{"line":10,"column":28}},"11":{"start":{"line":12,"column":0},"end":{"line":12,"column":34}},"12":{"start":{"line":13,"column":0},"end":{"line":13,"column":30}},"13":{"start":{"line":14,"column":0},"end":{"line":14,"column":20}},"14":{"start":{"line":15,"column":0},"end":{"line":15,"column":25}},"16":{"start":{"line":17,"column":0},"end":{"line":17,"column":59}},"17":{"start":{"line":18,"column":0},"end":{"line":18,"column":45}},"18":{"start":{"line":19,"column":0},"end":{"line":19,"column":11}},"19":{"start":{"line":20,"column":0},"end":{"line":20,"column":3}},"20":{"start":{"line":21,"column":0},"end":{"line":21,"column":39}},"21":{"start":{"line":22,"column":0},"end":{"line":22,"column":49}},"22":{"start":{"line":23,"column":0},"end":{"line":23,"column":11}},"23":{"start":{"line":24,"column":0},"end":{"line":24,"column":3}},"24":{"start":{"line":25,"column":0},"end":{"line":25,"column":34}},"25":{"start":{"line":26,"column":0},"end":{"line":26,"column":61}},"26":{"start":{"line":27,"column":0},"end":{"line":27,"column":11}},"27":{"start":{"line":28,"column":0},"end":{"line":28,"column":3}},"28":{"start":{"line":29,"column":0},"end":{"line":29,"column":28}},"29":{"start":{"line":30,"column":0},"end":{"line":30,"column":65}},"30":{"start":{"line":31,"column":0},"end":{"line":31,"column":11}},"31":{"start":{"line":32,"column":0},"end":{"line":32,"column":3}},"33":{"start":{"line":34,"column":0},"end":{"line":34,"column":7}},"34":{"start":{"line":35,"column":0},"end":{"line":35,"column":26}},"35":{"start":{"line":36,"column":0},"end":{"line":36,"column":57}},"36":{"start":{"line":37,"column":0},"end":{"line":37,"column":21}},"37":{"start":{"line":38,"column":0},"end":{"line":38,"column":13}},"38":{"start":{"line":39,"column":0},"end":{"line":39,"column":33}},"39":{"start":{"line":40,"column":0},"end":{"line":40,"column":27}},"40":{"start":{"line":41,"column":0},"end":{"line":41,"column":33}},"41":{"start":{"line":42,"column":0},"end":{"line":42,"column":7}},"42":{"start":{"line":43,"column":0},"end":{"line":43,"column":6}},"44":{"start":{"line":45,"column":0},"end":{"line":45,"column":38}},"45":{"start":{"line":46,"column":0},"end":{"line":46,"column":28}},"46":{"start":{"line":47,"column":0},"end":{"line":47,"column":62}},"47":{"start":{"line":48,"column":0},"end":{"line":48,"column":36}},"48":{"start":{"line":49,"column":0},"end":{"line":49,"column":12}},"49":{"start":{"line":50,"column":0},"end":{"line":50,"column":5}},"51":{"start":{"line":52,"column":0},"end":{"line":52,"column":57}},"52":{"start":{"line":53,"column":0},"end":{"line":53,"column":22}},"53":{"start":{"line":54,"column":0},"end":{"line":54,"column":42}},"54":{"start":{"line":55,"column":0},"end":{"line":55,"column":109}},"55":{"start":{"line":56,"column":0},"end":{"line":56,"column":23}},"56":{"start":{"line":57,"column":0},"end":{"line":57,"column":13}},"57":{"start":{"line":58,"column":0},"end":{"line":58,"column":27}},"58":{"start":{"line":59,"column":0},"end":{"line":59,"column":3}},"59":{"start":{"line":60,"column":0},"end":{"line":60,"column":2}},"63":{"start":{"line":64,"column":0},"end":{"line":64,"column":57}},"64":{"start":{"line":65,"column":0},"end":{"line":65,"column":41}},"65":{"start":{"line":66,"column":0},"end":{"line":66,"column":92}},"66":{"start":{"line":67,"column":0},"end":{"line":67,"column":38}},"67":{"start":{"line":68,"column":0},"end":{"line":68,"column":79}},"68":{"start":{"line":69,"column":0},"end":{"line":69,"column":66}},"69":{"start":{"line":70,"column":0},"end":{"line":70,"column":14}},"71":{"start":{"line":72,"column":0},"end":{"line":72,"column":141}},"72":{"start":{"line":73,"column":0},"end":{"line":73,"column":30}},"73":{"start":{"line":74,"column":0},"end":{"line":74,"column":14}},"75":{"start":{"line":76,"column":0},"end":{"line":76,"column":31}},"76":{"start":{"line":77,"column":0},"end":{"line":77,"column":15}},"77":{"start":{"line":78,"column":0},"end":{"line":78,"column":103}},"78":{"start":{"line":79,"column":0},"end":{"line":79,"column":19}},"79":{"start":{"line":80,"column":0},"end":{"line":80,"column":33}},"80":{"start":{"line":81,"column":0},"end":{"line":81,"column":26}},"81":{"start":{"line":82,"column":0},"end":{"line":82,"column":28}},"82":{"start":{"line":83,"column":0},"end":{"line":83,"column":45}},"83":{"start":{"line":84,"column":0},"end":{"line":84,"column":201}},"84":{"start":{"line":85,"column":0},"end":{"line":85,"column":35}},"85":{"start":{"line":86,"column":0},"end":{"line":86,"column":14}},"86":{"start":{"line":87,"column":0},"end":{"line":87,"column":16}},"87":{"start":{"line":88,"column":0},"end":{"line":88,"column":15}},"88":{"start":{"line":89,"column":0},"end":{"line":89,"column":105}},"89":{"start":{"line":90,"column":0},"end":{"line":90,"column":19}},"90":{"start":{"line":91,"column":0},"end":{"line":91,"column":30}},"91":{"start":{"line":92,"column":0},"end":{"line":92,"column":27}},"92":{"start":{"line":93,"column":0},"end":{"line":93,"column":25}},"93":{"start":{"line":94,"column":0},"end":{"line":94,"column":44}},"94":{"start":{"line":95,"column":0},"end":{"line":95,"column":201}},"95":{"start":{"line":96,"column":0},"end":{"line":96,"column":35}},"96":{"start":{"line":97,"column":0},"end":{"line":97,"column":14}},"97":{"start":{"line":98,"column":0},"end":{"line":98,"column":16}},"98":{"start":{"line":99,"column":0},"end":{"line":99,"column":15}},"99":{"start":{"line":100,"column":0},"end":{"line":100,"column":103}},"100":{"start":{"line":101,"column":0},"end":{"line":101,"column":19}},"101":{"start":{"line":102,"column":0},"end":{"line":102,"column":33}},"102":{"start":{"line":103,"column":0},"end":{"line":103,"column":28}},"103":{"start":{"line":104,"column":0},"end":{"line":104,"column":37}},"104":{"start":{"line":105,"column":0},"end":{"line":105,"column":201}},"105":{"start":{"line":106,"column":0},"end":{"line":106,"column":35}},"106":{"start":{"line":107,"column":0},"end":{"line":107,"column":14}},"107":{"start":{"line":108,"column":0},"end":{"line":108,"column":16}},"108":{"start":{"line":109,"column":0},"end":{"line":109,"column":14}},"110":{"start":{"line":111,"column":0},"end":{"line":111,"column":43}},"111":{"start":{"line":112,"column":0},"end":{"line":112,"column":45}},"112":{"start":{"line":113,"column":0},"end":{"line":113,"column":19}},"113":{"start":{"line":114,"column":0},"end":{"line":114,"column":25}},"114":{"start":{"line":115,"column":0},"end":{"line":115,"column":36}},"115":{"start":{"line":116,"column":0},"end":{"line":116,"column":30}},"116":{"start":{"line":117,"column":0},"end":{"line":117,"column":91}},"117":{"start":{"line":118,"column":0},"end":{"line":118,"column":35}},"118":{"start":{"line":119,"column":0},"end":{"line":119,"column":14}},"119":{"start":{"line":120,"column":0},"end":{"line":120,"column":16}},"120":{"start":{"line":121,"column":0},"end":{"line":121,"column":36}},"121":{"start":{"line":122,"column":0},"end":{"line":122,"column":65}},"123":{"start":{"line":124,"column":0},"end":{"line":124,"column":90}},"124":{"start":{"line":125,"column":0},"end":{"line":125,"column":20}},"125":{"start":{"line":126,"column":0},"end":{"line":126,"column":16}},"126":{"start":{"line":127,"column":0},"end":{"line":127,"column":14}},"128":{"start":{"line":129,"column":0},"end":{"line":129,"column":26}},"129":{"start":{"line":130,"column":0},"end":{"line":130,"column":18}},"130":{"start":{"line":131,"column":0},"end":{"line":131,"column":26}},"131":{"start":{"line":132,"column":0},"end":{"line":132,"column":264}},"132":{"start":{"line":133,"column":0},"end":{"line":133,"column":33}},"134":{"start":{"line":135,"column":0},"end":{"line":135,"column":59}},"135":{"start":{"line":136,"column":0},"end":{"line":136,"column":19}},"136":{"start":{"line":137,"column":0},"end":{"line":137,"column":14}},"138":{"start":{"line":139,"column":0},"end":{"line":139,"column":58}},"140":{"start":{"line":141,"column":0},"end":{"line":141,"column":110}},"142":{"start":{"line":143,"column":0},"end":{"line":143,"column":21}},"143":{"start":{"line":144,"column":0},"end":{"line":144,"column":12}},"144":{"start":{"line":145,"column":0},"end":{"line":145,"column":12}},"145":{"start":{"line":146,"column":0},"end":{"line":146,"column":11}},"146":{"start":{"line":147,"column":0},"end":{"line":147,"column":8}}},"s":{"1":1,"3":1,"4":1,"5":1,"6":1,"7":1,"8":1,"9":1,"11":1,"12":20,"13":19,"14":19,"16":20,"17":8,"18":8,"19":8,"20":20,"21":2,"22":2,"23":2,"24":20,"25":1,"26":1,"27":1,"28":20,"29":0,"30":0,"31":0,"33":8,"34":8,"35":8,"36":8,"37":8,"38":8,"39":8,"40":8,"41":8,"42":8,"44":20,"45":2,"46":2,"47":2,"48":2,"49":2,"51":20,"52":20,"53":4,"54":4,"55":4,"56":20,"57":8,"58":8,"59":20,"63":1,"64":1,"65":1,"66":1,"67":1,"68":1,"69":1,"71":1,"72":1,"73":1,"75":1,"76":1,"77":1,"78":1,"79":1,"80":1,"81":1,"82":1,"83":1,"84":1,"85":1,"86":1,"87":1,"88":1,"89":1,"90":1,"91":1,"92":1,"93":1,"94":1,"95":1,"96":1,"97":1,"98":1,"99":1,"100":1,"101":1,"102":1,"103":1,"104":1,"105":1,"106":1,"107":1,"108":1,"110":1,"111":1,"112":1,"113":1,"114":1,"115":1,"116":1,"117":1,"118":1,"119":1,"120":1,"121":1,"123":1,"124":1,"125":1,"126":1,"128":1,"129":1,"130":1,"131":1,"132":1,"134":1,"135":1,"136":1,"138":1,"140":1,"142":0,"143":1,"144":1,"145":1,"146":1},"branchMap":{"0":{"type":"branch","line":12,"loc":{"start":{"line":12,"column":21},"end":{"line":60,"column":2}},"locations":[{"start":{"line":12,"column":21},"end":{"line":60,"column":2}}]},"1":{"type":"branch","line":13,"loc":{"start":{"line":13,"column":23},"end":{"line":13,"column":30}},"locations":[{"start":{"line":13,"column":23},"end":{"line":13,"column":30}}]},"2":{"type":"branch","line":13,"loc":{"start":{"line":13,"column":23},"end":{"line":17,"column":25}},"locations":[{"start":{"line":13,"column":23},"end":{"line":17,"column":25}}]},"3":{"type":"branch","line":17,"loc":{"start":{"line":17,"column":16},"end":{"line":17,"column":41}},"locations":[{"start":{"line":17,"column":16},"end":{"line":17,"column":41}}]},"4":{"type":"branch","line":17,"loc":{"start":{"line":17,"column":32},"end":{"line":17,"column":58}},"locations":[{"start":{"line":17,"column":32},"end":{"line":17,"column":58}}]},"5":{"type":"branch","line":17,"loc":{"start":{"line":17,"column":58},"end":{"line":20,"column":3}},"locations":[{"start":{"line":17,"column":58},"end":{"line":20,"column":3}}]},"6":{"type":"branch","line":20,"loc":{"start":{"line":20,"column":2},"end":{"line":21,"column":38}},"locations":[{"start":{"line":20,"column":2},"end":{"line":21,"column":38}}]},"7":{"type":"branch","line":21,"loc":{"start":{"line":21,"column":38},"end":{"line":24,"column":3}},"locations":[{"start":{"line":21,"column":38},"end":{"line":24,"column":3}}]},"8":{"type":"branch","line":24,"loc":{"start":{"line":24,"column":2},"end":{"line":25,"column":33}},"locations":[{"start":{"line":24,"column":2},"end":{"line":25,"column":33}}]},"9":{"type":"branch","line":25,"loc":{"start":{"line":25,"column":33},"end":{"line":28,"column":3}},"locations":[{"start":{"line":25,"column":33},"end":{"line":28,"column":3}}]},"10":{"type":"branch","line":28,"loc":{"start":{"line":28,"column":2},"end":{"line":29,"column":27}},"locations":[{"start":{"line":28,"column":2},"end":{"line":29,"column":27}}]},"11":{"type":"branch","line":29,"loc":{"start":{"line":29,"column":27},"end":{"line":32,"column":3}},"locations":[{"start":{"line":29,"column":27},"end":{"line":32,"column":3}}]},"12":{"type":"branch","line":32,"loc":{"start":{"line":32,"column":2},"end":{"line":43,"column":6}},"locations":[{"start":{"line":32,"column":2},"end":{"line":43,"column":6}}]},"13":{"type":"branch","line":43,"loc":{"start":{"line":43,"column":5},"end":{"line":45,"column":22}},"locations":[{"start":{"line":43,"column":5},"end":{"line":45,"column":22}}]},"14":{"type":"branch","line":45,"loc":{"start":{"line":45,"column":13},"end":{"line":45,"column":37}},"locations":[{"start":{"line":45,"column":13},"end":{"line":45,"column":37}}]},"15":{"type":"branch","line":45,"loc":{"start":{"line":45,"column":37},"end":{"line":52,"column":35}},"locations":[{"start":{"line":45,"column":37},"end":{"line":52,"column":35}}]},"16":{"type":"branch","line":52,"loc":{"start":{"line":52,"column":24},"end":{"line":52,"column":57}},"locations":[{"start":{"line":52,"column":24},"end":{"line":52,"column":57}}]},"17":{"type":"branch","line":53,"loc":{"start":{"line":53,"column":2},"end":{"line":57,"column":4}},"locations":[{"start":{"line":53,"column":2},"end":{"line":57,"column":4}}]},"18":{"type":"branch","line":55,"loc":{"start":{"line":55,"column":21},"end":{"line":55,"column":38}},"locations":[{"start":{"line":55,"column":21},"end":{"line":55,"column":38}}]},"19":{"type":"branch","line":55,"loc":{"start":{"line":55,"column":27},"end":{"line":55,"column":70}},"locations":[{"start":{"line":55,"column":27},"end":{"line":55,"column":70}}]},"20":{"type":"branch","line":55,"loc":{"start":{"line":55,"column":43},"end":{"line":55,"column":70}},"locations":[{"start":{"line":55,"column":43},"end":{"line":55,"column":70}}]},"21":{"type":"branch","line":55,"loc":{"start":{"line":55,"column":59},"end":{"line":55,"column":86}},"locations":[{"start":{"line":55,"column":59},"end":{"line":55,"column":86}}]},"22":{"type":"branch","line":55,"loc":{"start":{"line":55,"column":75},"end":{"line":55,"column":109}},"locations":[{"start":{"line":55,"column":75},"end":{"line":55,"column":109}}]},"23":{"type":"branch","line":57,"loc":{"start":{"line":57,"column":2},"end":{"line":57,"column":4}},"locations":[{"start":{"line":57,"column":2},"end":{"line":57,"column":4}}]},"24":{"type":"branch","line":57,"loc":{"start":{"line":57,"column":2},"end":{"line":59,"column":3}},"locations":[{"start":{"line":57,"column":2},"end":{"line":59,"column":3}}]},"25":{"type":"branch","line":72,"loc":{"start":{"line":72,"column":75},"end":{"line":72,"column":141}},"locations":[{"start":{"line":72,"column":75},"end":{"line":72,"column":141}}]},"26":{"type":"branch","line":72,"loc":{"start":{"line":72,"column":84},"end":{"line":72,"column":141}},"locations":[{"start":{"line":72,"column":84},"end":{"line":72,"column":141}}]},"27":{"type":"branch","line":114,"loc":{"start":{"line":114,"column":17},"end":{"line":115,"column":36}},"locations":[{"start":{"line":114,"column":17},"end":{"line":115,"column":36}}]},"28":{"type":"branch","line":135,"loc":{"start":{"line":135,"column":15},"end":{"line":135,"column":59}},"locations":[{"start":{"line":135,"column":15},"end":{"line":135,"column":59}}]},"29":{"type":"branch","line":135,"loc":{"start":{"line":135,"column":24},"end":{"line":135,"column":59}},"locations":[{"start":{"line":135,"column":24},"end":{"line":135,"column":59}}]},"30":{"type":"branch","line":114,"loc":{"start":{"line":114,"column":17},"end":{"line":115,"column":36}},"locations":[{"start":{"line":114,"column":17},"end":{"line":115,"column":36}}]}},"b":{"0":[20],"1":[1],"2":[19],"3":[15],"4":[14],"5":[8],"6":[11],"7":[2],"8":[9],"9":[1],"10":[8],"11":[0],"12":[8],"13":[4],"14":[3],"15":[2],"16":[0],"17":[4],"18":[1],"19":[3],"20":[1],"21":[2],"22":[1],"23":[6],"24":[8],"25":[5],"26":[18],"27":[26],"28":[11],"29":[60],"30":[1]},"fnMap":{"0":{"name":"handleSubmit","decl":{"start":{"line":12,"column":21},"end":{"line":60,"column":2}},"loc":{"start":{"line":12,"column":21},"end":{"line":60,"column":2}},"line":12},"1":{"name":"onUpdate:modelValue._cache.<computed>._cache.<computed>","decl":{"start":{"line":114,"column":17},"end":{"line":115,"column":36}},"loc":{"start":{"line":114,"column":17},"end":{"line":115,"column":36}},"line":114}},"f":{"0":20,"1":1}}
,"/Users/putinan/development/DevOps/develop/main_frontend/concert1/app/components/SideSearchBar.vue": {"path":"/Users/putinan/development/DevOps/develop/main_frontend/concert1/app/components/SideSearchBar.vue","all":false,"statementMap":{"1":{"start":{"line":2,"column":0},"end":{"line":2,"column":7}},"2":{"start":{"line":3,"column":0},"end":{"line":3,"column":40}},"3":{"start":{"line":4,"column":0},"end":{"line":4,"column":8}}},"s":{"1":1,"2":1,"3":1},"branchMap":{},"b":{},"fnMap":{},"f":{}}
,"/Users/putinan/development/DevOps/develop/main_frontend/concert1/app/components/Toasts.vue": {"path":"/Users/putinan/development/DevOps/develop/main_frontend/concert1/app/components/Toasts.vue","all":false,"statementMap":{"1":{"start":{"line":2,"column":0},"end":{"line":2,"column":49}},"2":{"start":{"line":3,"column":0},"end":{"line":3,"column":38}},"4":{"start":{"line":5,"column":0},"end":{"line":5,"column":42}},"5":{"start":{"line":6,"column":0},"end":{"line":6,"column":85}},"6":{"start":{"line":7,"column":0},"end":{"line":7,"column":22}},"7":{"start":{"line":8,"column":0},"end":{"line":8,"column":59}},"8":{"start":{"line":9,"column":0},"end":{"line":9,"column":51}},"9":{"start":{"line":10,"column":0},"end":{"line":10,"column":62}},"10":{"start":{"line":11,"column":0},"end":{"line":11,"column":52}},"11":{"start":{"line":12,"column":0},"end":{"line":12,"column":3}},"12":{"start":{"line":13,"column":0},"end":{"line":13,"column":90}},"13":{"start":{"line":14,"column":0},"end":{"line":14,"column":1}},"15":{"start":{"line":16,"column":0},"end":{"line":16,"column":38}},"16":{"start":{"line":17,"column":0},"end":{"line":17,"column":17}},"17":{"start":{"line":18,"column":0},"end":{"line":18,"column":104}},"20":{"start":{"line":21,"column":0},"end":{"line":21,"column":100}},"23":{"start":{"line":24,"column":0},"end":{"line":24,"column":105}},"26":{"start":{"line":27,"column":0},"end":{"line":27,"column":100}},"29":{"start":{"line":30,"column":0},"end":{"line":30,"column":3}},"30":{"start":{"line":31,"column":0},"end":{"line":31,"column":56}},"31":{"start":{"line":32,"column":0},"end":{"line":32,"column":1}},"35":{"start":{"line":36,"column":0},"end":{"line":36,"column":59}},"36":{"start":{"line":37,"column":0},"end":{"line":37,"column":35}},"37":{"start":{"line":38,"column":0},"end":{"line":38,"column":10}},"38":{"start":{"line":39,"column":0},"end":{"line":39,"column":27}},"39":{"start":{"line":40,"column":0},"end":{"line":40,"column":19}},"40":{"start":{"line":41,"column":0},"end":{"line":41,"column":39}},"41":{"start":{"line":42,"column":0},"end":{"line":42,"column":53}},"43":{"start":{"line":44,"column":0},"end":{"line":44,"column":44}},"44":{"start":{"line":45,"column":0},"end":{"line":45,"column":23}},"45":{"start":{"line":46,"column":0},"end":{"line":46,"column":78}},"47":{"start":{"line":48,"column":0},"end":{"line":48,"column":26}},"48":{"start":{"line":49,"column":0},"end":{"line":49,"column":38}},"49":{"start":{"line":50,"column":0},"end":{"line":50,"column":74}},"50":{"start":{"line":51,"column":0},"end":{"line":51,"column":66}},"51":{"start":{"line":52,"column":0},"end":{"line":52,"column":16}},"53":{"start":{"line":54,"column":0},"end":{"line":54,"column":31}},"54":{"start":{"line":55,"column":0},"end":{"line":55,"column":17}},"55":{"start":{"line":56,"column":0},"end":{"line":56,"column":34}},"56":{"start":{"line":57,"column":0},"end":{"line":57,"column":110}},"57":{"start":{"line":58,"column":0},"end":{"line":58,"column":45}},"59":{"start":{"line":60,"column":0},"end":{"line":60,"column":87}},"60":{"start":{"line":61,"column":0},"end":{"line":61,"column":116}},"61":{"start":{"line":62,"column":0},"end":{"line":62,"column":18}},"62":{"start":{"line":63,"column":0},"end":{"line":63,"column":19}},"63":{"start":{"line":64,"column":0},"end":{"line":64,"column":14}},"64":{"start":{"line":65,"column":0},"end":{"line":65,"column":12}},"65":{"start":{"line":66,"column":0},"end":{"line":66,"column":23}},"66":{"start":{"line":67,"column":0},"end":{"line":67,"column":8}}},"s":{"1":1,"2":1,"4":1,"5":127,"6":127,"7":127,"8":127,"9":127,"10":127,"11":127,"12":127,"13":127,"15":1,"16":127,"17":127,"20":127,"23":127,"26":127,"29":127,"30":127,"31":127,"35":1,"36":1,"37":1,"38":1,"39":1,"40":1,"41":1,"43":1,"44":1,"45":1,"47":1,"48":1,"49":1,"50":1,"51":1,"53":1,"54":1,"55":1,"56":1,"57":1,"59":1,"60":1,"61":1,"62":1,"63":1,"64":1,"65":1,"66":1},"branchMap":{"0":{"type":"branch","line":5,"loc":{"start":{"line":5,"column":23},"end":{"line":14,"column":1}},"locations":[{"start":{"line":5,"column":23},"end":{"line":14,"column":1}}]},"1":{"type":"branch","line":13,"loc":{"start":{"line":13,"column":68},"end":{"line":13,"column":88}},"locations":[{"start":{"line":13,"column":68},"end":{"line":13,"column":88}}]},"2":{"type":"branch","line":16,"loc":{"start":{"line":16,"column":19},"end":{"line":32,"column":1}},"locations":[{"start":{"line":16,"column":19},"end":{"line":32,"column":1}}]},"3":{"type":"branch","line":31,"loc":{"start":{"line":31,"column":41},"end":{"line":31,"column":56}},"locations":[{"start":{"line":31,"column":41},"end":{"line":31,"column":56}}]},"4":{"type":"branch","line":50,"loc":{"start":{"line":50,"column":67},"end":{"line":50,"column":74}},"locations":[{"start":{"line":50,"column":67},"end":{"line":50,"column":74}}]}},"b":{"0":[127],"1":[0],"2":[127],"3":[0],"4":[117]},"fnMap":{"0":{"name":"getToastStyles","decl":{"start":{"line":5,"column":23},"end":{"line":14,"column":1}},"loc":{"start":{"line":5,"column":23},"end":{"line":14,"column":1}},"line":5},"1":{"name":"getIconSvg","decl":{"start":{"line":16,"column":19},"end":{"line":32,"column":1}},"loc":{"start":{"line":16,"column":19},"end":{"line":32,"column":1}},"line":16}},"f":{"0":127,"1":127}}
,"/Users/putinan/development/DevOps/develop/main_frontend/concert1/app/composables/useAuth.ts": {"path":"/Users/putinan/development/DevOps/develop/main_frontend/concert1/app/composables/useAuth.ts","all":false,"statementMap":{"0":{"start":{"line":1,"column":0},"end":{"line":1,"column":35}},"4":{"start":{"line":5,"column":0},"end":{"line":5,"column":39}},"5":{"start":{"line":6,"column":0},"end":{"line":6,"column":27}},"7":{"start":{"line":8,"column":0},"end":{"line":8,"column":67}},"8":{"start":{"line":9,"column":0},"end":{"line":9,"column":67}},"9":{"start":{"line":10,"column":0},"end":{"line":10,"column":76}},"10":{"start":{"line":11,"column":0},"end":{"line":11,"column":1}},"12":{"start":{"line":13,"column":0},"end":{"line":13,"column":27}},"13":{"start":{"line":14,"column":0},"end":{"line":14,"column":56}},"15":{"start":{"line":16,"column":0},"end":{"line":16,"column":30}},"16":{"start":{"line":17,"column":0},"end":{"line":17,"column":9}},"18":{"start":{"line":19,"column":0},"end":{"line":19,"column":71}},"20":{"start":{"line":21,"column":0},"end":{"line":21,"column":23}},"22":{"start":{"line":23,"column":0},"end":{"line":23,"column":55}},"23":{"start":{"line":24,"column":0},"end":{"line":24,"column":69}},"24":{"start":{"line":25,"column":0},"end":{"line":25,"column":70}},"25":{"start":{"line":26,"column":0},"end":{"line":26,"column":58}},"26":{"start":{"line":27,"column":0},"end":{"line":27,"column":29}},"27":{"start":{"line":28,"column":0},"end":{"line":28,"column":14}},"29":{"start":{"line":30,"column":0},"end":{"line":30,"column":57}},"30":{"start":{"line":31,"column":0},"end":{"line":31,"column":71}},"31":{"start":{"line":32,"column":0},"end":{"line":32,"column":72}},"32":{"start":{"line":33,"column":0},"end":{"line":33,"column":58}},"33":{"start":{"line":34,"column":0},"end":{"line":34,"column":30}},"34":{"start":{"line":35,"column":0},"end":{"line":35,"column":7}},"35":{"start":{"line":36,"column":0},"end":{"line":36,"column":14}},"36":{"start":{"line":37,"column":0},"end":{"line":37,"column":3}},"38":{"start":{"line":39,"column":0},"end":{"line":39,"column":105}},"40":{"start":{"line":41,"column":0},"end":{"line":41,"column":116}},"41":{"start":{"line":42,"column":0},"end":{"line":42,"column":122}},"43":{"start":{"line":44,"column":0},"end":{"line":44,"column":71}},"44":{"start":{"line":45,"column":0},"end":{"line":45,"column":47}},"45":{"start":{"line":46,"column":0},"end":{"line":46,"column":67}},"46":{"start":{"line":47,"column":0},"end":{"line":47,"column":71}},"47":{"start":{"line":48,"column":0},"end":{"line":48,"column":63}},"48":{"start":{"line":49,"column":0},"end":{"line":49,"column":47}},"50":{"start":{"line":51,"column":0},"end":{"line":51,"column":91}},"51":{"start":{"line":52,"column":0},"end":{"line":52,"column":3}},"53":{"start":{"line":54,"column":0},"end":{"line":54,"column":24}},"54":{"start":{"line":55,"column":0},"end":{"line":55,"column":156}},"55":{"start":{"line":56,"column":0},"end":{"line":56,"column":122}},"56":{"start":{"line":57,"column":0},"end":{"line":57,"column":21}},"57":{"start":{"line":58,"column":0},"end":{"line":58,"column":3}},"59":{"start":{"line":60,"column":0},"end":{"line":60,"column":45}},"60":{"start":{"line":61,"column":0},"end":{"line":61,"column":63}},"61":{"start":{"line":62,"column":0},"end":{"line":62,"column":3}},"63":{"start":{"line":64,"column":0},"end":{"line":64,"column":100}},"64":{"start":{"line":65,"column":0},"end":{"line":65,"column":1}}},"s":{"0":1,"4":1,"5":1,"7":0,"8
[...]
":0},"end":{"line":16,"column":63}},"16":{"start":{"line":17,"column":0},"end":{"line":17,"column":25}},"17":{"start":{"line":18,"column":0},"end":{"line":18,"column":13}},"18":{"start":{"line":19,"column":0},"end":{"line":19,"column":50}},"19":{"start":{"line":20,"column":0},"end":{"line":20,"column":21}},"20":{"start":{"line":21,"column":0},"end":{"line":21,"column":30}},"21":{"start":{"line":22,"column":0},"end":{"line":22,"column":9}},"22":{"start":{"line":23,"column":0},"end":{"line":23,"column":7}},"23":{"start":{"line":24,"column":0},"end":{"line":24,"column":5}},"24":{"start":{"line":25,"column":0},"end":{"line":25,"column":3}},"26":{"start":{"line":27,"column":0},"end":{"line":27,"column":71}},"27":{"start":{"line":28,"column":0},"end":{"line":28,"column":26}},"28":{"start":{"line":29,"column":0},"end":{"line":29,"column":21}},"29":{"start":{"line":30,"column":0},"end":{"line":30,"column":51}},"30":{"start":{"line":31,"column":0},"end":{"line":31,"column":12}},"31":{"start":{"line":32,"column":0},"end":{"line":32,"column":49}},"32":{"start":{"line":33,"column":0},"end":{"line":33,"column":5}},"33":{"start":{"line":34,"column":0},"end":{"line":34,"column":3}},"35":{"start":{"line":36,"column":0},"end":{"line":36,"column":41}},"36":{"start":{"line":37,"column":0},"end":{"line":37,"column":106}},"37":{"start":{"line":38,"column":0},"end":{"line":38,"column":3}},"39":{"start":{"line":40,"column":0},"end":{"line":40,"column":44}},"40":{"start":{"line":41,"column":0},"end":{"line":41,"column":31}},"41":{"start":{"line":42,"column":0},"end":{"line":42,"column":69}},"42":{"start":{"line":43,"column":0},"end":{"line":43,"column":3}},"44":{"start":{"line":45,"column":0},"end":{"line":45,"column":40}},"45":{"start":{"line":46,"column":0},"end":{"line":46,"column":43}},"46":{"start":{"line":47,"column":0},"end":{"line":47,"column":61}},"47":{"start":{"line":48,"column":0},"end":{"line":48,"column":34}},"48":{"start":{"line":49,"column":0},"end":{"line":49,"column":9}},"49":{"start":{"line":50,"column":0},"end":{"line":50,"column":37}},"50":{"start":{"line":51,"column":0},"end":{"line":51,"column":17}},"51":{"start":{"line":52,"column":0},"end":{"line":52,"column":17}},"52":{"start":{"line":53,"column":0},"end":{"line":53,"column":5}},"53":{"start":{"line":54,"column":0},"end":{"line":54,"column":3}},"55":{"start":{"line":56,"column":0},"end":{"line":56,"column":24}},"56":{"start":{"line":57,"column":0},"end":{"line":57,"column":22}},"57":{"start":{"line":58,"column":0},"end":{"line":58,"column":24}},"58":{"start":{"line":59,"column":0},"end":{"line":59,"column":40}},"59":{"start":{"line":60,"column":0},"end":{"line":60,"column":42}},"60":{"start":{"line":61,"column":0},"end":{"line":61,"column":43}},"61":{"start":{"line":62,"column":0},"end":{"line":62,"column":3}},"63":{"start":{"line":64,"column":0},"end":{"line":64,"column":10}},"64":{"start":{"line":65,"column":0},"end":{"line":65,"column":15}},"65":{"start":{"line":66,"column":0},"end":{"line":66,"column":10}},"66":{"start":{"line":67,"column":0},"end":{"line":67,"column":12}},"67":{"start":{"line":68,"column":0},"end":{"line":68,"column":20}},"68":{"start":{"line":69,"column":0},"end":{"line":69,"column":13}},"69":{"start":{"line":70,"column":0},"end":{"line":70,"column":13}},"70":{"start":{"line":71,"column":0},"end":{"line":71,"column":15}},"71":{"start":{"line":72,"column":0},"end":{"line":72,"column":15}},"72":{"start":{"line":73,"column":0},"end":{"line":73,"column":10}},"73":{"start":{"line":74,"column":0},"end":{"line":74,"column":3}},"74":{"start":{"line":75,"column":0},"end":{"line":75,"column":1}}},"s":{"0":1,"3":1,"4":1,"6":1,"7":70,"9":70,"10":24,"11":24,"12":24,"14":24,"15":22,"16":22,"17":0,"18":0,"19":0,"20":0,"21":0,"22":0,"23":22,"24":24,"26":70,"27":2,"28":2,"29":1,"30":1,"31":1,"32":1,"33":2,"35":70,"36":3,"37":3,"39":70,"40":1,"41":1,"42":1,"44":70,"45":2,"46":2,"47":2,"48":2,"49":2,"50":2,"51":1,"52":1,"53":2,"55":70,"56":17,"57":17,"58":17,"59":17,"60":17,"61":17,"63":70,"64":70,"65":70,"66":70,"67":70,"68":70,"69":70,"70":70,"71":70,"72":70,"73":70,"74":70},"branchMap":{"0":{"type":"branch","line":7,"loc":{"start":{"line":7,"column":7},"end":{"line":75,"column":1}},"locations":[{"start":{"line":7,"column":7},"end":{"line":75,"column":1}}]},"1":{"type":"branch","line":8,"loc":{"start":{"line":8,"column":30},"end":{"line":8,"column":49}},"locations":[{"start":{"line":8,"column":30},"end":{"line":8,"column":49}}]},"2":{"type":"branch","line":10,"loc":{"start":{"line":10,"column":26},"end":{"line":25,"column":3}},"locations":[{"start":{"line":10,"column":26},"end":{"line":25,"column":3}}]},"3":{"type":"branch","line":13,"loc":{"start":{"line":13,"column":18},"end":{"line":13,"column":48}},"locations":[{"start":{"line":13,"column":18},"end":{"line":13,"column":48}}]},"4":{"type":"branch","line":13,"loc":{"start":{"line":13,"column":32},"end":{"line":13,"column":52}},"locations":[{"start":{"line":13,"column":32},"end":{"line":13,"column":52}}]},"5":{"type":"branch","line":15,"loc":{"start":{"line":15,"column":21},"end":{"line":24,"column":5}},"locations":[{"start":{"line":15,"column":21},"end":{"line":24,"column":5}}]},"6":{"type":"branch","line":17,"loc":{"start":{"line":17,"column":24},"end":{"line":23,"column":7}},"locations":[{"start":{"line":17,"column":24},"end":{"line":23,"column":7}}]},"7":{"type":"branch","line":27,"loc":{"start":{"line":27,"column":19},"end":{"line":34,"column":3}},"locations":[{"start":{"line":27,"column":19},"end":{"line":34,"column":3}}]},"8":{"type":"branch","line":29,"loc":{"start":{"line":29,"column":20},"end":{"line":33,"column":5}},"locations":[{"start":{"line":29,"column":20},"end":{"line":33,"column":5}}]},"9":{"type":"branch","line":36,"loc":{"start":{"line":36,"column":19},"end":{"line":38,"column":3}},"locations":[{"start":{"line":36,"column":19},"end":{"line":38,"column":3}}]},"10":{"type":"branch","line":37,"loc":{"start":{"line":37,"column":17},"end":{"line":37,"column":63}},"locations":[{"start":{"line":37,"column":17},"end":{"line":37,"column":63}}]},"11":{"type":"branch","line":37,"loc":{"start":{"line":37,"column":58},"end":{"line":37,"column":102}},"locations":[{"start":{"line":37,"column":58},"end":{"line":37,"column":102}}]},"12":{"type":"branch","line":37,"loc":{"start":{"line":37,"column":97},"end":{"line":37,"column":106}},"locations":[{"start":{"line":37,"column":97},"end":{"line":37,"column":106}}]},"13":{"type":"branch","line":40,"loc":{"start":{"line":40,"column":21},"end":{"line":43,"column":3}},"locations":[{"start":{"line":40,"column":21},"end":{"line":43,"column":3}}]},"14":{"type":"branch","line":45,"loc":{"start":{"line":45,"column":21},"end":{"line":54,"column":3}},"locations":[{"start":{"line":45,"column":21},"end":{"line":54,"column":3}}]},"15":{"type":"branch","line":46,"loc":{"start":{"line":46,"column":23},"end":{"line":46,"column":43}},"locations":[{"start":{"line":46,"column":23},"end":{"line":46,"column":43}}]},"16":{"type":"branch","line":48,"loc":{"start":{"line":48,"column":23},"end":{"line":48,"column":34}},"locations":[{"start":{"line":48,"column":23},"end":{"line":48,"column":34}}]},"17":{"type":"branch","line":51,"loc":{"start":{"line":51,"column":4},"end":{"line":53,"column":5}},"locations":[{"start":{"line":51,"column":4},"end":{"line":53,"column":5}}]},"18":{"type":"branch","line":56,"loc":{"start":{"line":56,"column":17},"end":{"line":62,"column":3}},"locations":[{"start":{"line":56,"column":17},"end":{"line":62,"column":3}}]}},"b":{"0":[70],"1":[25],"2":[24],"3":[3],"4":[2],"5":[22],"6":[0],"7":[2],"8":[1],"9":[3],"10":[2],"11":[1],"12":[1],"13":[1],"14":[2],"15":[0],"16":[0],"17":[1],"18":[17]},"fnMap":{"0":{"name":"useAuth","decl":{"start":{"line":7,"column":7},"end":{"line":75,"column":1}},"loc":{"start":{"line":7,"column":7},"end":{"line":75,"column":1}},"line":7},"1":{"name":"loadFromStorage","decl":{"start":{"line":10,"column":26},"end":{"line":25,"column":3}},"loc":{"start":{"line":10,"column":26},"end":{"line":25,"column":3}},"line":10},"2":{"name":"setToken","decl":{"start":{"line":27,"column":19},"end":{"line":34,"column":3}},"loc":{"start":{"line":27,"column":19},"end":{"line":34,"column":3}},"line":27},"3":{"name":"getToken","decl":{"start":{"line":36,"column":19},"end":{"line":38,"column":3}},"loc":{"start":{"line":36,"column":19},"end":{"line":38,"column":3}},"line":36},"4":{"name":"setProfile","decl":{"start":{"line":40,"column":21},"end":{"line":43,"column":3}},"loc":{"start":{"line":40,"column":21},"end":{"line":43,"column":3}},"line":40},"5":{"name":"getProfile","decl":{"start":{"line":45,"column":21},"end":{"line":54,"column":3}},"loc":{"start":{"line":45,"column":21},"end":{"line":54,"column":3}},"line":45},"6":{"name":"logout","decl":{"start":{"line":56,"column":17},"end":{"line":62,"column":3}},"loc":{"start":{"line":56,"column":17},"end":{"line":62,"column":3}},"line":56}},"f":{"0":70,"1":24,"2":2,"3":3,"4":1,"5":2,"6":17}}
,"/Users/putinan/development/DevOps/develop/main_frontend/concert1/composables/useToast.ts": {"path":"/Users/putinan/development/DevOps/develop/main_frontend/concert1/composables/useToast.ts","all":false,"statementMap":{"0":{"start":{"line":1,"column":0},"end":{"line":1,"column":25}},"10":{"start":{"line":11,"column":0},"end":{"line":11,"column":31}},"11":{"start":{"line":12,"column":0},"end":{"line":12,"column":13}},"13":{"start":{"line":14,"column":0},"end":{"line":14,"column":28}},"14":{"start":{"line":15,"column":0},"end":{"line":15,"column":16}},"15":{"start":{"line":16,"column":0},"end":{"line":16,"column":20}},"16":{"start":{"line":17,"column":0},"end":{"line":17,"column":33}},"17":{"start":{"line":18,"column":0},"end":{"line":18,"column":19}},"18":{"start":{"line":19,"column":0},"end":{"line":19,"column":18}},"19":{"start":{"line":20,"column":0},"end":{"line":20,"column":5}},"20":{"start":{"line":21,"column":0},"end":{"line":21,"column":22}},"21":{"start":{"line":22,"column":0},"end":{"line":22,"column":60}},"22":{"start":{"line":23,"column":0},"end":{"line":23,"column":59}},"23":{"start":{"line":24,"column":0},"end":{"line":24,"column":3}},"25":{"start":{"line":26,"column":0},"end":{"line":26,"column":69}},"26":{"start":{"line":27,"column":0},"end":{"line":27,"column":44}},"27":{"start":{"line":28,"column":0},"end":{"line":28,"column":3}},"29":{"start":{"line":30,"column":0},"end":{"line":30,"column":67}},"30":{"start":{"line":31,"column":0},"end":{"line":31,"column":42}},"31":{"start":{"line":32,"column":0},"end":{"line":32,"column":3}},"33":{"start":{"line":34,"column":0},"end":{"line":34,"column":66}},"34":{"start":{"line":35,"column":0},"end":{"line":35,"column":41}},"35":{"start":{"line":36,"column":0},"end":{"line":36,"column":3}},"37":{"start":{"line":38,"column":0},"end":{"line":38,"column":69}},"38":{"start":{"line":39,"column":0},"end":{"line":39,"column":44}},"39":{"start":{"line":40,"column":0},"end":{"line":40,"column":3}},"41":{"start":{"line":42,"column":0},"end":{"line":42,"column":32}},"42":{"start":{"line":43,"column":0},"end":{"line":43,"column":56}},"43":{"start":{"line":44,"column":0},"end":{"line":44,"column":3}},"45":{"start":{"line":46,"column":0},"end":{"line":46,"column":25}},"46":{"start":{"line":47,"column":0},"end":{"line":47,"column":21}},"47":{"start":{"line":48,"column":0},"end":{"line":48,"column":3}},"49":{"start":{"line":50,"column":0},"end":{"line":50,"column":10}},"50":{"start":{"line":51,"column":0},"end":{"line":51,"column":11}},"51":{"start":{"line":52,"column":0},"end":{"line":52,"column":9}},"52":{"start":{"line":53,"column":0},"end":{"line":53,"column":12}},"53":{"start":{"line":54,"column":0},"end":{"line":54,"column":10}},"54":{"start":{"line":55,"column":0},"end":{"line":55,"column":9}},"55":{"start":{"line":56,"column":0},"end":{"line":56,"column":12}},"56":{"start":{"line":57,"column":0},"end":{"line":57,"column":12}},"57":{"start":{"line":58,"column":0},"end":{"line":58,"column":14}},"58":{"start":{"line":59,"column":0},"end":{"line":59,"column":3}},"59":{"start":{"line":60,"column":0},"end":{"line":60,"column":1}}},"s":{"0":1,"10":1,"11":1,"13":1,"14":87,"15":16,"16":16,"17":16,"18":16,"19":16,"20":16,"21":16,"22":16,"23":16,"25":87,"26":8,"27":8,"29":87,"30":4,"31":4,"33":87,"34":2,"35":2,"37":87,"38":2,"39":2,"41":87,"42":2,"43":2,"45":87,"46":14,"47":14,"49":87,"50":87,"51":87,"52":87,"53":87,"54":87,"55":87,"56":87,"57":87,"58":87,"59":87},"branchMap":{"0":{"type":"branch","line":14,"loc":{"start":{"line":14,"column":7},"end":{"line":60,"column":1}},"locations":[{"start":{"line":14,"column":7},"end":{"line":60,"column":1}}]},"1":{"type":"branch","line":15,"loc":{"start":{"line":15,"column":2},"end":{"line":24,"column":3}},"locations":[{"start":{"line":15,"column":2},"end":{"line":24,"column":3}}]},"2":{"type":"branch","line":23,"loc":{"start":{"line":23,"column":21},"end":{"line":23,"column":59}},"locations":[{"start":{"line":23,"column":21},"end":{"line":23,"column":59}}]},"3":{"type":"branch","line":23,"loc":{"start":{"line":23,"column":32},"end":{"line":23,"column":51}},"locations":[{"start":{"line":23,"column":32},"end":{"line":23,"column":51}}]},"4":{"type":"branch","line":26,"loc":{"start":{"line":26,"column":2},"end":{"line":28,"column":3}},"locations":[{"start":{"line":26,"column":2},"end":{"line":28,"column":3}}]},"5":{"type":"branch","line":30,"loc":{"start":{"line":30,"column":2},"end":{"line":32,"column":3}},"locations":[{"start":{"line":30,"column":2},"end":{"line":32,"column":3}}]},"6":{"type":"branch","line":34,"loc":{"start":{"line":34,"column":2},"end":{"line":36,"column":3}},"locations":[{"start":{"line":34,"column":2},"end":{"line":36,"column":3}}]},"7":{"type":"branch","line":38,"loc":{"start":{"line":38,"column":2},"end":{"line":40,"column":3}},"locations":[{"start":{"line":38,"column":2},"end":{"line":40,"column":3}}]},"8":{"type":"branch","line":42,"loc":{"start":{"line":42,"column":2},"end":{"line":44,"column":3}},"locations":[{"start":{"line":42,"column":2},"end":{"line":44,"column":3}}]},"9":{"type":"branch","line":43,"loc":{"start":{"line":43,"column":39},"end":{"line":43,"column":55}},"locations":[{"start":{"line":43,"column":39},"end":{"line":43,"column":55}}]},"10":{"type":"branch","line":46,"loc":{"start":{"line":46,"column":2},"end":{"line":48,"column":3}},"locations":[{"start":{"line":46,"column":2},"end":{"line":48,"column":3}}]}},"b":{"0":[87],"1":[16],"2":[13],"3":[1],"4":[8],"5":[4],"6":[2],"7":[2],"8":[2],"9":[2],"10":[14]},"fnMap":{"0":{"name":"useToast","decl":{"start":{"line":14,"column":7},"end":{"line":60,"column":1}},"loc":{"start":{"line":14,"column":7},"end":{"line":60,"column":1}},"line":14},"1":{"name":"push","decl":{"start":{"line":15,"column":2},"end":{"line":24,"column":3}},"loc":{"start":{"line":15,"column":2},"end":{"line":24,"column":3}},"line":15},"2":{"name":"success","decl":{"start":{"line":26,"column":2},"end":{"line":28,"column":3}},"loc":{"start":{"line":26,"column":2},"end":{"line":28,"column":3}},"line":26},"3":{"name":"error","decl":{"start":{"line":30,"column":2},"end":{"line":32,"column":3}},"loc":{"start":{"line":30,"column":2},"end":{"line":32,"column":3}},"line":30},"4":{"name":"info","decl":{"start":{"line":34,"column":2},"end":{"line":36,"column":3}},"loc":{"start":{"line":34,"column":2},"end":{"line":36,"column":3}},"line":34},"5":{"name":"warning","decl":{"start":{"line":38,"column":2},"end":{"line":40,"column":3}},"loc":{"start":{"line":38,"column":2},"end":{"line":40,"column":3}},"line":38},"6":{"name":"dismiss","decl":{"start":{"line":42,"column":2},"end":{"line":44,"column":3}},"loc":{"start":{"line":42,"column":2},"end":{"line":44,"column":3}},"line":42},"7":{"name":"dismissAll","decl":{"start":{"line":46,"column":2},"end":{"line":48,"column":3}},"loc":{"start":{"line":46,"column":2},"end":{"line":48,"column":3}},"line":46}},"f":{"0":87,"1":16,"2":8,"3":4,"4":2,"5":2,"6":2,"7":14}}
,"/Users/putinan/development/DevOps/develop/main_frontend/concert1/composables/useUnauthorizedHandler.ts": {"path":"/Users/putinan/development/DevOps/develop/main_frontend/concert1/composables/useUnauthorizedHandler.ts","all":false,"statementMap":{"5":{"start":{"line":6,"column":0},"end":{"line":6,"column":38}},"6":{"start":{"line":7,"column":0},"end":{"line":7,"column":37}},"7":{"start":{"line":8,"column":0},"end":{"line":8,"column":35}},"9":{"start":{"line":10,"column":0},"end":{"line":10,"column":45}},"10":{"start":{"line":11,"column":0},"end":{"line":11,"column":28}},"11":{"start":{"line":12,"column":0},"end":{"line":12,"column":41}},"12":{"start":{"line":13,"column":0},"end":{"line":13,"column":33}},"18":{"start":{"line":19,"column":0},"end":{"line":19,"column":108}},"20":{"start":{"line":21,"column":0},"end":{"line":21,"column":15}},"23":{"start":{"line":24,"column":0},"end":{"line":24,"column":22}},"24":{"start":{"line":25,"column":0},"end":{"line":25,"column":85}},"25":{"start":{"line":26,"column":0},"end":{"line":26,"column":51}},"26":{"start":{"line":27,"column":0},"end":{"line":27,"column":5}},"29":{"start":{"line":30,"column":0},"end":{"line":30,"column":55}},"30":{"start":{"line":31,"column":0},"end":{"line":31,"column":63}},"31":{"start":{"line":32,"column":0},"end":{"line":32,"column":5}},"34":{"start":{"line":35,"column":0},"end":{"line":35,"column":40}},"35":{"start":{"line":36,"column":0},"end":{"line":36,"column":31}},"36":{"start":{"line":37,"column":0},"end":{"line":37,"column":5}},"37":{"start":{"line":38,"column":0},"end":{"line":38,"column":3}},"42":{"start":{"line":43,"column":0},"end":{"line":43,"column":56}},"43":{"start":{"line":44,"column":0},"end":{"line":44,"column":80}},"44":{"start":{"line":45,"column":0},"end":{"line":45,"column":43}},"45":{"start":{"line":46,"column":0},"end":{"line":46,"column":3}},"51":{"start":{"line":52,"column":0},"end":{"line":52,"column":64}},"52":{"start":{"line":53,"column":0},"end":{"line":53,"column":37}},"53":{"start":{"line":54,"column":0},"end":{"line":54,"column":84}},"54":{"start":{"line":55,"column":0},"end":{"line":55,"column":83}},"55":{"start":{"line":56,"column":0},"end":{"line":56,"column":17}},"56":{"start":{"line":57,"column":0},"end":{"line":57,"column":5}},"57":{"start":{"line":58,"column":0},"end":{"line":58,"column":16}},"58":{"start":{"line":59,"column":0},"end":{"line":59,"column":3}},"60":{"start":{"line":61,"column":0},"end":{"line":61,"column":10}},"61":{"start":{"line":62,"column":0},"end":{"line":62,"column":23}},"62":{"start":{"line":63,"column":0},"end":{"line":63,"column":24}},"63":{"start":{"line":64,"column":0},"end":{"line":64,"column":18}},"64":{"start":{"line":65,"column":0},"end":{"line":65,"column":3}},"65":{"start":{"line":66,"column":0},"end":{"line":66,"column":1}}},"s":{"5":1,"6":1,"7":1,"9":1,"10":21,"11":21,"12":21,"18":21,"20":0,"23":0,"24":0,"25":0,"26":0,"29":0,"30":0,"31":0,"34":0,"35":0,"36":0,"37":0,"42":21,"43":0,"44":0,"45":0,"51":21,"52":0,"53":0,"54":0,"55":0,"56":0,"57":0,"58":0,"60":21,"61":21,"62":21,"63":21,"64":21,"65":21},"branchMap":{"0":{"type":"branch","line":10,"loc":{"start":{"line":10,"column":38},"end":{"line":66,"column":1}},"locations":[{"start":{"line":10,"column":38},"end":{"line":66,"column":1}}]}},"b":{"0":[21]},"fnMap":{"0":{"name":"useUnauthorizedHandler","decl":{"start":{"line":10,"column":38},"end":{"line":66,"column":1}},"loc":{"start":{"line":10,"column":38},"end":{"line":66,"column":1}},"line":10},"1":{"name":"handleUnauthorized","decl":{"start":{"line":19,"column":29},"end":{"line":38,"column":3}},"loc":{"start":{"line":19,"column":29},"end":{"line":38,"column":3}},"line":19},"2":{"name":"isUnauthorizedError","decl":{"start":{"line":43,"column":30},"end":{"line":46,"column":3}},"loc":{"start":{"line":43,"column":30},"end":{"line":46,"column":3}},"line":43},"3":{"name":"handleApiError","decl":{"start":{"line":52,"column":25},"end":{"line":59,"column":3}},"loc":{"start":{"line":52,"column":25},"end":{"line":59,"column":3}},"line":52}},"f":{"0":21,"1":0,"2":0,"3":0}}
}
