TN:
SF:app/components/CartEach.vue
FN:5,onUpdate:modelValue._cache.<computed>._cache.<computed>
FNF:1
FNH:1
FNDA:1,onUpdate:modelValue._cache.<computed>._cache.<computed>
DA:2,1
DA:3,1
DA:4,1
DA:5,1
DA:6,1
DA:7,1
DA:8,1
DA:9,1
LF:8
LH:8
BRDA:5,0,0,1
BRF:1
BRH:1
end_of_record
TN:
SF:app/components/CategoriesTop.vue
FNF:0
FNH:0
DA:2,1
DA:3,1
DA:4,1
DA:5,1
DA:6,1
DA:7,1
DA:8,1
DA:9,1
DA:10,1
LF:9
LH:9
BRF:0
BRH:0
end_of_record
TN:
SF:app/components/DatabaseInfo.vue
FN:133,toggleCredentials
FN:140,fetchUsers
FNF:2
FNH:2
FNDA:15,toggleCredentials
FNDA:15,fetchUsers
DA:2,1
DA:3,1
DA:4,1
DA:6,1
DA:7,1
DA:8,1
DA:13,1
DA:14,1
DA:16,1
DA:87,1
DA:88,1
DA:90,1
DA:92,15
DA:94,15
DA:95,5
DA:96,5
DA:97,5
DA:98,5
DA:100,5
DA:101,5
DA:102,5
DA:103,5
DA:104,5
DA:105,5
DA:106,5
DA:107,5
DA:109,15
DA:111,10
DA:113,1
DA:114,1
DA:115,1
DA:116,1
DA:118,1
DA:119,1
DA:120,1
DA:121,1
DA:122,1
DA:126,1
DA:127,1
DA:129,1
DA:130,1
DA:131,1
DA:133,1
DA:134,15
DA:135,15
DA:136,14
DA:137,14
DA:138,15
DA:140,1
DA:141,15
DA:142,15
DA:143,15
DA:144,13
DA:145,15
DA:146,10
DA:147,10
DA:148,15
DA:149,15
DA:150,15
DA:151,15
LF:60
LH:60
BRDA:133,0,0,15
BRDA:135,1,0,14
BRDA:135,2,0,14
BRDA:140,3,0,15
BRDA:143,4,0,13
BRDA:145,5,0,10
BRDA:13,6,0,30
BRDA:13,7,0,19
BRDA:90,8,0,15
BRDA:92,9,0,15
BRDA:94,10,0,5
BRDA:109,11,0,10
BRF:12
BRH:12
end_of_record
TN:
SF:app/components/EmptyState.vue
FN:37,$props.secondaryAction.onClick._cache.<computed>._cache.<computed>
FNF:1
FNH:1
FNDA:1,$props.secondaryAction.onClick._cache.<computed>._cache.<computed>
DA:2,1
DA:3,1
DA:4,1
DA:5,1
DA:6,1
DA:7,1
DA:8,1
DA:9,1
DA:10,1
DA:12,1
DA:13,1
DA:14,1
DA:15,1
DA:17,1
DA:18,1
DA:19,1
DA:20,1
DA:22,1
DA:23,1
DA:24,1
DA:25,1
DA:26,1
DA:28,1
DA:29,1
DA:30,1
DA:31,1
DA:32,1
DA:34,1
DA:35,1
DA:36,1
DA:37,1
DA:38,1
DA:40,1
DA:41,1
DA:42,1
DA:43,1
LF:36
LH:36
BRDA:36,0,0,1
BRDA:40,1,0,9
BRDA:37,2,0,1
BRF:3
BRH:3
end_of_record
TN:
SF:app/components/EventCardSkeleton.vue
FNF:0
FNH:0
DA:2,1
DA:13,1
LF:2
LH:2
BRF:0
BRH:0
end_of_record
TN:
SF:app/components/Login.vue
FN:26,handleSubmit
FNF:1
FNH:1
FNDA:21,handleSubmit
DA:2,1
DA:3,1
DA:5,1
DA:7,1
DA:8,1
DA:9,1
DA:10,1
DA:11,1
DA:12,1
DA:14,1
DA:15,30
DA:16,0
DA:17,0
DA:18,0
DA:19,0
DA:20,0
DA:21,0
DA:22,0
DA:23,0
DA:24,1
DA:26,1
DA:27,21
DA:28,3
DA:29,3
DA:30,3
DA:31,3
DA:33,18
DA:34,18
DA:36,18
DA:37,18
DA:38,18
DA:39,18
DA:40,18
DA:42,21
DA:43,9
DA:44,9
DA:46,9
DA:47,0
DA:48,0
DA:50,9
DA:53,9
DA:54,0
DA:55,9
DA:56,9
DA:57,9
DA:58,21
DA:59,1
DA:60,1
DA:61,1
DA:62,21
DA:63,8
DA:64,8
DA:65,8
DA:66,21
DA:67,18
DA:68,18
DA:69,21
DA:74,1
DA:75,1
DA:76,1
DA:77,1
DA:78,1
DA:79,1
DA:80,1
DA:81,1
DA:82,1
DA:83,1
DA:87,1
DA:88,1
DA:89,1
DA:90,1
DA:91,1
DA:92,1
DA:93,1
DA:94,1
DA:95,1
DA:96,1
DA:97,1
DA:98,1
DA:99,1
DA:100,1
DA:101,1
DA:102,1
DA:103,1
DA:104,1
DA:105,1
DA:106,1
DA:107,1
DA:108,1
DA:109,1
DA:111,1
DA:112,1
DA:113,1
DA:114,1
DA:115,1
DA:116,1
DA:117,1
DA:118,1
DA:119,1
DA:120,1
DA:121,1
DA:123,1
DA:124,1
DA:125,1
DA:127,1
DA:128,1
DA:129,1
DA:130,1
DA:131,1
DA:133,1
DA:134,1
DA:136,1
DA:138,1
DA:140,0
DA:141,1
DA:142,1
DA:143,1
DA:144,1
LF:118
LH:106
BRDA:14,0,0,30
BRDA:15,1,0,0
BRDA:26,2,0,21
BRDA:27,3,0,19
BRDA:27,4,0,3
BRDA:31,5,0,18
BRDA:40,6,0,10
BRDA:42,7,0,9
BRDA:46,8,0,0
BRDA:53,9,0,0
BRDA:58,10,0,1
BRDA:62,11,0,8
BRDA:64,12,0,3
BRDA:64,13,0,5
BRDA:64,14,0,1
BRDA:64,15,0,4
BRDA:64,16,0,2
BRDA:66,17,0,18
BRDA:89,18,0,30
BRF:19
BRH:16
end_of_record
TN:
SF:app/components/LogoutModal.vue
FNF:0
FNH:0
DA:8,1
DA:15,1
DA:16,1
DA:17,1
DA:18,1
DA:19,1
DA:20,1
DA:21,1
DA:23,1
DA:24,1
DA:25,1
DA:26,1
DA:27,1
DA:29,1
DA:30,1
DA:31,1
DA:32,1
DA:33,1
DA:35,1
DA:36,1
DA:37,1
DA:38,1
DA:39,1
DA:40,1
LF:24
LH:24
BRDA:16,0,0,1
BRF:1
BRH:1
end_of_record
TN:
SF:app/components/NavBar.vue
FN:35,isMenuOpen.value
FN:40,onResize
FN:44,toggleMenu
FN:48,handleLogout
FN:52,confirmLogout
FN:60,cancelLogout
FN:134,$setup.isLoggedIn.onClick._cache.<computed>._cache.<computed>
FNF:7
FNH:4
FNDA:9,isMenuOpen.value
FNDA:0,onResize
FNDA:0,toggleMenu
FNDA:1,handleLogout
FNDA:1,confirmLogout
FNDA:1,cancelLogout
FNDA:0,$setup.isLoggedIn.onClick._cache.<computed>._cache.<computed>
DA:2,1
DA:3,1
DA:4,1
DA:5,1
DA:7,1
DA:8,1
DA:9,1
DA:10,1
DA:11,1
DA:13,1
DA:15,1
DA:16,1
DA:17,1
DA:19,1
DA:20,1
DA:21,1
DA:22,1
DA:23,1
DA:25,1
DA:26,9
DA:28,9
DA:29,1
DA:31,1
DA:32,0
DA:33,1
DA:35,1
DA:37,0
DA:38,1
DA:40,0
DA:41,0
DA:42,0
DA:44,0
DA:45,0
DA:46,0
DA:48,1
DA:49,1
DA:50,1
DA:52,1
DA:53,1
DA:54,1
DA:55,1
DA:56,1
DA:57,1
DA:58,1
DA:60,1
DA:61,1
DA:62,1
DA:66,1
DA:67,1
DA:68,1
DA:69,1
DA:70,1
DA:71,1
DA:72,1
DA:73,1
DA:75,1
DA:76,1
DA:77,1
DA:78,1
DA:79,1
DA:80,1
DA:81,1
DA:82,1
DA:84,1
DA:85,1
DA:86,1
DA:88,1
DA:89,1
DA:91,1
DA:92,1
DA:93,1
DA:94,1
DA:96,1
DA:97,1
DA:98,1
DA:99,1
DA:100,1
DA:101,1
DA:102,1
DA:104,1
DA:105,1
DA:106,1
DA:107,1
DA:108,1
DA:109,1
DA:110,1
DA:111,1
DA:112,1
DA:113,1
DA:115,1
DA:116,1
DA:117,1
DA:118,1
DA:119,1
DA:120,1
DA:121,1
DA:122,1
DA:123,1
DA:124,1
DA:126,1
DA:127,1
DA:128,1
DA:130,1
DA:131,1
DA:132,1
DA:133,1
DA:134,1
DA:135,1
DA:137,0
DA:138,1
DA:140,1
DA:141,1
DA:142,1
DA:143,1
DA:144,1
DA:146,1
DA:147,1
DA:148,1
DA:149,1
DA:150,1
DA:151,1
DA:153,1
DA:154,1
DA:155,1
DA:156,1
DA:157,1
DA:158,1
DA:159,1
LF:128
LH:119
BRDA:25,0,0,9
BRDA:35,1,0,9
BRDA:48,2,0,1
BRDA:52,3,0,1
BRDA:60,4,0,1
BRDA:91,5,0,0
BRDA:107,6,0,9
BRDA:146,7,0,0
BRF:8
BRH:6
end_of_record
TN:
SF:app/components/ProductCard.vue
FN:26,toDate
FN:40,formatEventDateMn
FN:49,formatEventDateTime
FN:58,more
FN:65,join
FNF:5
FNH:5
FNDA:33,toDate
FNDA:11,formatEventDateMn
FNDA:21,formatEventDateTime
FNDA:1,more
FNDA:1,join
DA:2,1
DA:3,1
DA:23,1
DA:24,1
DA:26,33
DA:28,33
DA:29,30
DA:30,30
DA:31,3
DA:32,33
DA:34,1
DA:35,1
DA:36,1
DA:37,1
DA:38,1
DA:40,1
DA:41,11
DA:42,11
DA:43,11
DA:44,11
DA:45,11
DA:46,11
DA:47,11
DA:49,1
DA:50,21
DA:51,21
DA:52,21
DA:53,21
DA:54,21
DA:55,21
DA:56,21
DA:58,1
DA:59,1
DA:60,1
DA:61,1
DA:62,1
DA:63,1
DA:65,1
DA:67,1
DA:68,1
DA:69,1
DA:70,1
DA:71,1
DA:79,1
DA:81,1
DA:82,1
DA:83,1
DA:84,1
DA:85,1
DA:86,1
DA:88,1
DA:89,1
DA:90,1
DA:91,1
DA:92,1
DA:93,1
DA:95,1
DA:96,1
DA:97,1
DA:98,1
DA:99,1
DA:100,1
DA:101,1
DA:102,1
DA:103,1
DA:104,1
DA:105,1
DA:106,1
DA:107,1
DA:108,1
DA:109,1
DA:110,1
DA:111,1
DA:112,1
DA:113,1
DA:114,1
DA:116,1
DA:117,1
DA:119,1
DA:120,1
DA:122,1
DA:123,1
DA:124,1
LF:83
LH:83
BRDA:26,0,0,33
BRDA:28,1,0,30
BRDA:30,2,0,3
BRDA:34,3,0,10
BRDA:34,4,0,1
BRDA:34,5,0,0
BRDA:35,6,0,10
BRDA:35,7,0,1
BRDA:36,8,0,10
BRDA:36,9,0,1
BRDA:37,10,0,10
BRDA:37,11,0,1
BRDA:38,12,0,10
BRDA:38,13,0,1
BRDA:38,14,0,0
BRDA:40,15,0,11
BRDA:49,16,0,21
BRDA:58,17,0,1
BRDA:65,18,0,1
BRF:19
BRH:17
end_of_record
TN:
SF:app/components/ProductFilterSeclection.vue
FNF:0
FNH:0
DA:2,1
LF:1
LH:1
BRF:0
BRH:0
end_of_record
TN:
SF:app/components/ProductTag.vue
FNF:0
FNH:0
DA:2,1
DA:3,1
DA:5,1
DA:6,1
DA:8,1
DA:9,1
DA:11,1
DA:12,1
LF:8
LH:8
BRF:0
BRH:0
end_of_record
TN:
SF:app/components/Register.vue
FN:12,handleSubmit
FN:114,onUpdate:modelValue._cache.<computed>._cache.<computed>
FNF:2
FNH:2
FNDA:20,handleSubmit
FNDA:1,onUpdate:modelValue._cache.<computed>._cache.<computed>
DA:2,1
DA:4,1
DA:5,1
DA:6,1
DA:7,1
DA:8,1
DA:9,1
DA:10,1
DA:12,1
DA:13,20
DA:14,19
DA:15,19
DA:17,20
DA:18,8
DA:19,8
DA:20,8
DA:21,20
DA:22,2
DA:23,2
DA:24,2
DA:25,20
DA:26,1
DA:27,1
DA:28,1
DA:29,20
DA:30,0
DA:31,0
DA:32,0
DA:34,8
DA:35,8
DA:36,8
DA:37,8
DA:38,8
DA:39,8
DA:40,8
DA:41,8
DA:42,8
DA:43,8
DA:45,20
DA:46,2
DA:47,2
DA:48,2
DA:49,2
DA:50,2
DA:52,20
DA:53,20
DA:54,4
DA:55,4
DA:56,4
DA:57,20
DA:58,8
DA:59,8
DA:60,20
DA:64,1
DA:65,1
DA:66,1
DA:67,1
DA:68,1
DA:69,1
DA:70,1
DA:72,1
DA:73,1
DA:74,1
DA:76,1
DA:77,1
DA:78,1
DA:79,1
DA:80,1
DA:81,1
DA:82,1
DA:83,1
DA:84,1
DA:85,1
DA:86,1
DA:87,1
DA:88,1
DA:89,1
DA:90,1
DA:91,1
DA:92,1
DA:93,1
DA:94,1
DA:95,1
DA:96,1
DA:97,1
DA:98,1
DA:99,1
DA:100,1
DA:101,1
DA:102,1
DA:103,1
DA:104,1
DA:105,1
DA:106,1
DA:107,1
DA:108,1
DA:109,1
DA:111,1
DA:112,1
DA:113,1
DA:114,1
DA:115,1
DA:116,1
DA:117,1
DA:118,1
DA:119,1
DA:120,1
DA:121,1
DA:122,1
DA:124,1
DA:125,1
DA:126,1
DA:127,1
DA:129,1
DA:130,1
DA:131,1
DA:132,1
DA:133,1
DA:135,1
DA:136,1
DA:137,1
DA:139,1
DA:141,1
DA:143,0
DA:144,1
DA:145,1
DA:146,1
DA:147,1
LF:128
LH:124
BRDA:12,0,0,20
BRDA:13,1,0,1
BRDA:13,2,0,19
BRDA:17,3,0,15
BRDA:17,4,0,14
BRDA:17,5,0,8
BRDA:20,6,0,11
BRDA:21,7,0,2
BRDA:24,8,0,9
BRDA:25,9,0,1
BRDA:28,10,0,8
BRDA:29,11,0,0
BRDA:32,12,0,8
BRDA:43,13,0,4
BRDA:45,14,0,3
BRDA:45,15,0,2
BRDA:52,16,0,0
BRDA:53,17,0,4
BRDA:55,18,0,1
BRDA:55,19,0,3
BRDA:55,20,0,1
BRDA:55,21,0,2
BRDA:55,22,0,1
BRDA:57,23,0,6
BRDA:57,24,0,8
BRDA:72,25,0,5
BRDA:72,26,0,18
BRDA:114,27,0,26
BRDA:135,28,0,11
BRDA:135,29,0,60
BRDA:114,30,0,1
BRF:31
BRH:29
end_of_record
TN:
SF:app/components/SideSearchBar.vue
FNF:0
FNH:0
DA:2,1
DA:3,1
DA:4,1
LF:3
LH:3
BRF:0
BRH:0
end_of_record
TN:
SF:app/components/Toasts.vue
FN:5,getToastStyles
FN:16,getIconSvg
FNF:2
FNH:2
FNDA:127,getToastStyles
FNDA:127,getIconSvg
DA:2,1
DA:3,1
DA:5,1
DA:6,127
DA:7,127
DA:8,127
DA:9,127
DA:10,127
DA:11,127
DA:12,127
DA:13,127
DA:14,127
DA:16,1
DA:17,127
DA:18,127
DA:21,127
DA:24,127
DA:27,127
DA:30,127
DA:31,127
DA:32,127
DA:36,1
DA:37,1
DA:38,1
DA:39,1
DA:40,1
DA:41,1
DA:42,1
DA:44,1
DA:45,1
DA:46,1
DA:48,1
DA:49,1
DA:50,1
DA:51,1
DA:52,1
DA:54,1
DA:55,1
DA:56,1
DA:57,1
DA:58,1
DA:60,1
DA:61,1
DA:62,1
DA:63,1
DA:64,1
DA:65,1
DA:66,1
DA:67,1
LF:49
LH:49
BRDA:5,0,0,127
BRDA:13,1,0,0
BRDA:16,2,0,127
BRDA:31,3,0,0
BRDA:50,4,0,117
BRF:5
BRH:3
end_of_record
TN:
SF:app/composables/useAuth.ts
FN:8,readStorage
FN:13,useAuth
FN:16,loadFromStorage
FN:39,saveAuth
FN:54,clearAuth
FN:60,shouldCompleteProfile
FNF:6
FNH:5
FNDA:0,readStorage
FNDA:36,useAuth
FNDA:5,loadFromStorage
FNDA:6,saveAuth
FNDA:19,clearAuth
FNDA:3,shouldCompleteProfile
DA:1,1
DA:5,1
DA:6,1
DA:8,0
DA:9,0
DA:10,0
DA:11,0
DA:13,1
DA:14,36
DA:16,36
DA:17,5
DA:19,5
DA:21,5
DA:23,3
DA:24,3
DA:25,3
DA:26,3
DA:27,3
DA:28,5
DA:30,2
DA:31,2
DA:32,2
DA:33,2
DA:34,2
DA:35,2
DA:36,5
DA:37,5
DA:39,36
DA:41,6
DA:42,6
DA:44,6
DA:45,6
DA:46,6
DA:47,6
DA:48,6
DA:49,1
DA:51,6
DA:52,6
DA:54,36
DA:55,19
DA:56,19
DA:57,19
DA:58,19
DA:60,36
DA:61,3
DA:62,3
DA:64,36
DA:65,36
LF:48
LH:44
BRDA:13,0,0,36
BRDA:14,1,0,8
BRDA:14,2,0,5
BRDA:16,3,0,5
BRDA:21,4,0,3
BRDA:24,5,0,0
BRDA:25,6,0,1
BRDA:26,7,0,2
BRDA:28,8,0,2
BRDA:31,9,0,1
BRDA:32,10,0,1
BRDA:33,11,0,1
BRDA:36,12,0,0
BRDA:39,13,0,6
BRDA:44,14,0,5
BRDA:44,15,0,1
BRDA:46,16,0,4
BRDA:47,17,0,3
BRDA:48,18,0,5
BRDA:48,19,0,1
BRDA:54,20,0,19
BRDA:60,21,0,3
BRF:22
BRH:20
end_of_record
TN:
SF:app/composables/useToast.ts
FN:14,useToast
FN:15,push
FN:26,success
FN:30,error
FN:34,info
FN:38,warning
FN:42,dismiss
FN:46,dismissAll
FNF:8
FNH:8
FNDA:18,useToast
FNDA:13,push
FNDA:7,success
FNDA:3,error
FNDA:1,info
FNDA:1,warning
FNDA:13,dismiss
FNDA:10,dismissAll
DA:1,1
DA:11,1
DA:12,1
DA:14,1
DA:15,18
DA:16,13
DA:17,13
DA:18,13
DA:19,13
DA:20,13
DA:21,13
DA:22,13
DA:23,13
DA:24,13
DA:26,18
DA:27,7
DA:28,7
DA:30,18
DA:31,3
DA:32,3
DA:34,18
DA:35,1
DA:36,1
DA:38,18
DA:39,1
DA:40,1
DA:42,18
DA:43,13
DA:44,13
DA:46,18
DA:47,10
DA:48,10
DA:50,18
DA:51,18
DA:52,18
DA:53,18
DA:54,18
DA:55,18
DA:56,18
DA:57,18
DA:58,18
DA:59,18
DA:60,18
LF:43
LH:43
BRDA:14,0,0,18
BRDA:15,1,0,13
BRDA:23,2,0,12
BRDA:23,3,0,12
BRDA:26,4,0,7
BRDA:30,5,0,3
BRDA:34,6,0,1
BRDA:38,7,0,1
BRDA:42,8,0,13
BRDA:43,9,0,15
BRDA:46,10,0,10
BRF:11
BRH:11
end_of_record
TN:
SF:app/composables/useUnauthorizedHandler.ts
FN:10,useUnauthorizedHandler
FN:19,handleUnauthorized
FN:43,isUnauthorizedError
FN:52,handleApiError
FNF:4
FNH:4
FNDA:34,useUnauthorizedHandler
FNDA:22,handleUnauthorized
FNDA:31,isUnauthorizedError
FNDA:17,handleApiError
DA:6,1
DA:7,1
DA:8,1
DA:10,1
DA:11,34
DA:12,34
DA:13,34
DA:19,34
DA:21,22
DA:24,22
DA:25,20
DA:26,20
DA:27,20
DA:30,22
DA:31,9
DA:32,9
DA:35,22
DA:36,22
DA:37,22
DA:38,22
DA:43,34
DA:44,31
DA:45,31
DA:46,31
DA:52,34
DA:53,17
DA:54,14
DA:55,14
DA:56,14
DA:57,14
DA:58,3
DA:59,17
DA:61,34
DA:62,34
DA:63,34
DA:64,34
DA:65,34
DA:66,34
LF:38
LH:38
BRDA:10,0,0,34
BRDA:19,1,0,22
BRDA:24,2,0,20
BRDA:25,3,0,7
BRDA:30,4,0,9
BRDA:30,5,0,9
BRDA:43,6,0,31
BRDA:44,7,0,30
BRDA:44,8,0,7
BRDA:44,9,0,6
BRDA:44,10,0,6
BRDA:44,11,0,5
BRDA:44,12,0,2
BRDA:45,13,0,15
BRDA:52,14,0,17
BRDA:53,15,0,14
BRDA:54,16,0,12
BRDA:54,17,0,7
BRDA:54,18,0,2
BRDA:57,19,0,3
BRF:20
BRH:20
end_of_record
TN:
SF:app/layouts/default.vue
FNF:0
FNH:0
DA:2,1
DA:3,1
DA:4,1
DA:5,1
DA:6,1
DA:7,1
DA:8,1
DA:9,1
DA:10,1
LF:9
LH:9
BRF:0
BRH:0
end_of_record
TN:
SF:app/pages/AboutUS.vue
FNF:0
FNH:0
DA:2,1
DA:3,1
DA:24,1
DA:25,1
DA:26,1
DA:27,1
DA:28,1
LF:7
LH:7
BRF:0
BRH:0
end_of_record
TN:
SF:app/pages/AccountPage.vue
FN:74,loadUserData
FN:105,loadUserStats
FN:131,handlesubmit
FN:194,handleLogout
FN:198,confirmLogout
FN:205,cancelLogout
FN:261,onClick._cache.<computed>._cache.<computed>
FN:272,onClick._cache.<computed>._cache.<computed>
FN:283,onClick._cache.<computed>._cache.<computed>
FN:436,$setup.activeTab.onClick._cache.<computed>._cache.<computed>
FN:442,$setup.activeTab.onClick._cache.<computed>._cache.<computed>
FNF:11
FNH:6
FNDA:53,loadUserData
FNDA:56,loadUserStats
FNDA:13,handlesubmit
FNDA:1,handleLogout
FNDA:1,confirmLogout
FNDA:1,cancelLogout
FNDA:0,onClick._cache.<computed>._cache.<computed>
FNDA:0,onClick._cache.<computed>._cache.<computed>
FNDA:0,onClick._cache.<computed>._cache.<computed>
FNDA:0,$setup.activeTab.onClick._cache.<computed>._cache.<computed>
FNDA:0,$setup.activeTab.onClick._cache.<computed>._cache.<computed>
DA:2,1
DA:3,1
DA:4,1
DA:5,1
DA:6,1
DA:27,1
DA:28,1
DA:29,1
DA:30,1
DA:31,1
DA:32,1
DA:33,1
DA:34,1
DA:36,1
DA:37,1
DA:38,1
DA:39,1
DA:40,1
DA:41,1
DA:42,1
DA:43,1
DA:44,1
DA:45,1
DA:46,1
DA:47,1
DA:49,1
DA:50,1
DA:51,1
DA:52,1
DA:53,1
DA:55,1
DA:56,69
DA:57,17
DA:58,17
DA:59,17
DA:60,17
DA:61,69
DA:62,1
DA:64,1
DA:65,51
DA:66,51
DA:67,0
DA:68,0
DA:69,0
DA:70,51
DA:71,51
DA:72,1
DA:74,53
DA:75,53
DA:76,53
DA:77,53
DA:79,50
DA:80,50
DA:81,50
DA:83,53
DA:84,0
DA:85,0
DA:86,0
DA:87,0
DA:88,0
DA:89,0
DA:90,0
DA:93,0
DA:94,0
DA:95,0
DA:96,0
DA:97,0
DA:98,0
DA:99,53
DA:100,49
DA:101,49
DA:102,49
DA:103,53
DA:105,56
DA:106,56
DA:107,56
DA:108,56
DA:110,52
DA:111,52
DA:112,52
DA:113,52
DA:115,56
DA:116,56
DA:119,56
DA:120,52
DA:121,52
DA:122,0
DA:123,0
DA:124,52
DA:125,52
DA:126,56
DA:127,0
DA:128,0
DA:129,56
DA:131,13
DA:132,13
DA:133,13
DA:134,13
DA:135,3
DA:136,3
DA:137,3
DA:138,3
DA:139,10
DA:140,10
DA:141,13
DA:142,13
DA:143,2
DA:144,2
DA:145,2
DA:146,2
DA:147,2
DA:149,8
DA:150,13
DA:151,13
DA:152,13
DA:153,13
DA:154,13
DA:155,13
DA:156,13
DA:157,13
DA:159,13
DA:160,13
DA:161,13
DA:162,13
DA:163,13
DA:166,0
DA:167,0
DA:168,0
DA:169,0
DA:170,0
DA:171,0
DA:172,0
DA:173,0
DA:175,0
DA:176,0
DA:177,0
DA:178,0
DA:179,0
DA:180,0
DA:182,0
DA:183,0
DA:184,0
DA:185,13
DA:186,8
DA:187,8
DA:188,8
DA:189,13
DA:190,10
DA:191,10
DA:192,13
DA:194,1
DA:195,1
DA:196,1
DA:198,1
DA:199,1
DA:200,1
DA:201,1
DA:202,1
DA:203,1
DA:205,1
DA:206,1
DA:207,1
DA:210,1
DA:211,1
DA:213,1
DA:214,1
DA:215,1
DA:216,1
DA:217,1
DA:218,1
DA:219,1
DA:220,51
DA:221,51
DA:223,51
DA:224,1
DA:226,1
DA:227,1
DA:228,1
DA:229,1
DA:230,1
DA:231,1
DA:232,1
DA:233,1
DA:234,1
DA:236,1
DA:237,1
DA:238,1
DA:240,1
DA:241,1
DA:243,1
DA:244,1
DA:246,1
DA:247,1
DA:248,1
DA:249,1
DA:251,1
DA:252,1
DA:253,1
DA:254,1
DA:255,1
DA:256,1
DA:257,1
DA:258,1
DA:259,1
DA:260,1
DA:261,1
DA:262,1
DA:264,1
DA:265,1
DA:266,1
DA:267,1
DA:268,1
DA:269,1
DA:270,1
DA:271,1
DA:272,1
DA:273,1
DA:275,1
DA:276,1
DA:277,1
DA:278,1
DA:279,1
DA:280,1
DA:281,1
DA:282,1
DA:283,1
DA:284,1
DA:285,1
DA:287,1
DA:288,1
DA:289,1
DA:290,1
DA:291,1
DA:292,1
DA:293,1
DA:294,1
DA:296,1
DA:297,1
DA:298,1
DA:299,1
DA:300,1
DA:302,1
DA:303,1
DA:304,1
DA:306,1
DA:307,1
DA:308,1
DA:309,1
DA:310,1
DA:311,1
DA:312,67
DA:313,1
DA:315,1
DA:316,1
DA:317,1
DA:318,1
DA:319,1
DA:320,1
DA:321,1
DA:322,1
DA:323,1
DA:324,1
DA:325,1
DA:326,1
DA:327,1
DA:328,1
DA:329,1
DA:330,1
DA:331,1
DA:332,1
DA:333,1
DA:334,1
DA:335,1
DA:336,1
DA:337,1
DA:338,1
DA:339,1
DA:340,1
DA:341,1
DA:342,1
DA:343,1
DA:344,1
DA:345,1
DA:346,1
DA:347,1
DA:348,1
DA:349,1
DA:350,1
DA:351,1
DA:352,1
DA:353,1
DA:354,1
DA:355,1
DA:356,1
DA:357,1
DA:358,1
DA:360,1
DA:361,1
DA:362,1
DA:363,1
DA:364,1
DA:365,1
DA:366,1
DA:367,1
DA:368,1
DA:369,1
DA:370,1
DA:371,1
DA:372,1
DA:373,1
DA:374,1
DA:375,1
DA:376,1
DA:377,1
DA:378,1
DA:379,1
DA:380,1
DA:381,1
DA:382,1
DA:383,1
DA:384,1
DA:385,1
DA:386,1
DA:387,1
DA:388,1
DA:389,1
DA:390,1
DA:391,1
DA:392,1
DA:393,1
DA:394,1
DA:395,1
DA:396,1
DA:397,1
DA:398,1
DA:399,1
DA:400,1
DA:401,1
DA:402,1
DA:403,1
DA:405,1
DA:406,1
DA:407,1
DA:408,1
DA:409,1
DA:410,1
DA:412,1
DA:413,8
DA:414,8
DA:415,8
DA:416,8
DA:418,8
DA:419,118
DA:420,1
DA:421,1
DA:422,1
DA:423,1
DA:425,1
DA:426,1
DA:427,1
DA:428,1
DA:429,1
DA:430,1
DA:432,1
DA:433,1
DA:434,1
DA:435,1
DA:436,1
DA:437,1
DA:439,1
DA:440,1
DA:441,1
DA:442,1
DA:443,1
DA:444,1
DA:445,1
DA:446,1
DA:447,1
DA:448,1
DA:449,1
DA:451,1
DA:452,1
DA:453,1
DA:454,1
DA:455,1
DA:456,1
DA:457,1
LF:387
LH:350
BRDA:55,0,0,69
BRDA:56,1,0,17
BRDA:58,2,0,2
BRDA:58,3,0,15
BRDA:60,4,0,52
BRDA:61,5,0,1
BRDA:61,6,0,51
BRDA:64,7,0,51
BRDA:66,8,0,0
BRDA:74,9,0,53
BRDA:76,10,0,4
BRDA:77,11,0,3
BRDA:77,12,0,50
BRDA:81,13,0,1
BRDA:83,14,0,0
BRDA:99,15,0,49
BRDA:105,16,0,56
BRDA:107,17,0,5
BRDA:108,18,0,4
BRDA:108,19,0,52
BRDA:115,20,0,0
BRDA:116,21,0,52
BRDA:116,22,0,0
BRDA:119,23,0,52
BRDA:126,24,0,0
BRDA:111,25,0,52
BRDA:112,26,0,52
BRDA:131,27,0,13
BRDA:134,28,0,3
BRDA:138,29,0,10
BRDA:141,30,0,2
BRDA:142,31,0,2
BRDA:147,32,0,8
BRDA:150,33,0,0
BRDA:151,34,0,8
BRDA:152,35,0,8
BRDA:153,36,0,8
BRDA:154,37,0,8
BRDA:155,38,0,8
BRDA:156,39,0,1
BRDA:156,40,0,7
BRDA:163,41,0,0
BRDA:185,42,0,8
BRDA:187,43,0,0
BRDA:189,44,0,10
BRDA:194,45,0,1
BRDA:198,46,0,1
BRDA:205,47,0,1
BRDA:219,48,0,51
BRDA:228,49,0,124
BRDA:232,50,0,0
BRDA:259,51,0,51
BRDA:261,52,0,51
BRDA:270,53,0,51
BRDA:272,54,0,51
BRDA:281,55,0,51
BRDA:283,56,0,51
BRDA:293,57,0,0
BRDA:299,58,0,0
BRDA:311,59,0,67
BRDA:311,60,0,0
BRDA:312,61,0,59
BRDA:346,62,0,51
BRDA:412,63,0,8
BRDA:418,64,0,118
BRF:65
BRH:53
end_of_record
TN:
SF:app/pages/CartPage.vue
FNF:0
FNH:0
DA:2,1
DA:4,1
DA:9,1
DA:10,1
DA:11,1
DA:12,1
DA:14,1
DA:15,1
DA:16,1
DA:17,1
DA:18,1
DA:19,1
DA:20,1
DA:21,1
DA:22,1
DA:23,1
DA:24,1
DA:26,1
DA:27,1
DA:28,1
DA:29,1
DA:30,1
DA:31,1
DA:32,1
DA:33,1
DA:35,1
DA:36,1
LF:27
LH:27
BRF:0
BRH:0
end_of_record
TN:
SF:app/pages/CreateEventPage.vue
FN:60,validate
FN:72,handleSubmit
FN:163,onClick
FNF:3
FNH:2
FNDA:20,validate
FNDA:7,handleSubmit
FNDA:0,onClick
DA:2,1
DA:3,1
DA:4,1
DA:5,1
DA:24,1
DA:25,1
DA:26,1
DA:28,1
DA:31,1
DA:33,1
DA:34,1
DA:35,1
DA:36,1
DA:37,1
DA:38,1
DA:39,1
DA:40,1
DA:41,1
DA:42,1
DA:43,1
DA:44,1
DA:45,1
DA:46,1
DA:47,1
DA:48,1
DA:50,1
DA:51,1
DA:53,1
DA:54,55
DA:55,55
DA:56,38
DA:57,38
DA:58,1
DA:60,20
DA:61,20
DA:62,20
DA:63,20
DA:64,20
DA:65,9
DA:66,9
DA:67,20
DA:68,20
DA:69,6
DA:70,20
DA:72,7
DA:73,7
DA:74,7
DA:75,2
DA:76,2
DA:77,2
DA:78,7
DA:79,7
DA:80,0
DA:81,0
DA:82,0
DA:83,0
DA:85,5
DA:86,5
DA:87,5
DA:88,5
DA:89,7
DA:90,7
DA:91,7
DA:92,7
DA:93,7
DA:94,7
DA:95,7
DA:96,7
DA:97,7
DA:98,7
DA:99,7
DA:100,7
DA:103,7
DA:104,7
DA:105,7
DA:106,7
DA:107,7
DA:109,2
DA:110,2
DA:111,7
DA:112,3
DA:113,3
DA:114,7
DA:115,5
DA:116,5
DA:117,7
DA:122,1
DA:123,1
DA:124,1
DA:125,1
DA:141,1
DA:142,1
DA:143,55
DA:144,1
DA:145,1
DA:146,1
DA:147,1
DA:148,1
DA:149,1
DA:150,1
DA:151,1
DA:152,1
DA:154,1
DA:155,1
DA:156,1
DA:157,1
DA:158,1
DA:159,1
DA:160,1
DA:161,1
DA:162,1
DA:163,1
DA:164,1
DA:171,1
DA:172,1
DA:173,1
DA:174,1
DA:175,0
DA:176,1
DA:177,1
DA:178,1
DA:180,1
DA:181,1
DA:182,1
DA:183,1
DA:184,1
DA:185,1
DA:186,1
DA:187,1
DA:188,1
DA:189,1
DA:190,1
DA:191,1
DA:192,1
DA:193,1
DA:194,1
DA:195,1
DA:196,1
DA:197,1
DA:198,1
DA:199,1
DA:200,1
DA:201,1
DA:202,1
DA:203,1
DA:204,1
DA:205,1
DA:206,1
DA:207,1
DA:208,1
DA:209,1
DA:210,1
DA:211,1
DA:212,1
DA:213,1
DA:214,1
DA:215,1
DA:216,1
DA:217,1
DA:218,1
DA:219,1
DA:221,1
DA:222,1
DA:223,1
DA:224,1
DA:225,1
DA:226,1
DA:227,1
DA:228,1
DA:229,1
LF:170
LH:165
BRDA:50,0,0,11
BRDA:50,1,0,10
BRDA:50,2,0,10
BRDA:50,3,0,1
BRDA:51,4,0,11
BRDA:51,5,0,10
BRDA:51,6,0,10
BRDA:51,7,0,1
BRDA:53,8,0,55
BRDA:55,9,0,38
BRDA:60,10,0,20
BRDA:61,11,0,5
BRDA:61,12,0,15
BRDA:62,13,0,2
BRDA:62,14,0,13
BRDA:63,15,0,12
BRDA:63,16,0,2
BRDA:63,17,0,11
BRDA:64,18,0,10
BRDA:64,19,0,2
BRDA:64,20,0,9
BRDA:67,21,0,8
BRDA:67,22,0,2
BRDA:67,23,0,7
BRDA:68,24,0,1
BRDA:68,25,0,6
BRDA:72,26,0,7
BRDA:74,27,0,2
BRDA:77,28,0,5
BRDA:78,29,0,0
BRDA:78,30,0,5
BRDA:78,31,0,1
BRDA:79,32,0,0
BRDA:83,33,0,5
BRDA:89,34,0,0
BRDA:90,35,0,5
BRDA:93,36,0,5
BRDA:94,37,0,5
BRDA:95,38,0,5
BRDA:96,39,0,5
BRDA:97,40,0,5
BRDA:98,41,0,5
BRDA:99,42,0,5
BRDA:107,43,0,2
BRDA:111,44,0,3
BRDA:112,45,0,2
BRDA:112,46,0,1
BRDA:112,47,0,1
BRDA:114,48,0,5
BRDA:142,49,0,55
BRDA:174,50,0,0
BRDA:223,51,0,5
BRDA:223,52,0,74
BRF:53
BRH:49
end_of_record
TN:
SF:app/pages/DatabasePage.vue
FNF:0
FNH:0
DA:2,1
DA:3,1
DA:4,1
DA:5,1
LF:4
LH:4
BRF:0
BRH:0
end_of_record
TN:
SF:app/pages/EditEventPage.vue
FN:73,loadEventData
FN:129,validate
FN:141,handleSubmit
FN:188,openDeleteModal
FN:192,closeDeleteModal
FN:196,confirmDelete
FN:273,onClick
FN:334,$setup.loading.onClick._cache.<computed>._cache.<computed>
FNF:8
FNH:6
FNDA:38,loadEventData
FNDA:14,validate
FNDA:4,handleSubmit
FNDA:1,openDeleteModal
FNDA:1,closeDeleteModal
FNDA:3,confirmDelete
FNDA:0,onClick
FNDA:0,$setup.loading.onClick._cache.<computed>._cache.<computed>
DA:2,1
DA:3,1
DA:4,1
DA:5,1
DA:24,1
DA:25,1
DA:26,1
DA:27,1
DA:29,1
DA:30,1
DA:31,1
DA:32,1
DA:35,1
DA:37,1
DA:38,1
DA:39,1
DA:40,1
DA:41,1
DA:42,1
DA:43,1
DA:44,1
DA:45,1
DA:46,1
DA:47,1
DA:48,1
DA:49,1
DA:50,1
DA:51,1
DA:52,1
DA:54,1
DA:55,1
DA:57,1
DA:58,37
DA:59,37
DA:60,0
DA:61,0
DA:62,0
DA:64,37
DA:65,0
DA:66,0
DA:67,0
DA:68,0
DA:70,37
DA:71,1
DA:73,38
DA:74,38
DA:75,38
DA:76,38
DA:77,38
DA:78,0
DA:79,0
DA:80,0
DA:82,38
DA:83,38
DA:84,38
DA:86,38
DA:87,1
DA:88,1
DA:89,1
DA:90,1
DA:93,38
DA:94,38
DA:95,38
DA:96,38
DA:97,38
DA:98,38
DA:99,38
DA:100,38
DA:101,38
DA:102,38
DA:105,38
DA:106,38
DA:108,38
DA:109,29
DA:110,29
DA:111,29
DA:112,29
DA:114,38
DA:115,28
DA:116,28
DA:117,28
DA:118,28
DA:120,38
DA:121,6
DA:122,6
DA:123,6
DA:124,38
DA:125,38
DA:126,38
DA:127,38
DA:129,14
DA:130,14
DA:131,14
DA:132,14
DA:133,14
DA:134,7
DA:135,7
DA:136,14
DA:137,14
DA:138,5
DA:139,14
DA:141,4
DA:142,4
DA:143,4
DA:144,1
DA:145,1
DA:146,1
DA:147,4
DA:148,4
DA:149,0
DA:150,0
DA:151,0
DA:152,0
DA:154,3
DA:155,3
DA:156,3
DA:157,3
DA:158,4
DA:159,4
DA:160,4
DA:161,4
DA:162,4
DA:163,4
DA:164,4
DA:165,4
DA:166,4
DA:167,4
DA:168,4
DA:169,4
DA:172,4
DA:173,4
DA:174,4
DA:175,4
DA:176,4
DA:178,1
DA:179,1
DA:180,4
DA:181,2
DA:182,2
DA:183,4
DA:184,3
DA:185,3
DA:186,4
DA:188,1
DA:189,1
DA:190,1
DA:192,1
DA:193,1
DA:194,1
DA:196,3
DA:197,3
DA:198,3
DA:199,0
DA:200,0
DA:201,0
DA:202,0
DA:204,3
DA:205,3
DA:206,3
DA:207,3
DA:208,3
DA:210,1
DA:211,1
DA:212,3
DA:213,2
DA:214,2
DA:215,3
DA:216,3
DA:217,3
DA:218,3
DA:223,1
DA:224,1
DA:225,1
DA:226,37
DA:227,37
DA:228,37
DA:229,37
DA:231,37
DA:232,1
DA:233,1
DA:234,1
DA:235,1
DA:236,1
DA:237,1
DA:238,1
DA:239,1
DA:240,1
DA:241,1
DA:242,1
DA:243,1
DA:244,1
DA:245,1
DA:247,1
DA:248,1
DA:250,1
DA:251,1
DA:252,1
DA:253,37
DA:254,1
DA:255,1
DA:256,1
DA:257,1
DA:258,1
DA:259,1
DA:260,1
DA:261,1
DA:262,1
DA:264,1
DA:265,1
DA:266,1
DA:267,1
DA:268,1
DA:269,1
DA:270,1
DA:271,1
DA:272,1
DA:273,1
DA:274,1
DA:281,1
DA:282,1
DA:283,1
DA:284,1
DA:285,33
DA:286,1
DA:287,1
DA:288,1
DA:290,1
DA:291,1
DA:292,1
DA:293,1
DA:294,1
DA:295,1
DA:296,1
DA:297,1
DA:298,1
DA:299,1
DA:300,1
DA:301,1
DA:302,1
DA:303,1
DA:304,1
DA:305,1
DA:306,1
DA:307,1
DA:308,1
DA:309,1
DA:310,1
DA:311,1
DA:312,1
DA:313,1
DA:314,1
DA:315,1
DA:316,1
DA:317,1
DA:318,1
DA:319,1
DA:320,1
DA:321,1
DA:322,1
DA:323,1
DA:324,1
DA:325,1
DA:326,1
DA:327,1
DA:328,1
DA:329,1
DA:331,1
DA:332,1
DA:333,1
DA:334,1
DA:335,1
DA:336,1
DA:338,1
DA:339,1
DA:340,1
DA:341,1
DA:342,1
DA:344,1
DA:345,1
DA:346,1
DA:347,1
DA:348,1
DA:349,1
DA:350,1
DA:352,1
DA:353,1
DA:354,1
DA:371,1
DA:372,1
DA:373,1
DA:374,1
DA:375,1
DA:376,1
DA:378,1
DA:379,1
DA:380,1
DA:381,1
DA:382,1
DA:383,1
DA:385,1
DA:386,1
DA:387,1
DA:388,1
DA:389,1
LF:304
LH:286
BRDA:54,0,0,7
BRDA:54,1,0,0
BRDA:55,2,0,7
BRDA:55,3,0,0
BRDA:57,4,0,37
BRDA:59,5,0,0
BRDA:64,6,0,0
BRDA:73,7,0,38
BRDA:76,8,0,0
BRDA:76,9,0,0
BRDA:77,10,0,0
BRDA:84,11,0,32
BRDA:86,12,0,1
BRDA:90,13,0,31
BRDA:93,14,0,3
BRDA:93,15,0,1
BRDA:94,16,0,3
BRDA:95,17,0,9
BRDA:95,18,0,7
BRDA:96,19,0,9
BRDA:97,20,0,9
BRDA:98,21,0,9
BRDA:99,22,0,9
BRDA:100,23,0,9
BRDA:101,24,0,9
BRDA:102,25,0,9
BRDA:105,26,0,4
BRDA:106,27,0,5
BRDA:108,28,0,29
BRDA:109,29,0,2
BRDA:109,30,0,27
BRDA:110,31,0,0
BRDA:111,32,0,0
BRDA:112,33,0,31
BRDA:114,34,0,28
BRDA:115,35,0,2
BRDA:115,36,0,26
BRDA:116,37,0,0
BRDA:117,38,0,0
BRDA:120,39,0,6
BRDA:121,40,0,4
BRDA:121,41,0,3
BRDA:121,42,0,1
BRDA:124,43,0,37
BRDA:129,44,0,14
BRDA:130,45,0,2
BRDA:130,46,0,12
BRDA:131,47,0,1
BRDA:131,48,0,11
BRDA:132,49,0,10
BRDA:132,50,0,2
BRDA:132,51,0,9
BRDA:133,52,0,8
BRDA:133,53,0,2
BRDA:133,54,0,7
BRDA:136,55,0,6
BRDA:136,56,0,1
BRDA:136,57,0,6
BRDA:137,58,0,1
BRDA:137,59,0,5
BRDA:141,60,0,4
BRDA:143,61,0,1
BRDA:146,62,0,3
BRDA:147,63,0,0
BRDA:147,64,0,0
BRDA:148,65,0,0
BRDA:152,66,0,3
BRDA:158,67,0,0
BRDA:159,68,0,2
BRDA:162,69,0,2
BRDA:163,70,0,2
BRDA:164,71,0,2
BRDA:165,72,0,2
BRDA:166,73,0,2
BRDA:167,74,0,2
BRDA:168,75,0,2
BRDA:176,76,0,1
BRDA:180,77,0,2
BRDA:181,78,0,1
BRDA:181,79,0,0
BRDA:183,80,0,3
BRDA:188,81,0,1
BRDA:192,82,0,1
BRDA:196,83,0,3
BRDA:197,84,0,0
BRDA:197,85,0,0
BRDA:198,86,0,0
BRDA:208,87,0,1
BRDA:212,88,0,2
BRDA:213,89,0,1
BRDA:213,90,0,0
BRDA:225,91,0,37
BRDA:252,92,0,37
BRDA:284,93,0,33
BRDA:285,94,0,20
BRDA:334,95,0,37
BRDA:344,96,0,3
BRDA:344,97,0,50
BRF:98
BRH:78
end_of_record
TN:
SF:app/pages/LoginPage.vue
FNF:0
FNH:0
DA:2,1
LF:1
LH:1
BRF:0
BRH:0
end_of_record
TN:
SF:app/pages/MapTestingPage.vue
FN:4,loadScript
FN:16,script.onload
FN:17,script.onerror
FNF:3
FNH:1
FNDA:4,loadScript
FNDA:0,script.onload
FNDA:0,script.onerror
DA:2,1
DA:4,4
DA:5,4
DA:6,4
DA:7,4
DA:8,3
DA:9,3
DA:10,3
DA:12,1
DA:13,1
DA:14,1
DA:15,1
DA:16,1
DA:17,1
DA:18,1
DA:19,4
DA:20,4
DA:22,1
DA:23,4
DA:24,3
DA:25,3
DA:26,3
DA:27,1
DA:31,1
DA:32,1
DA:33,1
DA:34,1
LF:27
LH:27
BRDA:4,0,0,4
BRDA:5,1,0,4
BRDA:7,2,0,3
BRDA:10,3,0,1
BRDA:22,4,0,4
BRDA:23,5,0,3
BRF:6
BRH:6
end_of_record
TN:
SF:app/pages/MyBookingsPage.vue
FN:45,fetchBookings
FN:76,openCancelModal
FN:81,closeCancelModal
FN:86,confirmCancelBooking
FN:145,formatDate
FN:157,goToEvent
FNF:6
FNH:6
FNDA:20,fetchBookings
FNDA:1,openCancelModal
FNDA:1,closeCancelModal
FNDA:2,confirmCancelBooking
FNDA:1,formatDate
FNDA:1,goToEvent
DA:2,1
DA:3,1
DA:4,1
DA:5,1
DA:6,1
DA:7,1
DA:21,1
DA:22,1
DA:23,1
DA:24,1
DA:26,1
DA:27,1
DA:28,1
DA:29,1
DA:30,1
DA:31,1
DA:33,1
DA:34,21
DA:37,21
DA:38,2
DA:39,2
DA:40,2
DA:42,19
DA:43,1
DA:45,20
DA:46,20
DA:47,20
DA:48,20
DA:49,20
DA:50,20
DA:52,0
DA:53,0
DA:54,20
DA:55,20
DA:56,20
DA:57,20
DA:58,20
DA:59,20
DA:60,20
DA:61,20
DA:62,0
DA:65,0
DA:66,0
DA:67,0
DA:70,0
DA:71,20
DA:72,20
DA:73,20
DA:74,20
DA:76,1
DA:77,1
DA:78,1
DA:79,1
DA:81,1
DA:82,1
DA:83,1
DA:84,1
DA:86,2
DA:87,2
DA:89,0
DA:90,0
DA:92,0
DA:93,0
DA:94,2
DA:95,0
DA:96,0
DA:97,0
DA:98,0
DA:101,0
DA:102,0
DA:103,0
DA:104,0
DA:105,0
DA:106,0
DA:107,0
DA:109,0
DA:110,0
DA:113,0
DA:114,0
DA:115,0
DA:116,0
DA:117,0
DA:119,0
DA:120,0
DA:123,0
DA:124,0
DA:125,0
DA:126,0
DA:128,0
DA:129,0
DA:132,0
DA:133,0
DA:134,0
DA:136,0
DA:137,0
DA:138,0
DA:139,0
DA:140,0
DA:141,0
DA:142,0
DA:143,2
DA:145,1
DA:146,1
DA:147,1
DA:148,1
DA:149,1
DA:150,1
DA:151,1
DA:152,1
DA:153,1
DA:154,1
DA:155,1
DA:157,1
DA:158,1
DA:159,1
DA:163,1
DA:164,1
DA:165,1
DA:166,1
DA:167,1
DA:169,1
DA:170,1
DA:171,22
DA:172,22
DA:174,22
DA:175,22
DA:176,1
DA:177,1
DA:178,1
DA:179,1
DA:180,1
DA:181,1
DA:182,1
DA:184,1
DA:185,1
DA:186,1
DA:187,1
DA:188,1
DA:189,1
DA:190,1
DA:191,1
DA:192,1
DA:193,1
DA:194,1
DA:195,1
DA:196,1
DA:197,1
DA:198,1
DA:199,1
DA:200,1
DA:201,1
DA:202,1
DA:203,1
DA:204,1
DA:205,1
DA:206,1
DA:207,1
DA:208,1
DA:209,1
DA:210,1
DA:211,1
DA:212,1
DA:213,1
DA:214,1
DA:216,1
DA:217,1
DA:218,1
DA:219,1
DA:220,1
DA:221,1
DA:223,1
DA:224,1
DA:225,1
DA:226,1
DA:227,1
DA:229,1
DA:230,1
DA:231,1
DA:232,1
DA:233,1
DA:234,1
DA:235,1
DA:236,1
DA:237,1
DA:238,1
DA:239,1
DA:240,1
DA:241,1
DA:242,1
DA:243,1
DA:244,1
DA:245,1
DA:246,1
DA:248,1
DA:249,1
DA:250,1
DA:251,1
DA:252,1
DA:254,1
DA:255,1
DA:256,1
DA:257,1
DA:258,1
DA:259,1
LF:204
LH:157
BRDA:33,0,0,21
BRDA:37,1,0,2
BRDA:40,2,0,19
BRDA:45,3,0,20
BRDA:49,4,0,0
BRDA:50,5,0,0
BRDA:57,6,0,0
BRDA:61,7,0,0
BRDA:76,8,0,1
BRDA:81,9,0,1
BRDA:86,10,0,2
BRDA:87,11,0,0
BRDA:94,12,0,0
BRDA:145,13,0,1
BRDA:146,14,0,0
BRDA:157,15,0,1
BRDA:170,16,0,22
BRDA:231,17,0,1
BRDA:232,18,0,1
BRDA:243,19,0,1
BRDA:254,20,0,0
BRDA:171,21,0,132
BRF:22
BRH:14
end_of_record
TN:
SF:app/pages/MyEventsPage.vue
FN:30,toEpochSeconds
FN:40,formatRange
FN:57,fetchEvents
FN:88,goToCreate
FN:90,goToEvent
FNF:5
FNH:4
FNDA:37,toEpochSeconds
FNDA:13,formatRange
FNDA:14,fetchEvents
FNDA:0,goToCreate
FNDA:1,goToEvent
DA:2,1
DA:3,1
DA:4,1
DA:5,1
DA:6,1
DA:10,1
DA:11,1
DA:12,1
DA:14,1
DA:15,1
DA:16,1
DA:18,1
DA:19,52
DA:22,52
DA:23,40
DA:24,40
DA:25,40
DA:27,12
DA:28,1
DA:30,37
DA:31,37
DA:32,37
DA:33,37
DA:34,15
DA:35,15
DA:36,15
DA:37,3
DA:38,37
DA:40,13
DA:41,13
DA:42,13
DA:43,13
DA:44,11
DA:45,13
DA:46,13
DA:47,13
DA:49,13
DA:50,13
DA:51,9
DA:52,2
DA:54,13
DA:55,13
DA:57,14
DA:58,14
DA:59,14
DA:60,14
DA:61,14
DA:62,14
DA:64,1
DA:65,1
DA:66,13
DA:67,13
DA:68,13
DA:69,14
DA:70,14
DA:71,0
DA:72,0
DA:73,14
DA:74,13
DA:77,13
DA:78,0
DA:79,0
DA:82,13
DA:83,14
DA:84,14
DA:85,14
DA:86,14
DA:88,1
DA:90,1
DA:91,1
DA:92,1
DA:96,1
DA:97,1
DA:98,52
DA:99,1
DA:100,1
DA:102,1
DA:103,1
DA:104,1
DA:105,1
DA:106,1
DA:107,1
DA:108,1
DA:109,1
DA:110,1
DA:111,1
DA:112,1
DA:113,1
DA:114,1
DA:115,1
DA:116,1
DA:117,1
LF:92
LH:88
BRDA:18,0,0,52
BRDA:22,1,0,40
BRDA:25,2,0,12
BRDA:30,3,0,37
BRDA:31,4,0,12
BRDA:31,5,0,25
BRDA:32,6,0,9
BRDA:32,7,0,16
BRDA:33,8,0,15
BRDA:35,9,0,13
BRDA:36,10,0,3
BRDA:40,11,0,13
BRDA:41,12,0,9
BRDA:42,13,0,11
BRDA:42,14,0,7
BRDA:43,15,0,2
BRDA:43,16,0,11
BRDA:45,17,0,0
BRDA:50,18,0,9
BRDA:51,19,0,2
BRDA:57,20,0,14
BRDA:61,21,0,12
BRDA:61,22,0,1
BRDA:62,23,0,1
BRDA:65,24,0,13
BRDA:68,25,0,0
BRDA:69,26,0,0
BRDA:70,27,0,0
BRDA:73,28,0,13
BRDA:77,29,0,0
BRDA:82,30,0,0
BRDA:82,31,0,0
BRDA:90,32,0,1
BRDA:97,33,0,52
BRDA:102,34,0,52
BRDA:103,35,0,13
BRF:36
BRH:29
end_of_record
TN:
SF:app/pages/ProductPage.vue
FN:65,loadEvents
FN:80,clearFilters
FN:123,$setup.searchQuery.onClick._cache.<computed>._cache.<computed>
FN:142,onClick
FNF:4
FNH:2
FNDA:28,loadEvents
FNDA:1,clearFilters
FNDA:0,$setup.searchQuery.onClick._cache.<computed>._cache.<computed>
FNDA:0,onClick
DA:2,1
DA:7,1
DA:8,1
DA:9,1
DA:10,1
DA:12,1
DA:13,1
DA:16,1
DA:17,1
DA:18,1
DA:21,1
DA:23,1
DA:25,1
DA:26,64
DA:28,64
DA:29,7
DA:30,7
DA:31,14
DA:32,10
DA:33,9
DA:34,7
DA:35,7
DA:37,64
DA:38,3
DA:39,3
DA:41,64
DA:42,4
DA:43,4
DA:44,7
DA:45,3
DA:46,7
DA:47,4
DA:48,4
DA:62,64
DA:63,1
DA:65,28
DA:66,28
DA:67,28
DA:68,28
DA:70,28
DA:71,28
DA:72,28
DA:73,2
DA:74,2
DA:75,28
DA:76,28
DA:77,28
DA:78,28
DA:80,1
DA:81,1
DA:82,1
DA:83,1
DA:84,1
DA:86,1
DA:90,1
DA:91,1
DA:93,1
DA:94,1
DA:95,1
DA:96,1
DA:98,1
DA:99,1
DA:101,1
DA:102,1
DA:104,1
DA:105,1
DA:106,1
DA:107,1
DA:108,1
DA:109,1
DA:110,1
DA:111,1
DA:113,1
DA:114,1
DA:115,1
DA:116,1
DA:117,1
DA:118,1
DA:119,1
DA:120,1
DA:121,1
DA:122,1
DA:123,1
DA:124,1
DA:125,1
DA:127,1
DA:128,1
DA:129,1
DA:130,1
DA:131,1
DA:133,27
DA:134,1
DA:135,1
DA:137,1
DA:138,1
DA:139,1
DA:140,1
DA:141,1
DA:142,1
DA:143,1
DA:150,1
DA:151,1
DA:152,1
DA:154,1
DA:155,1
DA:156,1
DA:157,1
DA:158,1
DA:159,1
DA:160,1
DA:161,1
DA:162,1
DA:163,1
DA:164,1
DA:165,1
DA:166,14
DA:167,14
DA:168,14
DA:170,14
DA:171,1
DA:172,1
DA:174,1
DA:176,1
DA:177,1
DA:178,1
DA:179,1
DA:181,1
DA:182,1
DA:183,1
DA:184,1
DA:185,1
DA:186,1
DA:187,7
DA:188,7
DA:189,1
DA:190,1
DA:191,53
DA:192,53
DA:193,1
DA:194,1
DA:196,1
DA:197,1
DA:198,27
DA:199,27
DA:201,27
DA:202,27
DA:203,1
DA:204,1
DA:205,1
DA:206,1
DA:207,1
DA:208,1
DA:209,1
DA:210,1
DA:211,1
DA:212,1
DA:214,1
DA:215,1
DA:216,29
DA:217,29
DA:218,29
DA:219,29
DA:220,29
DA:221,1
DA:223,1
DA:224,1
DA:225,1
DA:226,1
DA:227,1
DA:228,1
DA:229,1
DA:231,1
DA:232,1
LF:173
LH:173
BRDA:25,0,0,64
BRDA:28,1,0,7
BRDA:37,2,0,4
BRDA:37,3,0,3
BRDA:41,4,0,4
BRDA:30,5,0,14
BRDA:31,6,0,5
BRDA:31,7,0,1
BRDA:31,8,0,10
BRDA:32,9,0,7
BRDA:32,10,0,9
BRDA:33,11,0,7
BRDA:33,12,0,6
BRDA:38,13,0,5
BRDA:38,14,0,1
BRDA:43,15,0,7
BRDA:44,16,0,4
BRDA:44,17,0,3
BRDA:45,18,0,2
BRDA:45,19,0,1
BRDA:65,20,0,28
BRDA:70,21,0,26
BRDA:71,22,0,0
BRDA:72,23,0,2
BRDA:73,24,0,1
BRDA:80,25,0,1
BRDA:123,26,0,7
BRDA:131,27,0,27
BRDA:165,28,0,85
BRDA:165,29,0,82
BRDA:165,30,0,14
BRDA:170,31,0,79
BRDA:174,32,0,27
BRDA:185,33,0,2
BRDA:185,34,0,11
BRDA:186,35,0,7
BRDA:188,36,0,6
BRDA:190,37,0,53
BRDA:197,38,0,27
BRDA:203,39,0,30
BRDA:203,40,0,29
BRDA:203,41,0,29
BRDA:203,42,0,1
BRDA:215,43,0,29
BRDA:198,44,0,216
BRF:45
BRH:44
end_of_record
TN:
SF:app/pages/ProfilePage.vue
FNF:0
FNH:0
DA:2,1
DA:3,1
DA:5,1
DA:7,1
DA:8,1
DA:10,1
DA:11,1
DA:12,1
DA:14,1
DA:15,24
DA:16,24
DA:17,2
DA:18,2
DA:19,2
DA:20,2
DA:21,22
DA:22,24
DA:23,24
DA:24,24
DA:25,24
DA:26,24
DA:27,24
DA:30,24
DA:31,24
DA:32,24
DA:33,6
DA:34,6
DA:35,24
DA:36,21
DA:37,21
DA:38,1
DA:42,1
DA:43,1
DA:44,1
DA:46,1
DA:48,1
DA:50,1
DA:51,1
DA:52,1
DA:53,1
DA:54,1
DA:55,1
DA:56,1
DA:57,1
DA:58,1
DA:59,1
DA:60,1
DA:61,1
DA:62,1
DA:63,1
DA:65,1
DA:66,1
DA:67,1
DA:68,4
DA:69,4
DA:70,4
DA:71,4
DA:72,4
DA:73,4
DA:74,4
DA:75,4
DA:76,4
DA:77,4
DA:78,4
DA:79,4
DA:80,4
DA:81,4
DA:82,4
DA:83,4
DA:84,4
DA:85,4
DA:86,4
DA:87,4
DA:88,4
DA:89,4
DA:90,4
DA:91,4
DA:92,4
DA:93,4
DA:94,4
DA:95,4
DA:96,4
DA:97,1
DA:98,1
DA:100,1
DA:101,1
DA:102,1
DA:103,1
DA:104,1
DA:105,1
LF:90
LH:90
BRDA:14,0,0,24
BRDA:16,1,0,2
BRDA:20,2,0,22
BRDA:22,3,0,2
BRDA:22,4,0,1
BRDA:25,5,0,16
BRDA:26,6,0,1
BRDA:27,7,0,16
BRDA:27,8,0,1
BRDA:31,9,0,5
BRDA:31,10,0,11
BRDA:32,11,0,6
BRDA:34,12,0,2
BRDA:34,13,0,5
BRDA:35,14,0,21
BRDA:46,15,0,8
BRDA:46,16,0,39
BRDA:48,17,0,24
BRDA:56,18,0,8
BRDA:60,19,0,8
BRDA:67,20,0,4
BRDA:70,21,0,0
BRDA:74,22,0,1
BRDA:78,23,0,1
BRDA:82,24,0,1
BRDA:86,25,0,1
BRDA:90,26,0,1
BRDA:94,27,0,1
BRDA:97,28,0,19
BRDA:101,29,0,23
BRF:30
BRH:29
end_of_record
TN:
SF:app/pages/RegisterPage.vue
FNF:0
FNH:0
DA:2,1
LF:1
LH:1
BRF:0
BRH:0
end_of_record
TN:
SF:app/pages/index.vue
FN:37,click
FN:42,click2
FN:47,nextSlide
FN:51,prevSlide
FN:73,onClose._cache.<computed>._cache.<computed>
FN:81,onClose._cache.<computed>._cache.<computed>
FN:144,onClick
FNF:7
FNH:4
FNDA:1,click
FNDA:1,click2
FNDA:1,nextSlide
FNDA:1,prevSlide
FNDA:0,onClose._cache.<computed>._cache.<computed>
FNDA:0,onClose._cache.<computed>._cache.<computed>
FNDA:0,onClick
DA:2,1
DA:4,1
DA:5,1
DA:7,1
DA:8,1
DA:9,1
DA:11,1
DA:12,1
DA:13,1
DA:14,1
DA:15,1
DA:16,1
DA:17,1
DA:18,1
DA:19,1
DA:20,1
DA:21,1
DA:22,1
DA:23,1
DA:24,1
DA:25,1
DA:26,1
DA:27,1
DA:28,1
DA:29,1
DA:30,1
DA:31,1
DA:32,1
DA:33,1
DA:35,1
DA:37,1
DA:38,1
DA:39,1
DA:40,1
DA:42,1
DA:43,1
DA:44,1
DA:45,1
DA:47,1
DA:48,1
DA:49,1
DA:51,1
DA:52,1
DA:53,1
DA:55,1
DA:56,12
DA:57,12
DA:58,12
DA:60,1
DA:61,0
DA:62,0
DA:66,1
DA:67,1
DA:69,1
DA:70,1
DA:71,1
DA:72,1
DA:73,1
DA:74,1
DA:75,1
DA:76,1
DA:78,1
DA:79,1
DA:80,1
DA:81,1
DA:82,1
DA:83,1
DA:84,1
DA:86,1
DA:87,1
DA:88,1
DA:89,1
DA:90,1
DA:91,1
DA:92,1
DA:93,1
DA:94,1
DA:95,1
DA:96,1
DA:97,1
DA:99,1
DA:100,1
DA:101,1
DA:103,1
DA:104,1
DA:105,1
DA:106,1
DA:107,1
DA:108,1
DA:109,1
DA:110,1
DA:111,1
DA:112,1
DA:114,1
DA:115,1
DA:116,1
DA:117,1
DA:118,1
DA:119,1
DA:121,1
DA:122,1
DA:137,1
DA:139,1
DA:140,1
DA:141,1
DA:142,1
DA:143,1
DA:144,1
DA:145,1
DA:146,1
DA:147,1
DA:148,1
DA:149,1
DA:150,1
DA:151,1
DA:152,1
DA:154,1
DA:155,1
DA:156,1
DA:157,1
DA:158,1
DA:159,1
DA:161,1
DA:162,1
DA:163,1
DA:164,1
DA:166,1
DA:167,1
DA:168,1
DA:169,1
DA:170,1
DA:171,1
DA:172,1
DA:174,1
DA:175,1
DA:176,1
DA:178,1
DA:179,1
DA:180,1
DA:181,1
DA:183,1
DA:184,1
DA:185,1
DA:186,1
DA:187,1
DA:188,1
DA:189,1
DA:190,1
DA:191,1
DA:192,1
LF:150
LH:148
BRDA:37,0,0,1
BRDA:42,1,0,1
BRDA:47,2,0,1
BRDA:51,3,0,1
BRDA:55,4,0,12
BRDA:101,5,0,0
BRDA:146,6,0,14
BRDA:146,7,0,14
BRF:8
BRH:7
end_of_record
TN:
SF:app/pages/ProductPageDetail/[id].vue
FN:23,formatDateTime
FN:74,loadScript
FN:85,script.onload
FN:86,script.onerror
FN:111,changeQuantity
FN:119,addToCart
FN:324,$setup.loading.$setup.isEventFull.onClick._cache.<computed>._cache.<computed>
FN:329,$setup.loading.$setup.isEventFull.onUpdate:modelValue._cache.<computed>._cache.<computed>
FN:338,$setup.loading.$setup.isEventFull.onClick._cache.<computed>._cache.<computed>
FNF:9
FNH:5
FNDA:33,formatDateTime
FNDA:40,loadScript
FNDA:0,script.onload
FNDA:0,script.onerror
FNDA:3,changeQuantity
FNDA:3,addToCart
FNDA:0,$setup.loading.$setup.isEventFull.onClick._cache.<computed>._cache.<computed>
FNDA:0,$setup.loading.$setup.isEventFull.onUpdate:modelValue._cache.<computed>._cache.<computed>
FNDA:1,$setup.loading.$setup.isEventFull.onClick._cache.<computed>._cache.<computed>
DA:2,1
DA:3,1
DA:4,1
DA:5,1
DA:7,1
DA:8,1
DA:9,1
DA:10,1
DA:12,1
DA:13,1
DA:14,1
DA:15,1
DA:18,1
DA:19,38
DA:20,1
DA:23,33
DA:24,33
DA:25,33
DA:26,33
DA:27,33
DA:28,33
DA:29,33
DA:30,33
DA:31,33
DA:32,33
DA:33,33
DA:35,1
DA:36,1
DA:37,1
DA:38,1
DA:39,1
DA:40,1
DA:41,1
DA:42,38
DA:43,38
DA:44,38
DA:45,38
DA:46,23
DA:47,1
DA:50,1
DA:51,1
DA:52,1
DA:53,38
DA:54,38
DA:55,17
DA:56,38
DA:57,1
DA:60,1
DA:61,38
DA:62,38
DA:63,17
DA:64,1
DA:67,1
DA:68,36
DA:69,36
DA:70,15
DA:71,36
DA:72,1
DA:74,40
DA:75,40
DA:76,40
DA:77,38
DA:78,38
DA:79,38
DA:81,2
DA:82,2
DA:83,2
DA:84,2
DA:85,2
DA:86,2
DA:87,2
DA:88,40
DA:89,40
DA:91,1
DA:92,39
DA:93,39
DA:94,39
DA:96,39
DA:98,39
DA:99,39
DA:100,18
DA:101,18
DA:102,17
DA:103,18
DA:104,1
DA:105,1
DA:106,1
DA:107,18
DA:108,39
DA:109,1
DA:111,1
DA:112,3
DA:113,3
DA:114,3
DA:115,2
DA:116,2
DA:117,3
DA:119,3
DA:121,3
DA:122,0
DA:123,0
DA:124,0
DA:127,3
DA:128,0
DA:129,0
DA:130,0
DA:131,0
DA:133,3
DA:134,3
DA:135,3
DA:136,3
DA:137,3
DA:139,0
DA:140,3
DA:141,0
DA:142,0
DA:143,0
DA:144,0
DA:146,0
DA:148,0
DA:149,0
DA:150,0
DA:151,0
DA:152,0
DA:153,0
DA:154,0
DA:155,0
DA:156,3
DA:157,3
DA:158,3
DA:159,3
DA:162,0
DA:163,0
DA:164,0
DA:165,0
DA:166,0
DA:167,0
DA:168,0
DA:169,3
DA:170,3
DA:171,0
DA:172,0
DA:175,0
DA:176,0
DA:177,0
DA:178,0
DA:179,0
DA:180,0
DA:181,0
DA:182,0
DA:183,0
DA:184,0
DA:187,0
DA:188,0
DA:189,0
DA:190,0
DA:191,0
DA:192,0
DA:193,0
DA:194,0
DA:195,0
DA:196,0
DA:198,0
DA:201,0
DA:202,0
DA:203,0
DA:204,0
DA:205,0
DA:206,3
DA:210,1
DA:211,1
DA:212,1
DA:213,1
DA:214,1
DA:215,1
DA:216,1
DA:217,1
DA:218,1
DA:219,1
DA:220,1
DA:221,1
DA:222,1
DA:223,1
DA:224,1
DA:226,1
DA:231,1
DA:233,1
DA:234,1
DA:235,1
DA:236,1
DA:237,1
DA:238,1
DA:239,1
DA:240,1
DA:242,1
DA:243,1
DA:244,1
DA:246,1
DA:247,1
DA:248,1
DA:250,1
DA:251,1
DA:252,1
DA:253,1
DA:254,1
DA:255,1
DA:256,1
DA:257,1
DA:258,1
DA:259,1
DA:260,1
DA:261,1
DA:262,1
DA:263,1
DA:264,0
DA:265,0
DA:266,1
DA:267,1
DA:268,0
DA:269,0
DA:270,1
DA:271,1
DA:272,1
DA:274,1
DA:275,1
DA:276,1
DA:277,38
DA:278,1
DA:280,1
DA:281,2
DA:282,2
DA:283,38
DA:284,38
DA:285,0
DA:286,0
DA:287,38
DA:288,38
DA:289,38
DA:290,38
DA:291,1
DA:293,1
DA:294,1
DA:295,1
DA:296,1
DA:297,1
DA:298,1
DA:299,1
DA:300,1
DA:301,1
DA:302,1
DA:303,1
DA:304,1
DA:305,1
DA:307,2
DA:308,38
DA:309,15
DA:310,15
DA:311,23
DA:312,1
DA:313,1
DA:315,1
DA:316,1
DA:317,1
DA:318,1
DA:319,1
DA:320,1
DA:321,1
DA:322,1
DA:323,1
DA:324,1
DA:325,1
DA:326,1
DA:327,1
DA:328,1
DA:329,1
DA:330,0
DA:331,1
DA:332,1
DA:333,1
DA:334,1
DA:335,1
DA:336,1
DA:337,1
DA:338,1
DA:339,1
DA:340,1
DA:341,1
DA:342,1
DA:343,1
DA:344,1
DA:345,1
DA:346,1
DA:347,1
DA:349,1
DA:350,1
DA:351,1
DA:352,1
DA:353,1
DA:354,1
DA:355,1
DA:356,1
DA:357,1
DA:358,1
DA:359,1
DA:360,1
DA:361,1
DA:363,1
DA:364,1
DA:365,1
DA:366,1
DA:367,1
DA:368,1
DA:370,1
DA:371,1
DA:373,1
DA:374,1
DA:375,1
DA:376,1
DA:377,1
DA:378,1
DA:380,1
DA:382,38
DA:383,2
DA:385,2
DA:387,1
DA:388,1
DA:389,0
DA:390,0
DA:391,0
DA:392,0
DA:393,0
DA:394,0
DA:395,0
DA:396,0
DA:397,0
DA:398,0
DA:399,0
DA:400,0
DA:401,0
DA:402,0
DA:404,0
DA:405,0
DA:406,0
DA:407,0
DA:408,0
DA:409,0
DA:410,0
DA:411,0
DA:412,0
DA:413,0
DA:414,0
DA:415,0
DA:416,0
DA:417,0
DA:418,0
DA:419,0
DA:420,0
DA:421,0
DA:422,0
DA:424,0
DA:425,0
DA:431,1
DA:432,1
DA:433,1
DA:434,1
DA:435,1
DA:436,1
DA:437,1
LF:368
LH:270
BRDA:18,0,0,38
BRDA:23,1,0,33
BRDA:24,2,0,0
BRDA:25,3,0,0
BRDA:35,4,0,38
BRDA:35,5,0,17
BRDA:35,6,0,21
BRDA:35,7,0,0
BRDA:36,8,0,38
BRDA:36,9,0,15
BRDA:36,10,0,23
BRDA:36,11,0,0
BRDA:37,12,0,38
BRDA:37,13,0,0
BRDA:37,14,0,0
BRDA:38,15,0,38
BRDA:38,16,0,23
BRDA:39,17,0,38
BRDA:39,18,0,0
BRDA:40,19,0,38
BRDA:40,20,0,21
BRDA:40,21,0,21
BRDA:41,22,0,38
BRDA:42,23,0,15
BRDA:42,24,0,23
BRDA:43,25,0,0
BRDA:43,26,0,0
BRDA:43,27,0,23
BRDA:44,28,0,0
BRDA:44,29,0,23
BRDA:45,30,0,0
BRDA:45,31,0,23
BRDA:50,32,0,38
BRDA:50,33,0,21
BRDA:51,34,0,38
BRDA:51,35,0,23
BRDA:52,36,0,38
BRDA:54,37,0,21
BRDA:54,38,0,17
BRDA:56,39,0,15
BRDA:56,40,0,2
BRDA:60,41,0,38
BRDA:62,42,0,21
BRDA:62,43,0,17
BRDA:67,44,0,36
BRDA:69,45,0,21
BRDA:69,46,0,15
BRDA:71,47,0,0
BRDA:74,48,0,40
BRDA:75,49,0,40
BRDA:76,50,0,38
BRDA:79,51,0,2
BRDA:91,52,0,39
BRDA:98,53,0,21
BRDA:98,54,0,18
BRDA:99,55,0,18
BRDA:101,56,0,17
BRDA:103,57,0,1
BRDA:111,58,0,3
BRDA:114,59,0,2
BRDA:114,60,0,2
BRDA:119,61,0,3
BRDA:121,62,0,0
BRDA:127,63,0,0
BRDA:137,64,0,0
BRDA:140,65,0,0
BRDA:156,66,0,0
BRDA:159,67,0,0
BRDA:169,68,0,0
BRDA:170,69,0,0
BRDA:214,70,0,1
BRDA:263,71,0,0
BRDA:267,72,0,0
BRDA:276,73,0,38
BRDA:280,74,0,2
BRDA:282,75,0,38
BRDA:284,76,0,0
BRDA:296,77,0,23
BRDA:305,78,0,2
BRDA:307,79,0,38
BRDA:308,80,0,15
BRDA:309,81,0,0
BRDA:310,82,0,23
BRDA:324,83,0,36
BRDA:329,84,0,36
BRDA:338,85,0,36
BRDA:357,86,0,2
BRDA:357,87,0,36
BRDA:376,88,0,2
BRDA:376,89,0,36
BRDA:380,90,0,38
BRDA:382,91,0,2
BRDA:388,92,0,0
BRDA:424,93,0,38
BRDA:338,94,0,1
BRF:95
BRH:70
end_of_record
TN:
SF:composables/useAuth.ts
FN:7,useAuth
FN:10,loadFromStorage
FN:27,setToken
FN:36,getToken
FN:40,setProfile
FN:45,getProfile
FN:56,logout
FNF:7
FNH:7
FNDA:70,useAuth
FNDA:24,loadFromStorage
FNDA:2,setToken
FNDA:3,getToken
FNDA:1,setProfile
FNDA:2,getProfile
FNDA:17,logout
DA:1,1
DA:4,1
DA:5,1
DA:7,1
DA:8,70
DA:10,70
DA:11,24
DA:12,24
DA:13,24
DA:15,24
DA:16,22
DA:17,22
DA:18,0
DA:19,0
DA:20,0
DA:21,0
DA:22,0
DA:23,0
DA:24,22
DA:25,24
DA:27,70
DA:28,2
DA:29,2
DA:30,1
DA:31,1
DA:32,1
DA:33,1
DA:34,2
DA:36,70
DA:37,3
DA:38,3
DA:40,70
DA:41,1
DA:42,1
DA:43,1
DA:45,70
DA:46,2
DA:47,2
DA:48,2
DA:49,2
DA:50,2
DA:51,2
DA:52,1
DA:53,1
DA:54,2
DA:56,70
DA:57,17
DA:58,17
DA:59,17
DA:60,17
DA:61,17
DA:62,17
DA:64,70
DA:65,70
DA:66,70
DA:67,70
DA:68,70
DA:69,70
DA:70,70
DA:71,70
DA:72,70
DA:73,70
DA:74,70
DA:75,70
LF:64
LH:58
BRDA:7,0,0,70
BRDA:8,1,0,25
BRDA:10,2,0,24
BRDA:13,3,0,3
BRDA:13,4,0,2
BRDA:15,5,0,22
BRDA:17,6,0,0
BRDA:27,7,0,2
BRDA:29,8,0,1
BRDA:36,9,0,3
BRDA:37,10,0,2
BRDA:37,11,0,1
BRDA:37,12,0,1
BRDA:40,13,0,1
BRDA:45,14,0,2
BRDA:46,15,0,0
BRDA:48,16,0,0
BRDA:51,17,0,1
BRDA:56,18,0,17
BRF:19
BRH:16
end_of_record
TN:
SF:composables/useToast.ts
FN:14,useToast
FN:15,push
FN:26,success
FN:30,error
FN:34,info
FN:38,warning
FN:42,dismiss
FN:46,dismissAll
FNF:8
FNH:8
FNDA:87,useToast
FNDA:16,push
FNDA:8,success
FNDA:4,error
FNDA:2,info
FNDA:2,warning
FNDA:2,dismiss
FNDA:14,dismissAll
DA:1,1
DA:11,1
DA:12,1
DA:14,1
DA:15,87
DA:16,16
DA:17,16
DA:18,16
DA:19,16
DA:20,16
DA:21,16
DA:22,16
DA:23,16
DA:24,16
DA:26,87
DA:27,8
DA:28,8
DA:30,87
DA:31,4
DA:32,4
DA:34,87
DA:35,2
DA:36,2
DA:38,87
DA:39,2
DA:40,2
DA:42,87
DA:43,2
DA:44,2
DA:46,87
DA:47,14
DA:48,14
DA:50,87
DA:51,87
DA:52,87
DA:53,87
DA:54,87
DA:55,87
DA:56,87
DA:57,87
DA:58,87
DA:59,87
DA:60,87
LF:43
LH:43
BRDA:14,0,0,87
BRDA:15,1,0,16
BRDA:23,2,0,13
BRDA:23,3,0,1
BRDA:26,4,0,8
BRDA:30,5,0,4
BRDA:34,6,0,2
BRDA:38,7,0,2
BRDA:42,8,0,2
BRDA:43,9,0,2
BRDA:46,10,0,14
BRF:11
BRH:11
end_of_record
TN:
SF:composables/useUnauthorizedHandler.ts
FN:10,useUnauthorizedHandler
FN:19,handleUnauthorized
FN:43,isUnauthorizedError
FN:52,handleApiError
FNF:4
FNH:1
FNDA:21,useUnauthorizedHandler
FNDA:0,handleUnauthorized
FNDA:0,isUnauthorizedError
FNDA:0,handleApiError
DA:6,1
DA:7,1
DA:8,1
DA:10,1
DA:11,21
DA:12,21
DA:13,21
DA:19,21
DA:21,0
DA:24,0
DA:25,0
DA:26,0
DA:27,0
DA:30,0
DA:31,0
DA:32,0
DA:35,0
DA:36,0
DA:37,0
DA:38,0
DA:43,21
DA:44,0
DA:45,0
DA:46,0
DA:52,21
DA:53,0
DA:54,0
DA:55,0
DA:56,0
DA:57,0
DA:58,0
DA:59,0
DA:61,21
DA:62,21
DA:63,21
DA:64,21
DA:65,21
DA:66,21
LF:38
LH:16
BRDA:10,0,0,21
BRF:1
BRH:1
end_of_record
