<?xml version="1.0" encoding="UTF-8"?>
<testsuite xmlns:xsi="http://www.w3.org/2001/XMLSchema-instance" xsi:noNamespaceSchemaLocation="https://maven.apache.org/surefire/maven-surefire-plugin/xsd/surefire-test-report-3.0.xsd" version="3.0" name="com.concert.controller.UserControllerDockerTest" time="5.96" tests="4" errors="0" skipped="0" failures="0">
  <properties>
[...]
</properties>
  <testcase name="testUserPersistenceInDocker" classname="com.concert.controller.UserControllerDockerTest" time="0.329">
    <system-out><![CDATA[2025-09-17T02:49:16.385Z  INFO 72 --- [           main] t.c.s.AnnotationConfigContextLoaderUtils : Could not detect default configuration classes for test class [com.concert.controller.UserControllerDockerTest]: UserControllerDockerTest does not declare any static, non-private, non-final, nested classes annotated with @Configuration.
2025-09-17T02:49:16.386Z  INFO 72 --- [           main] .b.t.c.SpringBootTestContextBootstrapper : Found @SpringBootConfiguration com.concert.ConcertBackendApplication for test class com.concert.controller.UserControllerDockerTest
2025-09-17T02:49:16.387Z  INFO 72 --- [           main] tc.mysql:8.0                             : Creating container for image: mysql:8.0
2025-09-17T02:49:16.431Z  INFO 72 --- [           main] tc.mysql:8.0                             : Container mysql:8.0 is starting: fde2216b88af6c9ebfe12f1351d55e8b17833fe49ec70ce89ef3d423e22bf393
2025-09-17T02:49:16.553Z  INFO 72 --- [           main] tc.mysql:8.0                             : Waiting for database connection to become available at jdbc:mysql://host.docker.internal:55377/testdb using query 'SELECT 1'
2025-09-17T02:49:21.042Z  INFO 72 --- [           main] tc.mysql:8.0                             : Container mysql:8.0 started in PT4.654991502S
2025-09-17T02:49:21.043Z  INFO 72 --- [           main] tc.mysql:8.0                             : Container is started (JDBC URL: jdbc:mysql://host.docker.internal:55377/testdb)

  .   ____          _            __ _ _
 /\\ / ___'_ __ _ _(_)_ __  __ _ \ \ \ \
( ( )\___ | '_ | '_| | '_ \/ _` | \ \ \ \
 \\/  ___)| |_)| | | | | || (_| |  ) ) ) )
  '  |____| .__|_| |_|_| |_\__, | / / / /
 =========|_|==============|___/=/_/_/_/
 :: Spring Boot ::                (v3.2.0)

2025-09-17T02:49:21.056Z  INFO 72 --- [           main] c.c.controller.UserControllerDockerTest  : Starting UserControllerDockerTest using Java 17.0.15 with PID 72 (started by root in /workspace/main_backend)
2025-09-17T02:49:21.056Z DEBUG 72 --- [           main] c.c.controller.UserControllerDockerTest  : Running with Spring Boot v3.2.0, Spring v6.1.1
2025-09-17T02:49:21.056Z  INFO 72 --- [           main] c.c.controller.UserControllerDockerTest  : The following 1 profile is active: "docker"
2025-09-17T02:49:21.140Z  INFO 72 --- [           main] .s.d.r.c.RepositoryConfigurationDelegate : Bootstrapping Spring Data JPA repositories in DEFAULT mode.
2025-09-17T02:49:21.147Z  INFO 72 --- [           main] .s.d.r.c.RepositoryConfigurationDelegate : Finished Spring Data repository scanning in 6 ms. Found 1 JPA repository interface.
2025-09-17T02:49:21.188Z  INFO 72 --- [           main] o.s.b.w.embedded.tomcat.TomcatWebServer  : Tomcat initialized with port 0 (http)
2025-09-17T02:49:21.188Z  INFO 72 --- [           main] o.apache.catalina.core.StandardService   : Starting service [Tomcat]
2025-09-17T02:49:21.188Z  INFO 72 --- [           main] o.apache.catalina.core.StandardEngine    : Starting Servlet engine: [Apache Tomcat/10.1.16]
2025-09-17T02:49:21.195Z  INFO 72 --- [           main] o.a.c.c.C.[Tomcat-1].[localhost].[/]     : Initializing Spring embedded WebApplicationContext
2025-09-17T02:49:21.195Z  INFO 72 --- [           main] w.s.c.ServletWebServerApplicationContext : Root WebApplicationContext: initialization completed in 138 ms
2025-09-17T02:49:21.221Z DEBUG 72 --- [           main] c.c.security.JwtAuthenticationFilter     : Filter 'jwtAuthenticationFilter' configured for use
2025-09-17T02:49:21.221Z DEBUG 72 --- [           main] o.s.w.f.ServerHttpObservationFilter      : Filter 'webMvcObservationFilter' configured for use
2025-09-17T02:49:21.238Z  INFO 72 --- [           main] o.hibernate.jpa.internal.util.LogHelper  : HHH000204: Processing PersistenceUnitInfo [name: default]
2025-09-17T02:49:21.240Z  INFO 72 --- [           main] o.h.c.internal.RegionFactoryInitiator    : HHH000026: Second-level cache disabled
2025-09-17T02:49:21.243Z  INFO 72 --- [           main] o.s.o.j.p.SpringPersistenceUnitInfo      : No LoadTimeWeaver setup: ignoring JPA class transformer
2025-09-17T02:49:21.243Z  INFO 72 --- [           main] com.zaxxer.hikari.HikariDataSource       : HikariPool-6 - Starting...
2025-09-17T02:49:21.252Z  INFO 72 --- [           main] com.zaxxer.hikari.pool.HikariPool        : HikariPool-6 - Added connection com.mysql.cj.jdbc.ConnectionImpl@4242f506
2025-09-17T02:49:21.252Z  INFO 72 --- [           main] com.zaxxer.hikari.HikariDataSource       : HikariPool-6 - Start completed.
2025-09-17T02:49:21.252Z  WARN 72 --- [           main] org.hibernate.orm.deprecation            : HHH90000025: MySQLDialect does not need to be specified explicitly using 'hibernate.dialect' (remove the property setting and it will be selected by default)
2025-09-17T02:49:21.268Z  INFO 72 --- [           main] o.h.e.t.j.p.i.JtaPlatformInitiator       : HHH000489: No JTA platform available (set 'hibernate.transaction.jta.platform' to enable JTA platform integration)
Hibernate: 
    drop table if exists users
Hibernate: 
    create table users (
        created_at datetime(6),
        updated_at datetime(6),
        user_id bigint not null auto_increment,
        address varchar(255),
        city varchar(255),
        company varchar(255),
        country varchar(255),
        email varchar(255),
        name varchar(255),
        password varchar(255),
        phone varchar(255),
        pincode varchar(255),
        profile_photo varchar(255),
        username varchar(255),
        website varchar(255),
        primary key (user_id)
    ) engine=InnoDB
Hibernate: 
    alter table users 
       add constraint UK_6dotkott2kjsp8vw4d0m25fb7 unique (email)
Hibernate: 
    alter table users 
       add constraint UK_r43af9ap4edm43mmtq01oddj6 unique (username)
2025-09-17T02:49:21.291Z  INFO 72 --- [           main] j.LocalContainerEntityManagerFactoryBean : Initialized JPA EntityManagerFactory for persistence unit 'default'
2025-09-17T02:49:21.338Z  WARN 72 --- [           main] JpaBaseConfiguration$JpaWebConfiguration : spring.jpa.open-in-view is enabled by default. Therefore, database queries may be performed during view rendering. Explicitly configure spring.jpa.open-in-view to disable this warning
2025-09-17T02:49:21.346Z  WARN 72 --- [           main] .s.s.UserDetailsServiceAutoConfiguration : 

Using generated security password: 436308e4-4407-4f4c-86f4-2d569f7b120a

This generated password is for development use only. Your security configuration must be updated before running your application in production.

2025-09-17T02:49:21.366Z DEBUG 72 --- [           main] s.w.s.m.m.a.RequestMappingHandlerMapping : 8 mappings in 'requestMappingHandlerMapping'
2025-09-17T02:49:21.399Z DEBUG 72 --- [           main] o.s.w.s.handler.SimpleUrlHandlerMapping  : Patterns [/webjars/**, /**] in 'resourceHandlerMapping'
2025-09-17T02:49:21.421Z  INFO 72 --- [           main] o.s.b.a.e.web.EndpointLinksResolver      : Exposing 1 endpoint(s) beneath base path '/actuator'
2025-09-17T02:49:21.433Z  INFO 72 --- [           main] o.s.s.web.DefaultSecurityFilterChain     : Will secure any request with [org.springframework.security.web.session.DisableEncodeUrlFilter@6f2b27ab, org.springframework.security.web.context.request.async.WebAsyncManagerIntegrationFilter@3679532a, org.springframework.security.web.context.SecurityContextHolderFilter@69c6b22, org.springframework.security.web.header.HeaderWriterFilter@396be05b, org.springframework.web.filter.CorsFilter@5fc38e49, org.springframework.security.web.authentication.logout.LogoutFilter@4d44c9fd, com.concert.security.JwtAuthenticationFilter@c77b86f, org.springframework.security.web.savedrequest.RequestCacheAwareFilter@1b7f53a1, org.springframework.security.web.servletapi.SecurityContextHolderAwareRequestFilter@65472dbc, org.springframework.security.web.authentication.AnonymousAuthenticationFilter@1d5462ac, org.springframework.security.web.session.SessionManagementFilter@5b5e1ef0, org.springframework.security.web.access.ExceptionTranslationFilter@731f81b1, org.springframework.security.web.access.intercept.AuthorizationFilter@3cb0834a]
2025-09-17T02:49:21.463Z DEBUG 72 --- [           main] s.w.s.m.m.a.RequestMappingHandlerAdapter : ControllerAdvice beans: 0 @ModelAttribute, 0 @InitBinder, 1 RequestBodyAdvice, 1 ResponseBodyAdvice
2025-09-17T02:49:21.469Z DEBUG 72 --- [           main] .m.m.a.ExceptionHandlerExceptionResolver : ControllerAdvice beans: 0 @ExceptionHandler, 1 ResponseBodyAdvice
2025-09-17T02:49:21.545Z  INFO 72 --- [           main] o.s.b.w.embedded.tomcat.TomcatWebServer  : Tomcat started on port 41517 (http) with context path ''
2025-09-17T02:49:21.547Z  INFO 72 --- [           main] c.c.controller.UserControllerDockerTest  : Started UserControllerDockerTest in 0.502 seconds (process running for 29.929)
Hibernate: 
    select
        u1_0.user_id,
        u1_0.address,
        u1_0.city,
        u1_0.company,
        u1_0.country,
        u1_0.created_at,
        u1_0.email,
        u1_0.name,
        u1_0.password,
        u1_0.phone,
        u1_0.pincode,
        u1_0.profile_photo,
        u1_0.updated_at,
        u1_0.username,
        u1_0.website 
    from
        users u1_0
Hibernate: 
    insert 
    into
        users
        (address, city, company, country, created_at, email, name, password, phone, pincode, profile_photo, updated_at, username, website) 
    values
        (?, ?, ?, ?, ?, ?, ?, ?, ?, ?, ?, ?, ?, ?)
2025-09-17T02:49:21.572Z DEBUG 72 --- [           main] o.s.web.client.RestTemplate              : HTTP POST http://localhost:41517/api/auth/login
2025-09-17T02:49:21.576Z DEBUG 72 --- [           main] o.s.web.client.RestTemplate              : Accept=[text/plain, application/json, application/*+json, */*]
2025-09-17T02:49:21.576Z DEBUG 72 --- [           main] o.s.web.client.RestTemplate              : Writing [{"usernameOrEmail":"testuser","password":"password123"}] as "application/json"
2025-09-17T02:49:21.616Z  INFO 72 --- [o-auto-2-exec-1] o.a.c.c.C.[Tomcat-1].[localhost].[/]     : Initializing Spring DispatcherServlet 'dispatcherServlet'
2025-09-17T02:49:21.616Z  INFO 72 --- [o-auto-2-exec-1] o.s.web.servlet.DispatcherServlet        : Initializing Servlet 'dispatcherServlet'
2025-09-17T02:49:21.617Z DEBUG 72 --- [o-auto-2-exec-1] o.s.web.servlet.DispatcherServlet        : Detected StandardServletMultipartResolver
2025-09-17T02:49:21.617Z DEBUG 72 --- [o-auto-2-exec-1] o.s.web.servlet.DispatcherServlet        : Detected AcceptHeaderLocaleResolver
2025-09-17T02:49:21.617Z DEBUG 72 --- [o-auto-2-exec-1] o.s.web.servlet.DispatcherServlet        : Detected FixedThemeResolver
2025-09-17T02:49:21.617Z DEBUG 72 --- [o-auto-2-exec-1] o.s.web.servlet.DispatcherServlet        : Detected org.springframework.web.servlet.view.DefaultRequestToViewNameTranslator@36d26810
2025-09-17T02:49:21.617Z DEBUG 72 --- [o-auto-2-exec-1] o.s.web.servlet.DispatcherServlet        : Detected org.springframework.web.servlet.support.SessionFlashMapManager@5d736964
2025-09-17T02:49:21.617Z DEBUG 72 --- [o-auto-2-exec-1] o.s.web.servlet.DispatcherServlet        : enableLoggingRequestDetails='false': request parameters and headers will be masked to prevent unsafe logging of potentially sensitive data
2025-09-17T02:49:21.617Z  INFO 72 --- [o-auto-2-exec-1] o.s.web.servlet.DispatcherServlet        : Completed initialization in 1 ms
2025-09-17T02:49:21.619Z DEBUG 72 --- [o-auto-2-exec-1] o.s.security.web.FilterChainProxy        : Securing POST /api/auth/login
2025-09-17T02:49:21.620Z DEBUG 72 --- [o-auto-2-exec-1] o.s.s.w.a.AnonymousAuthenticationFilter  : Set SecurityContextHolder to anonymous SecurityContext
2025-09-17T02:49:21.620Z  WARN 72 --- [o-auto-2-exec-1] o.s.w.s.h.HandlerMappingIntrospector     : Cache miss for REQUEST dispatch to '/api/auth/login' (previous null). Performing MatchableHandlerMapping lookup. This is logged once only at WARN level, and every time at TRACE.
2025-09-17T02:49:21.621Z DEBUG 72 --- [o-auto-2-exec-1] o.s.security.web.FilterChainProxy        : Secured POST /api/auth/login
2025-09-17T02:49:21.621Z DEBUG 72 --- [o-auto-2-exec-1] o.s.web.servlet.DispatcherServlet        : POST "/api/auth/login", parameters={}
2025-09-17T02:49:21.621Z DEBUG 72 --- [o-auto-2-exec-1] s.w.s.m.m.a.RequestMappingHandlerMapping : Mapped to com.concert.controller.AuthController#login(LoginRequest)
2025-09-17T02:49:21.623Z DEBUG 72 --- [o-auto-2-exec-1] m.m.a.RequestResponseBodyMethodProcessor : Read "application/json;charset=UTF-8" to [com.concert.dto.LoginRequest@20978c27]
Hibernate: 
    select
        u1_0.user_id,
        u1_0.address,
        u1_0.city,
        u1_0.company,
        u1_0.country,
        u1_0.created_at,
        u1_0.email,
        u1_0.name,
        u1_0.password,
        u1_0.phone,
        u1_0.pincode,
        u1_0.profile_photo,
        u1_0.updated_at,
        u1_0.username,
        u1_0.website 
    from
        users u1_0 
    where
        u1_0.username=? 
        or u1_0.email=?
2025-09-17T02:49:21.705Z DEBUG 72 --- [o-auto-2-exec-1] o.s.w.s.m.m.a.HttpEntityMethodProcessor  : Using 'application/json', given [text/plain, application/json, application/*+json, */*] and supported [application/json, application/*+json]
2025-09-17T02:49:21.705Z DEBUG 72 --- [o-auto-2-exec-1] o.s.w.s.m.m.a.HttpEntityMethodProcessor  : Writing [com.concert.dto.AuthResponse@523dd72d]
2025-09-17T02:49:21.710Z DEBUG 72 --- [           main] o.s.web.client.RestTemplate              : Response 400 BAD_REQUEST
2025-09-17T02:49:21.710Z DEBUG 72 --- [o-auto-2-exec-1] o.s.web.servlet.DispatcherServlet        : Completed 400 BAD_REQUEST
2025-09-17T02:49:21.713Z DEBUG 72 --- [           main] o.s.web.client.RestTemplate              : Reading to [java.lang.String] as "application/json"
Hibernate: 
    select
        count(*) 
    from
        users u1_0
Hibernate: 
    insert 
    into
        users
        (address, city, company, country, created_at, email, name, password, phone, pincode, profile_photo, updated_at, username, website) 
    values
        (?, ?, ?, ?, ?, ?, ?, ?, ?, ?, ?, ?, ?, ?)
Hibernate: 
    select
        count(*) 
    from
        users u1_0
Hibernate: 
    select
        u1_0.user_id,
        u1_0.address,
        u1_0.city,
        u1_0.company,
        u1_0.country,
        u1_0.created_at,
        u1_0.email,
        u1_0.name,
        u1_0.password,
        u1_0.phone,
        u1_0.pincode,
        u1_0.profile_photo,
        u1_0.updated_at,
        u1_0.username,
        u1_0.website 
    from
        users u1_0 
    where
        u1_0.username=?
✅ Docker persistence test passed - Data saved and retrieved from MySQL container
]]></system-out>
  </testcase>
  <testcase name="testGetAllUsers_WithDockerDatabase" classname="com.concert.controller.UserControllerDockerTest" time="0.129">
    <system-out><![CDATA[Hibernate: 
    select
        u1_0.user_id,
        u1_0.address,
        u1_0.city,
        u1_0.company,
        u1_0.country,
        u1_0.created_at,
        u1_0.email,
        u1_0.name,
        u1_0.password,
        u1_0.phone,
        u1_0.pincode,
        u1_0.profile_photo,
        u1_0.updated_at,
        u1_0.username,
        u1_0.website 
    from
        users u1_0
Hibernate: 
    delete 
    from
        users 
    where
        user_id=?
Hibernate: 
    delete 
    from
        users 
    where
        user_id=?
Hibernate: 
    insert 
    into
        users
        (address, city, company, country, created_at, email, name, password, phone, pincode, profile_photo, updated_at, username, website) 
    values
        (?, ?, ?, ?, ?, ?, ?, ?, ?, ?, ?, ?, ?, ?)
2025-09-17T02:49:21.920Z DEBUG 72 --- [           main] o.s.web.client.RestTemplate              : HTTP POST http://localhost:41517/api/auth/login
2025-09-17T02:49:21.920Z DEBUG 72 --- [           main] o.s.web.client.RestTemplate              : Accept=[text/plain, application/json, application/*+json, */*]
2025-09-17T02:49:21.920Z DEBUG 72 --- [           main] o.s.web.client.RestTemplate              : Writing [{"usernameOrEmail":"testuser","password":"password123"}] as "application/json"
2025-09-17T02:49:21.921Z DEBUG 72 --- [o-auto-2-exec-2] o.s.security.web.FilterChainProxy        : Securing POST /api/auth/login
2025-09-17T02:49:21.922Z DEBUG 72 --- [o-auto-2-exec-2] o.s.s.w.a.AnonymousAuthenticationFilter  : Set SecurityContextHolder to anonymous SecurityContext
2025-09-17T02:49:21.922Z DEBUG 72 --- [o-auto-2-exec-2] o.s.security.web.FilterChainProxy        : Secured POST /api/auth/login
2025-09-17T02:49:21.922Z DEBUG 72 --- [o-auto-2-exec-2] o.s.web.servlet.DispatcherServlet        : POST "/api/auth/login", parameters={}
2025-09-17T02:49:21.922Z DEBUG 72 --- [o-auto-2-exec-2] s.w.s.m.m.a.RequestMappingHandlerMapping : Mapped to com.concert.controller.AuthController#login(LoginRequest)
2025-09-17T02:49:21.923Z DEBUG 72 --- [o-auto-2-exec-2] m.m.a.RequestResponseBodyMethodProcessor : Read "application/json;charset=UTF-8" to [com.concert.dto.LoginRequest@12dcf6bc]
Hibernate: 
    select
        u1_0.user_id,
        u1_0.address,
        u1_0.city,
        u1_0.company,
        u1_0.country,
        u1_0.created_at,
        u1_0.email,
        u1_0.name,
        u1_0.password,
        u1_0.phone,
        u1_0.pincode,
        u1_0.profile_photo,
        u1_0.updated_at,
        u1_0.username,
        u1_0.website 
    from
        users u1_0 
    where
        u1_0.username=? 
        or u1_0.email=?
2025-09-17T02:49:21.985Z DEBUG 72 --- [o-auto-2-exec-2] o.s.w.s.m.m.a.HttpEntityMethodProcessor  : Using 'application/json', given [text/plain, application/json, application/*+json, */*] and supported [application/json, application/*+json]
2025-09-17T02:49:21.985Z DEBUG 72 --- [o-auto-2-exec-2] o.s.w.s.m.m.a.HttpEntityMethodProcessor  : Writing [com.concert.dto.AuthResponse@6299d38]
2025-09-17T02:49:21.985Z DEBUG 72 --- [           main] o.s.web.client.RestTemplate              : Response 400 BAD_REQUEST
2025-09-17T02:49:21.985Z DEBUG 72 --- [o-auto-2-exec-2] o.s.web.servlet.DispatcherServlet        : Completed 400 BAD_REQUEST
2025-09-17T02:49:21.985Z DEBUG 72 --- [           main] o.s.web.client.RestTemplate              : Reading to [java.lang.String] as "application/json"
Hibernate: 
    insert 
    into
        users
        (address, city, company, country, created_at, email, name, password, phone, pincode, profile_photo, updated_at, username, website) 
    values
        (?, ?, ?, ?, ?, ?, ?, ?, ?, ?, ?, ?, ?, ?)
Hibernate: 
    insert 
    into
        users
        (address, city, company, country, created_at, email, name, password, phone, pincode, profile_photo, updated_at, username, website) 
    values
        (?, ?, ?, ?, ?, ?, ?, ?, ?, ?, ?, ?, ?, ?)
2025-09-17T02:49:21.993Z DEBUG 72 --- [           main] o.s.web.client.RestTemplate              : HTTP GET http://localhost:41517/api/users
2025-09-17T02:49:21.994Z DEBUG 72 --- [           main] o.s.web.client.RestTemplate              : Accept=[text/plain, application/json, application/*+json, */*]
2025-09-17T02:49:21.995Z DEBUG 72 --- [o-auto-2-exec-3] o.s.security.web.FilterChainProxy        : Securing GET /api/users
2025-09-17T02:49:21.995Z DEBUG 72 --- [o-auto-2-exec-3] o.s.s.w.a.AnonymousAuthenticationFilter  : Set SecurityContextHolder to anonymous SecurityContext
2025-09-17T02:49:21.998Z DEBUG 72 --- [o-auto-2-exec-3] o.s.s.w.a.Http403ForbiddenEntryPoint     : Pre-authenticated entry point called. Rejecting access
2025-09-17T02:49:22.001Z DEBUG 72 --- [o-auto-2-exec-3] o.s.security.web.FilterChainProxy        : Securing GET /error
2025-09-17T02:49:22.003Z DEBUG 72 --- [o-auto-2-exec-3] o.s.security.web.FilterChainProxy        : Secured GET /error
2025-09-17T02:49:22.003Z DEBUG 72 --- [o-auto-2-exec-3] o.s.web.servlet.DispatcherServlet        : "ERROR" dispatch for GET "/error", parameters={}
2025-09-17T02:49:22.003Z DEBUG 72 --- [o-auto-2-exec-3] s.w.s.m.m.a.RequestMappingHandlerMapping : Mapped to org.springframework.boot.autoconfigure.web.servlet.error.BasicErrorController#error(HttpServletRequest)
2025-09-17T02:49:22.005Z DEBUG 72 --- [o-auto-2-exec-3] o.s.w.s.m.m.a.HttpEntityMethodProcessor  : Using 'application/json', given [text/plain, application/json, application/*+json, */*] and supported [application/json, application/*+json]
2025-09-17T02:49:22.005Z DEBUG 72 --- [o-auto-2-exec-3] o.s.w.s.m.m.a.HttpEntityMethodProcessor  : Writing [{timestamp=Wed Sep 17 02:49:22 UTC 2025, status=403, error=Forbidden, path=/api/users}]
2025-09-17T02:49:22.007Z DEBUG 72 --- [           main] o.s.web.client.RestTemplate              : Response 403 FORBIDDEN
2025-09-17T02:49:22.007Z DEBUG 72 --- [           main] o.s.web.client.RestTemplate              : Reading to [java.lang.String] as "application/json"
2025-09-17T02:49:22.008Z DEBUG 72 --- [o-auto-2-exec-3] o.s.web.servlet.DispatcherServlet        : Exiting from "ERROR" dispatch, status 403
2025-09-17T02:49:22.008Z DEBUG 72 --- [o-auto-2-exec-3] o.s.s.w.a.AnonymousAuthenticationFilter  : Set SecurityContextHolder to anonymous SecurityContext
✅ Docker test passed - Unauthorized access properly blocked
]]></system-out>
  </testcase>
  <testcase name="testGetUserById_WithDockerDatabase" classname="com.concert.controller.UserControllerDockerTest" time="0.086">
    <system-out><![CDATA[Hibernate: 
    select
        u1_0.user_id,
        u1_0.address,
        u1_0.city,
        u1_0.company,
        u1_0.country,
        u1_0.created_at,
        u1_0.email,
        u1_0.name,
        u1_0.password,
        u1_0.phone,
        u1_0.pincode,
        u1_0.profile_photo,
        u1_0.updated_at,
        u1_0.username,
        u1_0.website 
    from
        users u1_0
Hibernate: 
    delete 
    from
        users 
    where
        user_id=?
Hibernate: 
    delete 
    from
        users 
    where
        user_id=?
Hibernate: 
    delete 
    from
        users 
    where
        user_id=?
Hibernate: 
    insert 
    into
        users
        (address, city, company, country, created_at, email, name, password, phone, pincode, profile_photo, updated_at, username, website) 
    values
        (?, ?, ?, ?, ?, ?, ?, ?, ?, ?, ?, ?, ?, ?)
2025-09-17T02:49:22.021Z DEBUG 72 --- [           main] o.s.web.client.RestTemplate              : HTTP POST http://localhost:41517/api/auth/login
2025-09-17T02:49:22.022Z DEBUG 72 --- [           main] o.s.web.client.RestTemplate              : Accept=[text/plain, application/json, application/*+json, */*]
2025-09-17T02:49:22.022Z DEBUG 72 --- [           main] o.s.web.client.RestTemplate              : Writing [{"usernameOrEmail":"testuser","password":"password123"}] as "application/json"
2025-09-17T02:49:22.024Z DEBUG 72 --- [o-auto-2-exec-4] o.s.security.web.FilterChainProxy        : Securing POST /api/auth/login
2025-09-17T02:49:22.025Z DEBUG 72 --- [o-auto-2-exec-4] o.s.s.w.a.AnonymousAuthenticationFilter  : Set SecurityContextHolder to anonymous SecurityContext
2025-09-17T02:49:22.025Z DEBUG 72 --- [o-auto-2-exec-4] o.s.security.web.FilterChainProxy        : Secured POST /api/auth/login
2025-09-17T02:49:22.025Z DEBUG 72 --- [o-auto-2-exec-4] o.s.web.servlet.DispatcherServlet        : POST "/api/auth/login", parameters={}
2025-09-17T02:49:22.025Z DEBUG 72 --- [o-auto-2-exec-4] s.w.s.m.m.a.RequestMappingHandlerMapping : Mapped to com.concert.controller.AuthController#login(LoginRequest)
2025-09-17T02:49:22.026Z DEBUG 72 --- [o-auto-2-exec-4] m.m.a.RequestResponseBodyMethodProcessor : Read "application/json;charset=UTF-8" to [com.concert.dto.LoginRequest@4e4f3968]
Hibernate: 
    select
        u1_0.user_id,
        u1_0.address,
        u1_0.city,
        u1_0.company,
        u1_0.country,
        u1_0.created_at,
        u1_0.email,
        u1_0.name,
        u1_0.password,
        u1_0.phone,
        u1_0.pincode,
        u1_0.profile_photo,
        u1_0.updated_at,
        u1_0.username,
        u1_0.website 
    from
        users u1_0 
    where
        u1_0.username=? 
        or u1_0.email=?
2025-09-17T02:49:22.085Z DEBUG 72 --- [o-auto-2-exec-4] o.s.w.s.m.m.a.HttpEntityMethodProcessor  : Using 'application/json', given [text/plain, application/json, application/*+json, */*] and supported [application/json, application/*+json]
2025-09-17T02:49:22.085Z DEBUG 72 --- [o-auto-2-exec-4] o.s.w.s.m.m.a.HttpEntityMethodProcessor  : Writing [com.concert.dto.AuthResponse@e59689]
2025-09-17T02:49:22.085Z DEBUG 72 --- [           main] o.s.web.client.RestTemplate              : Response 400 BAD_REQUEST
2025-09-17T02:49:22.085Z DEBUG 72 --- [o-auto-2-exec-4] o.s.web.servlet.DispatcherServlet        : Completed 400 BAD_REQUEST
2025-09-17T02:49:22.085Z DEBUG 72 --- [           main] o.s.web.client.RestTemplate              : Reading to [java.lang.String] as "application/json"
Hibernate: 
    insert 
    into
        users
        (address, city, company, country, created_at, email, name, password, phone, pincode, profile_photo, updated_at, username, website) 
    values
        (?, ?, ?, ?, ?, ?, ?, ?, ?, ?, ?, ?, ?, ?)
2025-09-17T02:49:22.090Z DEBUG 72 --- [           main] o.s.web.client.RestTemplate              : HTTP GET http://localhost:41517/api/users/7
2025-09-17T02:49:22.090Z DEBUG 72 --- [           main] o.s.web.client.RestTemplate              : Accept=[text/plain, application/json, application/*+json, */*]
2025-09-17T02:49:22.091Z DEBUG 72 --- [o-auto-2-exec-5] o.s.security.web.FilterChainProxy        : Securing GET /api/users/7
2025-09-17T02:49:22.091Z DEBUG 72 --- [o-auto-2-exec-5] o.s.s.w.a.AnonymousAuthenticationFilter  : Set SecurityContextHolder to anonymous SecurityContext
2025-09-17T02:49:22.092Z DEBUG 72 --- [o-auto-2-exec-5] o.s.s.w.a.Http403ForbiddenEntryPoint     : Pre-authenticated entry point called. Rejecting access
2025-09-17T02:49:22.093Z DEBUG 72 --- [o-auto-2-exec-5] o.s.security.web.FilterChainProxy        : Securing GET /error
2025-09-17T02:49:22.094Z DEBUG 72 --- [o-auto-2-exec-5] o.s.security.web.FilterChainProxy        : Secured GET /error
2025-09-17T02:49:22.094Z DEBUG 72 --- [o-auto-2-exec-5] o.s.web.servlet.DispatcherServlet        : "ERROR" dispatch for GET "/error", parameters={}
2025-09-17T02:49:22.094Z DEBUG 72 --- [o-auto-2-exec-5] s.w.s.m.m.a.RequestMappingHandlerMapping : Mapped to org.springframework.boot.autoconfigure.web.servlet.error.BasicErrorController#error(HttpServletRequest)
2025-09-17T02:49:22.094Z DEBUG 72 --- [o-auto-2-exec-5] o.s.w.s.m.m.a.HttpEntityMethodProcessor  : Using 'application/json', given [text/plain, application/json, application/*+json, */*] and supported [application/json, application/*+json]
2025-09-17T02:49:22.094Z DEBUG 72 --- [o-auto-2-exec-5] o.s.w.s.m.m.a.HttpEntityMethodProcessor  : Writing [{timestamp=Wed Sep 17 02:49:22 UTC 2025, status=403, error=Forbidden, path=/api/users/7}]
2025-09-17T02:49:22.095Z DEBUG 72 --- [o-auto-2-exec-5] o.s.web.servlet.DispatcherServlet        : Exiting from "ERROR" dispatch, status 403
2025-09-17T02:49:22.095Z DEBUG 72 --- [           main] o.s.web.client.RestTemplate              : Response 403 FORBIDDEN
2025-09-17T02:49:22.095Z DEBUG 72 --- [o-auto-2-exec-5] o.s.s.w.a.AnonymousAuthenticationFilter  : Set SecurityContextHolder to anonymous SecurityContext
2025-09-17T02:49:22.095Z DEBUG 72 --- [           main] o.s.web.client.RestTemplate              : Reading to [java.lang.String] as "application/json"
✅ Docker test passed - Unauthorized access properly blocked
]]></system-out>
  </testcase>
  <testcase name="testDockerDatabaseConnection" classname="com.concert.controller.UserControllerDockerTest" time="0.084">
    <system-out><![CDATA[Hibernate: 
    select
        u1_0.user_id,
        u1_0.address,
        u1_0.city,
        u1_0.company,
        u1_0.country,
        u1_0.created_at,
        u1_0.email,
        u1_0.name,
        u1_0.password,
        u1_0.phone,
        u1_0.pincode,
        u1_0.profile_photo,
        u1_0.updated_at,
        u1_0.username,
        u1_0.website 
    from
        users u1_0
Hibernate: 
    delete 
    from
        users 
    where
        user_id=?
Hibernate: 
    delete 
    from
        users 
    where
        user_id=?
Hibernate: 
    insert 
    into
        users
        (address, city, company, country, created_at, email, name, password, phone, pincode, profile_photo, updated_at, username, website) 
    values
        (?, ?, ?, ?, ?, ?, ?, ?, ?, ?, ?, ?, ?, ?)
2025-09-17T02:49:22.104Z DEBUG 72 --- [           main] o.s.web.client.RestTemplate              : HTTP POST http://localhost:41517/api/auth/login
2025-09-17T02:49:22.105Z DEBUG 72 --- [           main] o.s.web.client.RestTemplate              : Accept=[text/plain, application/json, application/*+json, */*]
2025-09-17T02:49:22.105Z DEBUG 72 --- [           main] o.s.web.client.RestTemplate              : Writing [{"usernameOrEmail":"testuser","password":"password123"}] as "application/json"
2025-09-17T02:49:22.107Z DEBUG 72 --- [o-auto-2-exec-6] o.s.security.web.FilterChainProxy        : Securing POST /api/auth/login
2025-09-17T02:49:22.108Z DEBUG 72 --- [o-auto-2-exec-6] o.s.s.w.a.AnonymousAuthenticationFilter  : Set SecurityContextHolder to anonymous SecurityContext
2025-09-17T02:49:22.108Z DEBUG 72 --- [o-auto-2-exec-6] o.s.security.web.FilterChainProxy        : Secured POST /api/auth/login
2025-09-17T02:49:22.108Z DEBUG 72 --- [o-auto-2-exec-6] o.s.web.servlet.DispatcherServlet        : POST "/api/auth/login", parameters={}
2025-09-17T02:49:22.108Z DEBUG 72 --- [o-auto-2-exec-6] s.w.s.m.m.a.RequestMappingHandlerMapping : Mapped to com.concert.controller.AuthController#login(LoginRequest)
2025-09-17T02:49:22.108Z DEBUG 72 --- [o-auto-2-exec-6] m.m.a.RequestResponseBodyMethodProcessor : Read "application/json;charset=UTF-8" to [com.concert.dto.LoginRequest@7d20692d]
Hibernate: 
    select
        u1_0.user_id,
        u1_0.address,
        u1_0.city,
        u1_0.company,
        u1_0.country,
        u1_0.created_at,
        u1_0.email,
        u1_0.name,
        u1_0.password,
        u1_0.phone,
        u1_0.pincode,
        u1_0.profile_photo,
        u1_0.updated_at,
        u1_0.username,
        u1_0.website 
    from
        users u1_0 
    where
        u1_0.username=? 
        or u1_0.email=?
2025-09-17T02:49:22.167Z DEBUG 72 --- [o-auto-2-exec-6] o.s.w.s.m.m.a.HttpEntityMethodProcessor  : Using 'application/json', given [text/plain, application/json, application/*+json, */*] and supported [application/json, application/*+json]
2025-09-17T02:49:22.167Z DEBUG 72 --- [o-auto-2-exec-6] o.s.w.s.m.m.a.HttpEntityMethodProcessor  : Writing [com.concert.dto.AuthResponse@66e8a3b2]
2025-09-17T02:49:22.168Z DEBUG 72 --- [           main] o.s.web.client.RestTemplate              : Response 400 BAD_REQUEST
2025-09-17T02:49:22.168Z DEBUG 72 --- [o-auto-2-exec-6] o.s.web.servlet.DispatcherServlet        : Completed 400 BAD_REQUEST
2025-09-17T02:49:22.168Z DEBUG 72 --- [           main] o.s.web.client.RestTemplate              : Reading to [java.lang.String] as "application/json"
Hibernate: 
    select
        count(*) 
    from
        users u1_0
✅ Docker database connection test passed
   - MySQL container is running: true
   - Database name: testdb
   - JDBC URL: jdbc:mysql://host.docker.internal:55377/testdb
   - User count in database: 1
]]></system-out>
  </testcase>
</testsuite>