<?xml version="1.0" encoding="UTF-8"?>
<testsuite xmlns:xsi="http://www.w3.org/2001/XMLSchema-instance" xsi:noNamespaceSchemaLocation="https://maven.apache.org/surefire/maven-surefire-plugin/xsd/surefire-test-report-3.0.xsd" version="3.0" name="com.concert.controller.UserControllerDockerTest" time="6.186" tests="4" errors="0" skipped="0" failures="0">
  <properties>
[...]
</properties>
  <testcase name="testUserPersistenceInDocker" classname="com.concert.controller.UserControllerDockerTest" time="0.193">
    <system-out><![CDATA[2025-09-17T19:56:05.060+07:00  INFO 97749 --- [           main] t.c.s.AnnotationConfigContextLoaderUtils : Could not detect default configuration classes for test class [com.concert.controller.UserControllerDockerTest]: UserControllerDockerTest does not declare any static, non-private, non-final, nested classes annotated with @Configuration.
2025-09-17T19:56:05.060+07:00  INFO 97749 --- [           main] .b.t.c.SpringBootTestContextBootstrapper : Found @SpringBootConfiguration com.concert.ConcertBackendApplication for test class com.concert.controller.UserControllerDockerTest
2025-09-17T19:56:05.061+07:00  INFO 97749 --- [           main] tc.mysql:8.0                             : Creating container for image: mysql:8.0
2025-09-17T19:56:05.104+07:00  INFO 97749 --- [           main] tc.mysql:8.0                             : Container mysql:8.0 is starting: 3f058f73597e7c5db75fa8c4f6821dc6907546c4ee6880ccdb7ffa76f9936452
2025-09-17T19:56:05.199+07:00  INFO 97749 --- [           main] tc.mysql:8.0                             : Waiting for database connection to become available at jdbc:mysql://localhost:50369/testdb using query 'SELECT 1'
2025-09-17T19:56:10.264+07:00  INFO 97749 --- [           main] tc.mysql:8.0                             : Container mysql:8.0 started in PT5.202584S
2025-09-17T19:56:10.264+07:00  INFO 97749 --- [           main] tc.mysql:8.0                             : Container is started (JDBC URL: jdbc:mysql://localhost:50369/testdb)

  .   ____          _            __ _ _
 /\\ / ___'_ __ _ _(_)_ __  __ _ \ \ \ \
( ( )\___ | '_ | '_| | '_ \/ _` | \ \ \ \
 \\/  ___)| |_)| | | | | || (_| |  ) ) ) )
  '  |____| .__|_| |_|_| |_\__, | / / / /
 =========|_|==============|___/=/_/_/_/
 :: Spring Boot ::                (v3.2.0)

2025-09-17T19:56:10.278+07:00  INFO 97749 --- [           main] c.c.controller.UserControllerDockerTest  : Starting UserControllerDockerTest using Java 21.0.8 with PID 97749 (started by putinan in /Users/putinan/development/DevOps/develop/main_backend)
2025-09-17T19:56:10.278+07:00 DEBUG 97749 --- [           main] c.c.controller.UserControllerDockerTest  : Running with Spring Boot v3.2.0, Spring v6.1.1
2025-09-17T19:56:10.278+07:00  INFO 97749 --- [           main] c.c.controller.UserControllerDockerTest  : The following 1 profile is active: "docker"
2025-09-17T19:56:10.325+07:00  INFO 97749 --- [           main] .s.d.r.c.RepositoryConfigurationDelegate : Bootstrapping Spring Data JPA repositories in DEFAULT mode.
2025-09-17T19:56:10.327+07:00  INFO 97749 --- [           main] .s.d.r.c.RepositoryConfigurationDelegate : Finished Spring Data repository scanning in 2 ms. Found 1 JPA repository interface.
2025-09-17T19:56:10.359+07:00  INFO 97749 --- [           main] o.s.b.w.embedded.tomcat.TomcatWebServer  : Tomcat initialized with port 0 (http)
2025-09-17T19:56:10.359+07:00  INFO 97749 --- [           main] o.apache.catalina.core.StandardService   : Starting service [Tomcat]
2025-09-17T19:56:10.359+07:00  INFO 97749 --- [           main] o.apache.catalina.core.StandardEngine    : Starting Servlet engine: [Apache Tomcat/10.1.16]
2025-09-17T19:56:10.365+07:00  INFO 97749 --- [           main] o.a.c.c.C.[Tomcat-1].[localhost].[/]     : Initializing Spring embedded WebApplicationContext
2025-09-17T19:56:10.365+07:00  INFO 97749 --- [           main] w.s.c.ServletWebServerApplicationContext : Root WebApplicationContext: initialization completed in 87 ms
2025-09-17T19:56:10.382+07:00 DEBUG 97749 --- [           main] c.c.security.JwtAuthenticationFilter     : Filter 'jwtAuthenticationFilter' configured for use
2025-09-17T19:56:10.382+07:00 DEBUG 97749 --- [           main] o.s.w.f.ServerHttpObservationFilter      : Filter 'webMvcObservationFilter' configured for use
2025-09-17T19:56:10.397+07:00  INFO 97749 --- [           main] o.hibernate.jpa.internal.util.LogHelper  : HHH000204: Processing PersistenceUnitInfo [name: default]
2025-09-17T19:56:10.398+07:00  INFO 97749 --- [           main] o.h.c.internal.RegionFactoryInitiator    : HHH000026: Second-level cache disabled
2025-09-17T19:56:10.398+07:00  INFO 97749 --- [           main] o.s.o.j.p.SpringPersistenceUnitInfo      : No LoadTimeWeaver setup: ignoring JPA class transformer
2025-09-17T19:56:10.398+07:00  INFO 97749 --- [           main] com.zaxxer.hikari.HikariDataSource       : HikariPool-6 - Starting...
2025-09-17T19:56:10.405+07:00  INFO 97749 --- [           main] com.zaxxer.hikari.pool.HikariPool        : HikariPool-6 - Added connection com.mysql.cj.jdbc.ConnectionImpl@38669c7f
2025-09-17T19:56:10.405+07:00  INFO 97749 --- [           main] com.zaxxer.hikari.HikariDataSource       : HikariPool-6 - Start completed.
2025-09-17T19:56:10.406+07:00  WARN 97749 --- [           main] org.hibernate.orm.deprecation            : HHH90000025: MySQLDialect does not need to be specified explicitly using 'hibernate.dialect' (remove the property setting and it will be selected by default)
2025-09-17T19:56:10.416+07:00  INFO 97749 --- [           main] o.h.e.t.j.p.i.JtaPlatformInitiator       : HHH000489: No JTA platform available (set 'hibernate.transaction.jta.platform' to enable JTA platform integration)
Hibernate: 
    drop table if exists users
Hibernate: 
    create table users (
        created_at datetime(6),
        updated_at datetime(6),
        user_id bigint not null auto_increment,
        address varchar(255),
        city varchar(255),
        company varchar(255),
        country varchar(255),
        email varchar(255),
        name varchar(255),
        password varchar(255),
        phone varchar(255),
        pincode varchar(255),
        profile_photo varchar(255),
        username varchar(255),
        website varchar(255),
        primary key (user_id)
    ) engine=InnoDB
Hibernate: 
    alter table users 
       add constraint UK_6dotkott2kjsp8vw4d0m25fb7 unique (email)
Hibernate: 
    alter table users 
       add constraint UK_r43af9ap4edm43mmtq01oddj6 unique (username)
2025-09-17T19:56:10.438+07:00  INFO 97749 --- [           main] j.LocalContainerEntityManagerFactoryBean : Initialized JPA EntityManagerFactory for persistence unit 'default'
2025-09-17T19:56:10.467+07:00  WARN 97749 --- [           main] JpaBaseConfiguration$JpaWebConfiguration : spring.jpa.open-in-view is enabled by default. Therefore, database queries may be performed during view rendering. Explicitly configure spring.jpa.open-in-view to disable this warning
2025-09-17T19:56:10.472+07:00  WARN 97749 --- [           main] .s.s.UserDetailsServiceAutoConfiguration : 

Using generated security password: d2d81847-328b-4600-818c-90182ddddb45

This generated password is for development use only. Your security configuration must be updated before running your application in production.

2025-09-17T19:56:10.482+07:00 DEBUG 97749 --- [           main] s.w.s.m.m.a.RequestMappingHandlerMapping : 8 mappings in 'requestMappingHandlerMapping'
2025-09-17T19:56:10.498+07:00 DEBUG 97749 --- [           main] o.s.w.s.handler.SimpleUrlHandlerMapping  : Patterns [/webjars/**, /**] in 'resourceHandlerMapping'
2025-09-17T19:56:10.511+07:00  INFO 97749 --- [           main] o.s.b.a.e.web.EndpointLinksResolver      : Exposing 1 endpoint(s) beneath base path '/actuator'
2025-09-17T19:56:10.517+07:00  INFO 97749 --- [           main] o.s.s.web.DefaultSecurityFilterChain     : Will secure any request with [org.springframework.security.web.session.DisableEncodeUrlFilter@4c7df24f, org.springframework.security.web.context.request.async.WebAsyncManagerIntegrationFilter@7b8b415c, org.springframework.security.web.context.SecurityContextHolderFilter@5ad0a9d9, org.springframework.security.web.header.HeaderWriterFilter@1cce4881, org.springframework.web.filter.CorsFilter@2bb24bfd, org.springframework.security.web.authentication.logout.LogoutFilter@796efd3a, com.concert.security.JwtAuthenticationFilter@11811a3f, org.springframework.security.web.savedrequest.RequestCacheAwareFilter@2dc166b0, org.springframework.security.web.servletapi.SecurityContextHolderAwareRequestFilter@43d62d14, org.springframework.security.web.authentication.AnonymousAuthenticationFilter@608aa474, org.springframework.security.web.session.SessionManagementFilter@56afb3e0, org.springframework.security.web.access.ExceptionTranslationFilter@6060acb1, org.springframework.security.web.access.intercept.AuthorizationFilter@3bc43dc6]
2025-09-17T19:56:10.531+07:00 DEBUG 97749 --- [           main] s.w.s.m.m.a.RequestMappingHandlerAdapter : ControllerAdvice beans: 0 @ModelAttribute, 0 @InitBinder, 1 RequestBodyAdvice, 1 ResponseBodyAdvice
2025-09-17T19:56:10.534+07:00 DEBUG 97749 --- [           main] .m.m.a.ExceptionHandlerExceptionResolver : ControllerAdvice beans: 0 @ExceptionHandler, 1 ResponseBodyAdvice
2025-09-17T19:56:10.575+07:00  INFO 97749 --- [           main] o.s.b.w.embedded.tomcat.TomcatWebServer  : Tomcat started on port 50422 (http) with context path ''
2025-09-17T19:56:10.577+07:00  INFO 97749 --- [           main] c.c.controller.UserControllerDockerTest  : Started UserControllerDockerTest in 0.311 seconds (process running for 24.062)
Hibernate: 
    select
        u1_0.user_id,
        u1_0.address,
        u1_0.city,
        u1_0.company,
        u1_0.country,
        u1_0.created_at,
        u1_0.email,
        u1_0.name,
        u1_0.password,
        u1_0.phone,
        u1_0.pincode,
        u1_0.profile_photo,
        u1_0.updated_at,
        u1_0.username,
        u1_0.website 
    from
        users u1_0
Hibernate: 
    insert 
    into
        users
        (address, city, company, country, created_at, email, name, password, phone, pincode, profile_photo, updated_at, username, website) 
    values
        (?, ?, ?, ?, ?, ?, ?, ?, ?, ?, ?, ?, ?, ?)
2025-09-17T19:56:10.615+07:00 DEBUG 97749 --- [           main] o.s.web.client.RestTemplate              : HTTP POST http://localhost:50422/api/auth/login
2025-09-17T19:56:10.616+07:00 DEBUG 97749 --- [           main] o.s.web.client.RestTemplate              : Accept=[text/plain, application/json, application/*+json, */*]
2025-09-17T19:56:10.616+07:00 DEBUG 97749 --- [           main] o.s.web.client.RestTemplate              : Writing [{"usernameOrEmail":"testuser","password":"password123"}] as "application/json"
2025-09-17T19:56:10.648+07:00  INFO 97749 --- [o-auto-2-exec-1] o.a.c.c.C.[Tomcat-1].[localhost].[/]     : Initializing Spring DispatcherServlet 'dispatcherServlet'
2025-09-17T19:56:10.648+07:00  INFO 97749 --- [o-auto-2-exec-1] o.s.web.servlet.DispatcherServlet        : Initializing Servlet 'dispatcherServlet'
2025-09-17T19:56:10.648+07:00 DEBUG 97749 --- [o-auto-2-exec-1] o.s.web.servlet.DispatcherServlet        : Detected StandardServletMultipartResolver
2025-09-17T19:56:10.648+07:00 DEBUG 97749 --- [o-auto-2-exec-1] o.s.web.servlet.DispatcherServlet        : Detected AcceptHeaderLocaleResolver
2025-09-17T19:56:10.648+07:00 DEBUG 97749 --- [o-auto-2-exec-1] o.s.web.servlet.DispatcherServlet        : Detected FixedThemeResolver
2025-09-17T19:56:10.649+07:00 DEBUG 97749 --- [o-auto-2-exec-1] o.s.web.servlet.DispatcherServlet        : Detected org.springframework.web.servlet.view.DefaultRequestToViewNameTranslator@6faea25
2025-09-17T19:56:10.649+07:00 DEBUG 97749 --- [o-auto-2-exec-1] o.s.web.servlet.DispatcherServlet        : Detected org.springframework.web.servlet.support.SessionFlashMapManager@1be421c6
2025-09-17T19:56:10.649+07:00 DEBUG 97749 --- [o-auto-2-exec-1] o.s.web.servlet.DispatcherServlet        : enableLoggingRequestDetails='false': request parameters and headers will be masked to prevent unsafe logging of potentially sensitive data
2025-09-17T19:56:10.649+07:00  INFO 97749 --- [o-auto-2-exec-1] o.s.web.servlet.DispatcherServlet        : Completed initialization in 1 ms
2025-09-17T19:56:10.650+07:00 DEBUG 97749 --- [o-auto-2-exec-1] o.s.security.web.FilterChainProxy        : Securing POST /api/auth/login
2025-09-17T19:56:10.650+07:00 DEBUG 97749 --- [o-auto-2-exec-1] o.s.s.w.a.AnonymousAuthenticationFilter  : Set SecurityContextHolder to anonymous SecurityContext
2025-09-17T19:56:10.650+07:00  WARN 97749 --- [o-auto-2-exec-1] o.s.w.s.h.HandlerMappingIntrospector     : Cache miss for REQUEST dispatch to '/api/auth/login' (previous null). Performing MatchableHandlerMapping lookup. This is logged once only at WARN level, and every time at TRACE.
2025-09-17T19:56:10.651+07:00 DEBUG 97749 --- [o-auto-2-exec-1] o.s.security.web.FilterChainProxy        : Secured POST /api/auth/login
2025-09-17T19:56:10.651+07:00 DEBUG 97749 --- [o-auto-2-exec-1] o.s.web.servlet.DispatcherServlet        : POST "/api/auth/login", parameters={}
2025-09-17T19:56:10.651+07:00 DEBUG 97749 --- [o-auto-2-exec-1] s.w.s.m.m.a.RequestMappingHandlerMapping : Mapped to com.concert.controller.AuthController#login(LoginRequest)
2025-09-17T19:56:10.653+07:00 DEBUG 97749 --- [o-auto-2-exec-1] m.m.a.RequestResponseBodyMethodProcessor : Read "application/json;charset=UTF-8" to [com.concert.dto.LoginRequest@3bf03684]
Hibernate: 
    select
        u1_0.user_id,
        u1_0.address,
        u1_0.city,
        u1_0.company,
        u1_0.country,
        u1_0.created_at,
        u1_0.email,
        u1_0.name,
        u1_0.password,
        u1_0.phone,
        u1_0.pincode,
        u1_0.profile_photo,
        u1_0.updated_at,
        u1_0.username,
        u1_0.website 
    from
        users u1_0 
    where
        u1_0.username=? 
        or u1_0.email=?
2025-09-17T19:56:10.716+07:00 DEBUG 97749 --- [o-auto-2-exec-1] o.s.w.s.m.m.a.HttpEntityMethodProcessor  : Using 'application/json', given [text/plain, application/json, application/*+json, */*] and supported [application/json, application/*+json]
2025-09-17T19:56:10.717+07:00 DEBUG 97749 --- [o-auto-2-exec-1] o.s.w.s.m.m.a.HttpEntityMethodProcessor  : Writing [com.concert.dto.AuthResponse@3b5aae21]
2025-09-17T19:56:10.718+07:00 DEBUG 97749 --- [o-auto-2-exec-1] o.s.web.servlet.DispatcherServlet        : Completed 400 BAD_REQUEST
2025-09-17T19:56:10.718+07:00 DEBUG 97749 --- [           main] o.s.web.client.RestTemplate              : Response 400 BAD_REQUEST
2025-09-17T19:56:10.719+07:00 DEBUG 97749 --- [           main] o.s.web.client.RestTemplate              : Reading to [java.lang.String] as "application/json"
Hibernate: 
    select
        count(*) 
    from
        users u1_0
Hibernate: 
    insert 
    into
        users
        (address, city, company, country, created_at, email, name, password, phone, pincode, profile_photo, updated_at, username, website) 
    values
        (?, ?, ?, ?, ?, ?, ?, ?, ?, ?, ?, ?, ?, ?)
Hibernate: 
    select
        count(*) 
    from
        users u1_0
Hibernate: 
    select
        u1_0.user_id,
        u1_0.address,
        u1_0.city,
        u1_0.company,
        u1_0.country,
        u1_0.created_at,
        u1_0.email,
        u1_0.name,
        u1_0.password,
        u1_0.phone,
        u1_0.pincode,
        u1_0.profile_photo,
        u1_0.updated_at,
        u1_0.username,
        u1_0.website 
    from
        users u1_0 
    where
        u1_0.username=?
✅ Docker persistence test passed - Data saved and retrieved from MySQL container
]]></system-out>
  </testcase>
  <testcase name="testGetAllUsers_WithDockerDatabase" classname="com.concert.controller.UserControllerDockerTest" time="0.102">
    <system-out><![CDATA[Hibernate: 
    select
        u1_0.user_id,
        u1_0.address,
        u1_0.city,
        u1_0.company,
        u1_0.country,
        u1_0.created_at,
        u1_0.email,
        u1_0.name,
        u1_0.password,
        u1_0.phone,
        u1_0.pincode,
        u1_0.profile_photo,
        u1_0.updated_at,
        u1_0.username,
        u1_0.website 
    from
        users u1_0
Hibernate: 
    delete 
    from
        users 
    where
        user_id=?
Hibernate: 
    delete 
    from
        users 
    where
        user_id=?
Hibernate: 
    insert 
    into
        users
        (address, city, company, country, created_at, email, name, password, phone, pincode, profile_photo, updated_at, username, website) 
    values
        (?, ?, ?, ?, ?, ?, ?, ?, ?, ?, ?, ?, ?, ?)
2025-09-17T19:56:10.792+07:00 DEBUG 97749 --- [           main] o.s.web.client.RestTemplate              : HTTP POST http://localhost:50422/api/auth/login
2025-09-17T19:56:10.792+07:00 DEBUG 97749 --- [           main] o.s.web.client.RestTemplate              : Accept=[text/plain, application/json, application/*+json, */*]
2025-09-17T19:56:10.792+07:00 DEBUG 97749 --- [           main] o.s.web.client.RestTemplate              : Writing [{"usernameOrEmail":"testuser","password":"password123"}] as "application/json"
2025-09-17T19:56:10.793+07:00 DEBUG 97749 --- [o-auto-2-exec-2] o.s.security.web.FilterChainProxy        : Securing POST /api/auth/login
2025-09-17T19:56:10.793+07:00 DEBUG 97749 --- [o-auto-2-exec-2] o.s.s.w.a.AnonymousAuthenticationFilter  : Set SecurityContextHolder to anonymous SecurityContext
2025-09-17T19:56:10.794+07:00 DEBUG 97749 --- [o-auto-2-exec-2] o.s.security.web.FilterChainProxy        : Secured POST /api/auth/login
2025-09-17T19:56:10.794+07:00 DEBUG 97749 --- [o-auto-2-exec-2] o.s.web.servlet.DispatcherServlet        : POST "/api/auth/login", parameters={}
2025-09-17T19:56:10.794+07:00 DEBUG 97749 --- [o-auto-2-exec-2] s.w.s.m.m.a.RequestMappingHandlerMapping : Mapped to com.concert.controller.AuthController#login(LoginRequest)
2025-09-17T19:56:10.794+07:00 DEBUG 97749 --- [o-auto-2-exec-2] m.m.a.RequestResponseBodyMethodProcessor : Read "application/json;charset=UTF-8" to [com.concert.dto.LoginRequest@688521e0]
Hibernate: 
    select
        u1_0.user_id,
        u1_0.address,
        u1_0.city,
        u1_0.company,
        u1_0.country,
        u1_0.created_at,
        u1_0.email,
        u1_0.name,
        u1_0.password,
        u1_0.phone,
        u1_0.pincode,
        u1_0.profile_photo,
        u1_0.updated_at,
        u1_0.username,
        u1_0.website 
    from
        users u1_0 
    where
        u1_0.username=? 
        or u1_0.email=?
2025-09-17T19:56:10.850+07:00 DEBUG 97749 --- [o-auto-2-exec-2] o.s.w.s.m.m.a.HttpEntityMethodProcessor  : Using 'application/json', given [text/plain, application/json, application/*+json, */*] and supported [application/json, application/*+json]
2025-09-17T19:56:10.850+07:00 DEBUG 97749 --- [o-auto-2-exec-2] o.s.w.s.m.m.a.HttpEntityMethodProcessor  : Writing [com.concert.dto.AuthResponse@79c82c62]
2025-09-17T19:56:10.851+07:00 DEBUG 97749 --- [o-auto-2-exec-2] o.s.web.servlet.DispatcherServlet        : Completed 400 BAD_REQUEST
2025-09-17T19:56:10.851+07:00 DEBUG 97749 --- [           main] o.s.web.client.RestTemplate              : Response 400 BAD_REQUEST
2025-09-17T19:56:10.851+07:00 DEBUG 97749 --- [           main] o.s.web.client.RestTemplate              : Reading to [java.lang.String] as "application/json"
Hibernate: 
    insert 
    into
        users
        (address, city, company, country, created_at, email, name, password, phone, pincode, profile_photo, updated_at, username, website) 
    values
        (?, ?, ?, ?, ?, ?, ?, ?, ?, ?, ?, ?, ?, ?)
Hibernate: 
    insert 
    into
        users
        (address, city, company, country, created_at, email, name, password, phone, pincode, profile_photo, updated_at, username, website) 
    values
        (?, ?, ?, ?, ?, ?, ?, ?, ?, ?, ?, ?, ?, ?)
2025-09-17T19:56:10.863+07:00 DEBUG 97749 --- [           main] o.s.web.client.RestTemplate              : HTTP GET http://localhost:50422/api/users
2025-09-17T19:56:10.863+07:00 DEBUG 97749 --- [           main] o.s.web.client.RestTemplate              : Accept=[text/plain, application/json, application/*+json, */*]
2025-09-17T19:56:10.864+07:00 DEBUG 97749 --- [o-auto-2-exec-3] o.s.security.web.FilterChainProxy        : Securing GET /api/users
2025-09-17T19:56:10.864+07:00 DEBUG 97749 --- [o-auto-2-exec-3] o.s.s.w.a.AnonymousAuthenticationFilter  : Set SecurityContextHolder to anonymous SecurityContext
2025-09-17T19:56:10.866+07:00 DEBUG 97749 --- [o-auto-2-exec-3] o.s.s.w.a.Http403ForbiddenEntryPoint     : Pre-authenticated entry point called. Rejecting access
2025-09-17T19:56:10.868+07:00 DEBUG 97749 --- [o-auto-2-exec-3] o.s.security.web.FilterChainProxy        : Securing GET /error
2025-09-17T19:56:10.869+07:00 DEBUG 97749 --- [o-auto-2-exec-3] o.s.security.web.FilterChainProxy        : Secured GET /error
2025-09-17T19:56:10.869+07:00 DEBUG 97749 --- [o-auto-2-exec-3] o.s.web.servlet.DispatcherServlet        : "ERROR" dispatch for GET "/error", parameters={}
2025-09-17T19:56:10.869+07:00 DEBUG 97749 --- [o-auto-2-exec-3] s.w.s.m.m.a.RequestMappingHandlerMapping : Mapped to org.springframework.boot.autoconfigure.web.servlet.error.BasicErrorController#error(HttpServletRequest)
2025-09-17T19:56:10.871+07:00 DEBUG 97749 --- [o-auto-2-exec-3] o.s.w.s.m.m.a.HttpEntityMethodProcessor  : Using 'application/json', given [text/plain, application/json, application/*+json, */*] and supported [application/json, application/*+json]
2025-09-17T19:56:10.871+07:00 DEBUG 97749 --- [o-auto-2-exec-3] o.s.w.s.m.m.a.HttpEntityMethodProcessor  : Writing [{timestamp=Wed Sep 17 19:56:10 ICT 2025, status=403, error=Forbidden, path=/api/users}]
2025-09-17T19:56:10.872+07:00 DEBUG 97749 --- [           main] o.s.web.client.RestTemplate              : Response 403 FORBIDDEN
2025-09-17T19:56:10.872+07:00 DEBUG 97749 --- [           main] o.s.web.client.RestTemplate              : Reading to [java.lang.String] as "application/json"
2025-09-17T19:56:10.873+07:00 DEBUG 97749 --- [o-auto-2-exec-3] o.s.web.servlet.DispatcherServlet        : Exiting from "ERROR" dispatch, status 403
2025-09-17T19:56:10.873+07:00 DEBUG 97749 --- [o-auto-2-exec-3] o.s.s.w.a.AnonymousAuthenticationFilter  : Set SecurityContextHolder to anonymous SecurityContext
✅ Docker test passed - Unauthorized access properly blocked
]]></system-out>
  </testcase>
  <testcase name="testGetUserById_WithDockerDatabase" classname="com.concert.controller.UserControllerDockerTest" time="0.084">
    <system-out><![CDATA[Hibernate: 
    select
        u1_0.user_id,
        u1_0.address,
        u1_0.city,
        u1_0.company,
        u1_0.country,
        u1_0.created_at,
        u1_0.email,
        u1_0.name,
        u1_0.password,
        u1_0.phone,
        u1_0.pincode,
        u1_0.profile_photo,
        u1_0.updated_at,
        u1_0.username,
        u1_0.website 
    from
        users u1_0
Hibernate: 
    delete 
    from
        users 
    where
        user_id=?
Hibernate: 
    delete 
    from
        users 
    where
        user_id=?
Hibernate: 
    delete 
    from
        users 
    where
        user_id=?
Hibernate: 
    insert 
    into
        users
        (address, city, company, country, created_at, email, name, password, phone, pincode, profile_photo, updated_at, username, website) 
    values
        (?, ?, ?, ?, ?, ?, ?, ?, ?, ?, ?, ?, ?, ?)
2025-09-17T19:56:10.885+07:00 DEBUG 97749 --- [           main] o.s.web.client.RestTemplate              : HTTP POST http://localhost:50422/api/auth/login
2025-09-17T19:56:10.885+07:00 DEBUG 97749 --- [           main] o.s.web.client.RestTemplate              : Accept=[text/plain, application/json, application/*+json, */*]
2025-09-17T19:56:10.885+07:00 DEBUG 97749 --- [           main] o.s.web.client.RestTemplate              : Writing [{"usernameOrEmail":"testuser","password":"password123"}] as "application/json"
2025-09-17T19:56:10.887+07:00 DEBUG 97749 --- [o-auto-2-exec-4] o.s.security.web.FilterChainProxy        : Securing POST /api/auth/login
2025-09-17T19:56:10.888+07:00 DEBUG 97749 --- [o-auto-2-exec-4] o.s.s.w.a.AnonymousAuthenticationFilter  : Set SecurityContextHolder to anonymous SecurityContext
2025-09-17T19:56:10.888+07:00 DEBUG 97749 --- [o-auto-2-exec-4] o.s.security.web.FilterChainProxy        : Secured POST /api/auth/login
2025-09-17T19:56:10.888+07:00 DEBUG 97749 --- [o-auto-2-exec-4] o.s.web.servlet.DispatcherServlet        : POST "/api/auth/login", parameters={}
2025-09-17T19:56:10.888+07:00 DEBUG 97749 --- [o-auto-2-exec-4] s.w.s.m.m.a.RequestMappingHandlerMapping : Mapped to com.concert.controller.AuthController#login(LoginRequest)
2025-09-17T19:56:10.888+07:00 DEBUG 97749 --- [o-auto-2-exec-4] m.m.a.RequestResponseBodyMethodProcessor : Read "application/json;charset=UTF-8" to [com.concert.dto.LoginRequest@514e09a1]
Hibernate: 
    select
        u1_0.user_id,
        u1_0.address,
        u1_0.city,
        u1_0.company,
        u1_0.country,
        u1_0.created_at,
        u1_0.email,
        u1_0.name,
        u1_0.password,
        u1_0.phone,
        u1_0.pincode,
        u1_0.profile_photo,
        u1_0.updated_at,
        u1_0.username,
        u1_0.website 
    from
        users u1_0 
    where
        u1_0.username=? 
        or u1_0.email=?
2025-09-17T19:56:10.944+07:00 DEBUG 97749 --- [o-auto-2-exec-4] o.s.w.s.m.m.a.HttpEntityMethodProcessor  : Using 'application/json', given [text/plain, application/json, application/*+json, */*] and supported [application/json, application/*+json]
2025-09-17T19:56:10.944+07:00 DEBUG 97749 --- [o-auto-2-exec-4] o.s.w.s.m.m.a.HttpEntityMethodProcessor  : Writing [com.concert.dto.AuthResponse@3c508228]
2025-09-17T19:56:10.944+07:00 DEBUG 97749 --- [o-auto-2-exec-4] o.s.web.servlet.DispatcherServlet        : Completed 400 BAD_REQUEST
2025-09-17T19:56:10.944+07:00 DEBUG 97749 --- [           main] o.s.web.client.RestTemplate              : Response 400 BAD_REQUEST
2025-09-17T19:56:10.945+07:00 DEBUG 97749 --- [           main] o.s.web.client.RestTemplate              : Reading to [java.lang.String] as "application/json"
Hibernate: 
    insert 
    into
        users
        (address, city, company, country, created_at, email, name, password, phone, pincode, profile_photo, updated_at, username, website) 
    values
        (?, ?, ?, ?, ?, ?, ?, ?, ?, ?, ?, ?, ?, ?)
2025-09-17T19:56:10.953+07:00 DEBUG 97749 --- [           main] o.s.web.client.RestTemplate              : HTTP GET http://localhost:50422/api/users/7
2025-09-17T19:56:10.954+07:00 DEBUG 97749 --- [           main] o.s.web.client.RestTemplate              : Accept=[text/plain, application/json, application/*+json, */*]
2025-09-17T19:56:10.954+07:00 DEBUG 97749 --- [o-auto-2-exec-5] o.s.security.web.FilterChainProxy        : Securing GET /api/users/7
2025-09-17T19:56:10.954+07:00 DEBUG 97749 --- [o-auto-2-exec-5] o.s.s.w.a.AnonymousAuthenticationFilter  : Set SecurityContextHolder to anonymous SecurityContext
2025-09-17T19:56:10.955+07:00 DEBUG 97749 --- [o-auto-2-exec-5] o.s.s.w.a.Http403ForbiddenEntryPoint     : Pre-authenticated entry point called. Rejecting access
2025-09-17T19:56:10.955+07:00 DEBUG 97749 --- [o-auto-2-exec-5] o.s.security.web.FilterChainProxy        : Securing GET /error
2025-09-17T19:56:10.956+07:00 DEBUG 97749 --- [o-auto-2-exec-5] o.s.security.web.FilterChainProxy        : Secured GET /error
2025-09-17T19:56:10.956+07:00 DEBUG 97749 --- [o-auto-2-exec-5] o.s.web.servlet.DispatcherServlet        : "ERROR" dispatch for GET "/error", parameters={}
2025-09-17T19:56:10.956+07:00 DEBUG 97749 --- [o-auto-2-exec-5] s.w.s.m.m.a.RequestMappingHandlerMapping : Mapped to org.springframework.boot.autoconfigure.web.servlet.error.BasicErrorController#error(HttpServletRequest)
2025-09-17T19:56:10.957+07:00 DEBUG 97749 --- [o-auto-2-exec-5] o.s.w.s.m.m.a.HttpEntityMethodProcessor  : Using 'application/json', given [text/plain, application/json, application/*+json, */*] and supported [application/json, application/*+json]
2025-09-17T19:56:10.957+07:00 DEBUG 97749 --- [o-auto-2-exec-5] o.s.w.s.m.m.a.HttpEntityMethodProcessor  : Writing [{timestamp=Wed Sep 17 19:56:10 ICT 2025, status=403, error=Forbidden, path=/api/users/7}]
2025-09-17T19:56:10.957+07:00 DEBUG 97749 --- [o-auto-2-exec-5] o.s.web.servlet.DispatcherServlet        : Exiting from "ERROR" dispatch, status 403
2025-09-17T19:56:10.957+07:00 DEBUG 97749 --- [o-auto-2-exec-5] o.s.s.w.a.AnonymousAuthenticationFilter  : Set SecurityContextHolder to anonymous SecurityContext
2025-09-17T19:56:10.957+07:00 DEBUG 97749 --- [           main] o.s.web.client.RestTemplate              : Response 403 FORBIDDEN
2025-09-17T19:56:10.957+07:00 DEBUG 97749 --- [           main] o.s.web.client.RestTemplate              : Reading to [java.lang.String] as "application/json"
✅ Docker test passed - Unauthorized access properly blocked
]]></system-out>
  </testcase>
  <testcase name="testDockerDatabaseConnection" classname="com.concert.controller.UserControllerDockerTest" time="0.087">
    <system-out><![CDATA[Hibernate: 
    select
        u1_0.user_id,
        u1_0.address,
        u1_0.city,
        u1_0.company,
        u1_0.country,
        u1_0.created_at,
        u1_0.email,
        u1_0.name,
        u1_0.password,
        u1_0.phone,
        u1_0.pincode,
        u1_0.profile_photo,
        u1_0.updated_at,
        u1_0.username,
        u1_0.website 
    from
        users u1_0
Hibernate: 
    delete 
    from
        users 
    where
        user_id=?
Hibernate: 
    delete 
    from
        users 
    where
        user_id=?
Hibernate: 
    insert 
    into
        users
        (address, city, company, country, created_at, email, name, password, phone, pincode, profile_photo, updated_at, username, website) 
    values
        (?, ?, ?, ?, ?, ?, ?, ?, ?, ?, ?, ?, ?, ?)
2025-09-17T19:56:10.969+07:00 DEBUG 97749 --- [           main] o.s.web.client.RestTemplate              : HTTP POST http://localhost:50422/api/auth/login
2025-09-17T19:56:10.970+07:00 DEBUG 97749 --- [           main] o.s.web.client.RestTemplate              : Accept=[text/plain, application/json, application/*+json, */*]
2025-09-17T19:56:10.970+07:00 DEBUG 97749 --- [           main] o.s.web.client.RestTemplate              : Writing [{"usernameOrEmail":"testuser","password":"password123"}] as "application/json"
2025-09-17T19:56:10.971+07:00 DEBUG 97749 --- [o-auto-2-exec-6] o.s.security.web.FilterChainProxy        : Securing POST /api/auth/login
2025-09-17T19:56:10.972+07:00 DEBUG 97749 --- [o-auto-2-exec-6] o.s.s.w.a.AnonymousAuthenticationFilter  : Set SecurityContextHolder to anonymous SecurityContext
2025-09-17T19:56:10.972+07:00 DEBUG 97749 --- [o-auto-2-exec-6] o.s.security.web.FilterChainProxy        : Secured POST /api/auth/login
2025-09-17T19:56:10.972+07:00 DEBUG 97749 --- [o-auto-2-exec-6] o.s.web.servlet.DispatcherServlet        : POST "/api/auth/login", parameters={}
2025-09-17T19:56:10.972+07:00 DEBUG 97749 --- [o-auto-2-exec-6] s.w.s.m.m.a.RequestMappingHandlerMapping : Mapped to com.concert.controller.AuthController#login(LoginRequest)
2025-09-17T19:56:10.972+07:00 DEBUG 97749 --- [o-auto-2-exec-6] m.m.a.RequestResponseBodyMethodProcessor : Read "application/json;charset=UTF-8" to [com.concert.dto.LoginRequest@303e92c2]
Hibernate: 
    select
        u1_0.user_id,
        u1_0.address,
        u1_0.city,
        u1_0.company,
        u1_0.country,
        u1_0.created_at,
        u1_0.email,
        u1_0.name,
        u1_0.password,
        u1_0.phone,
        u1_0.pincode,
        u1_0.profile_photo,
        u1_0.updated_at,
        u1_0.username,
        u1_0.website 
    from
        users u1_0 
    where
        u1_0.username=? 
        or u1_0.email=?
2025-09-17T19:56:11.028+07:00 DEBUG 97749 --- [o-auto-2-exec-6] o.s.w.s.m.m.a.HttpEntityMethodProcessor  : Using 'application/json', given [text/plain, application/json, application/*+json, */*] and supported [application/json, application/*+json]
2025-09-17T19:56:11.028+07:00 DEBUG 97749 --- [o-auto-2-exec-6] o.s.w.s.m.m.a.HttpEntityMethodProcessor  : Writing [com.concert.dto.AuthResponse@68d1411b]
2025-09-17T19:56:11.029+07:00 DEBUG 97749 --- [           main] o.s.web.client.RestTemplate              : Response 400 BAD_REQUEST
2025-09-17T19:56:11.029+07:00 DEBUG 97749 --- [o-auto-2-exec-6] o.s.web.servlet.DispatcherServlet        : Completed 400 BAD_REQUEST
2025-09-17T19:56:11.029+07:00 DEBUG 97749 --- [           main] o.s.web.client.RestTemplate              : Reading to [java.lang.String] as "application/json"
Hibernate: 
    select
        count(*) 
    from
        users u1_0
✅ Docker database connection test passed
   - MySQL container is running: true
   - Database name: testdb
   - JDBC URL: jdbc:mysql://localhost:50369/testdb
   - User count in database: 1
]]></system-out>
  </testcase>
</testsuite>